-- Found ament_cmake: 2.5.3 (/opt/ros/jazzy/share/ament_cmake/cmake)
-- Override CMake install command with custom implementation using symlinks instead of copying resources
-- Found ament_lint_auto: 0.17.2 (/opt/ros/jazzy/share/ament_lint_auto/cmake)
-- Added test 'flake8' to check Python code syntax and style conventions
-- Configured 'flake8' exclude dirs and/or files: 
-- Added test 'lint_cmake' to check CMake code style
-- Added test 'pep257' to check Python code against some of the docstring style conventions in PEP 257
-- Added test 'xmllint' to check XML markup files
-- Configuring done (0.2s)
-- Generating done (0.0s)
-- Build files have been written to: /media/david-linux-arm/linux/ros2_ws/build/easyrobot_bringup
-- Install configuration: ""
-- Execute custom install script
-- Symlinking: /media/david-linux-arm/linux/ros2_ws/install/easyrobot_bringup/share/easyrobot_bringup//launch/run.launch.py
-- Symlinking: /media/david-linux-arm/linux/ros2_ws/install/easyrobot_bringup/share/easyrobot_bringup//launch/run_effort.launch.py
-- Symlinking: /media/david-linux-arm/linux/ros2_ws/install/easyrobot_bringup/share/easyrobot_bringup//config/temp.config
-- Symlinking: /media/david-linux-arm/linux/ros2_ws/install/easyrobot_bringup/share/ament_index/resource_index/package_run_dependencies/easyrobot_bringup
-- Symlinking: /media/david-linux-arm/linux/ros2_ws/install/easyrobot_bringup/share/ament_index/resource_index/parent_prefix_path/easyrobot_bringup
-- Symlinking: /media/david-linux-arm/linux/ros2_ws/install/easyrobot_bringup/share/easyrobot_bringup/environment/ament_prefix_path.sh
-- Symlinking: /media/david-linux-arm/linux/ros2_ws/install/easyrobot_bringup/share/easyrobot_bringup/environment/ament_prefix_path.dsv
-- Symlinking: /media/david-linux-arm/linux/ros2_ws/install/easyrobot_bringup/share/easyrobot_bringup/environment/path.sh
-- Symlinking: /media/david-linux-arm/linux/ros2_ws/install/easyrobot_bringup/share/easyrobot_bringup/environment/path.dsv
-- Symlinking: /media/david-linux-arm/linux/ros2_ws/install/easyrobot_bringup/share/easyrobot_bringup/local_setup.bash
-- Symlinking: /media/david-linux-arm/linux/ros2_ws/install/easyrobot_bringup/share/easyrobot_bringup/local_setup.sh
-- Symlinking: /media/david-linux-arm/linux/ros2_ws/install/easyrobot_bringup/share/easyrobot_bringup/local_setup.zsh
-- Symlinking: /media/david-linux-arm/linux/ros2_ws/install/easyrobot_bringup/share/easyrobot_bringup/local_setup.dsv
-- Symlinking: /media/david-linux-arm/linux/ros2_ws/install/easyrobot_bringup/share/easyrobot_bringup/package.dsv
-- Symlinking: /media/david-linux-arm/linux/ros2_ws/install/easyrobot_bringup/share/ament_index/resource_index/packages/easyrobot_bringup
-- Symlinking: /media/david-linux-arm/linux/ros2_ws/install/easyrobot_bringup/share/easyrobot_bringup/cmake/easyrobot_bringupConfig.cmake
-- Symlinking: /media/david-linux-arm/linux/ros2_ws/install/easyrobot_bringup/share/easyrobot_bringup/cmake/easyrobot_bringupConfig-version.cmake
-- Symlinking: /media/david-linux-arm/linux/ros2_ws/install/easyrobot_bringup/share/easyrobot_bringup/package.xml
