[0.048s] DEBUG:colcon:Command line arguments: ['/usr/bin/colcon', 'build']
[0.048s] DEBUG:colcon:Parsed command line arguments: Namespace(log_base=None, log_level=None, verb_name='build', build_base='build', install_base='install', merge_install=False, symlink_install=False, test_result_base=None, continue_on_error=False, executor='parallel', parallel_workers=8, event_handlers=None, ignore_user_meta=False, metas=['./colcon.meta'], base_paths=['.'], packages_ignore=None, packages_ignore_regex=None, paths=None, packages_up_to=None, packages_up_to_regex=None, packages_above=None, packages_above_and_dependencies=None, packages_above_depth=None, packages_select_by_dep=None, packages_skip_by_dep=None, packages_skip_up_to=None, packages_select_build_failed=False, packages_skip_build_finished=False, packages_select_test_failures=False, packages_skip_test_passed=False, packages_select=None, packages_skip=None, packages_select_regex=None, packages_skip_regex=None, packages_start=None, packages_end=None, allow_overriding=[], cmake_args=None, cmake_target=None, cmake_target_skip_unavailable=False, cmake_clean_cache=False, cmake_clean_first=False, cmake_force_configure=False, ament_cmake_args=None, catkin_cmake_args=None, catkin_skip_building_tests=False, mixin_files=None, mixin=None, verb_parser=<colcon_mixin.mixin.mixin_argument.MixinArgumentDecorator object at 0xffff9c6a1430>, verb_extension=<colcon_core.verb.build.BuildVerb object at 0xffff9c6232f0>, main=<bound method BuildVerb.main of <colcon_core.verb.build.BuildVerb object at 0xffff9c6232f0>>, mixin_verb=('build',))
[0.066s] Level 1:colcon.colcon_core.package_discovery:discover_packages(colcon_meta) check parameters
[0.066s] Level 1:colcon.colcon_core.package_discovery:discover_packages(recursive) check parameters
[0.066s] Level 1:colcon.colcon_core.package_discovery:discover_packages(ignore) check parameters
[0.066s] Level 1:colcon.colcon_core.package_discovery:discover_packages(path) check parameters
[0.066s] Level 1:colcon.colcon_core.package_discovery:discover_packages(colcon_meta) discover
[0.066s] Level 1:colcon.colcon_core.package_discovery:discover_packages(recursive) discover
[0.066s] INFO:colcon.colcon_core.package_discovery:Crawling recursively for packages in '/media/david-linux-arm/linux/ros2_ws'
[0.066s] Level 1:colcon.colcon_core.package_identification:_identify(.) by extensions ['ignore', 'ignore_ament_install']
[0.066s] Level 1:colcon.colcon_core.package_identification:_identify(.) by extension 'ignore'
[0.066s] Level 1:colcon.colcon_core.package_identification:_identify(.) by extension 'ignore_ament_install'
[0.066s] Level 1:colcon.colcon_core.package_identification:_identify(.) by extensions ['colcon_pkg']
[0.066s] Level 1:colcon.colcon_core.package_identification:_identify(.) by extension 'colcon_pkg'
[0.066s] Level 1:colcon.colcon_core.package_identification:_identify(.) by extensions ['colcon_meta']
[0.066s] Level 1:colcon.colcon_core.package_identification:_identify(.) by extension 'colcon_meta'
[0.066s] Level 1:colcon.colcon_core.package_identification:_identify(.) by extensions ['ros']
[0.066s] Level 1:colcon.colcon_core.package_identification:_identify(.) by extension 'ros'
[0.079s] Level 1:colcon.colcon_core.package_identification:_identify(.) by extensions ['cmake', 'python']
[0.079s] Level 1:colcon.colcon_core.package_identification:_identify(.) by extension 'cmake'
[0.079s] Level 1:colcon.colcon_core.package_identification:_identify(.) by extension 'python'
[0.079s] Level 1:colcon.colcon_core.package_identification:_identify(.) by extensions ['python_setup_py']
[0.079s] Level 1:colcon.colcon_core.package_identification:_identify(.) by extension 'python_setup_py'
[0.079s] Level 1:colcon.colcon_core.package_identification:_identify(build) by extensions ['ignore', 'ignore_ament_install']
[0.079s] Level 1:colcon.colcon_core.package_identification:_identify(build) by extension 'ignore'
[0.079s] Level 1:colcon.colcon_core.package_identification:_identify(build) ignored
[0.079s] Level 1:colcon.colcon_core.package_identification:_identify(install) by extensions ['ignore', 'ignore_ament_install']
[0.079s] Level 1:colcon.colcon_core.package_identification:_identify(install) by extension 'ignore'
[0.079s] Level 1:colcon.colcon_core.package_identification:_identify(install) ignored
[0.079s] Level 1:colcon.colcon_core.package_identification:_identify(log) by extensions ['ignore', 'ignore_ament_install']
[0.079s] Level 1:colcon.colcon_core.package_identification:_identify(log) by extension 'ignore'
[0.079s] Level 1:colcon.colcon_core.package_identification:_identify(log) ignored
[0.079s] Level 1:colcon.colcon_core.package_identification:_identify(src) by extensions ['ignore', 'ignore_ament_install']
[0.079s] Level 1:colcon.colcon_core.package_identification:_identify(src) by extension 'ignore'
[0.079s] Level 1:colcon.colcon_core.package_identification:_identify(src) by extension 'ignore_ament_install'
[0.079s] Level 1:colcon.colcon_core.package_identification:_identify(src) by extensions ['colcon_pkg']
[0.079s] Level 1:colcon.colcon_core.package_identification:_identify(src) by extension 'colcon_pkg'
[0.079s] Level 1:colcon.colcon_core.package_identification:_identify(src) by extensions ['colcon_meta']
[0.079s] Level 1:colcon.colcon_core.package_identification:_identify(src) by extension 'colcon_meta'
[0.079s] Level 1:colcon.colcon_core.package_identification:_identify(src) by extensions ['ros']
[0.079s] Level 1:colcon.colcon_core.package_identification:_identify(src) by extension 'ros'
[0.079s] Level 1:colcon.colcon_core.package_identification:_identify(src) by extensions ['cmake', 'python']
[0.080s] Level 1:colcon.colcon_core.package_identification:_identify(src) by extension 'cmake'
[0.080s] Level 1:colcon.colcon_core.package_identification:_identify(src) by extension 'python'
[0.080s] Level 1:colcon.colcon_core.package_identification:_identify(src) by extensions ['python_setup_py']
[0.080s] Level 1:colcon.colcon_core.package_identification:_identify(src) by extension 'python_setup_py'
[0.080s] Level 1:colcon.colcon_core.package_identification:_identify(src/robotcatch_perception) by extensions ['ignore', 'ignore_ament_install']
[0.080s] Level 1:colcon.colcon_core.package_identification:_identify(src/robotcatch_perception) by extension 'ignore'
[0.080s] Level 1:colcon.colcon_core.package_identification:_identify(src/robotcatch_perception) by extension 'ignore_ament_install'
[0.080s] Level 1:colcon.colcon_core.package_identification:_identify(src/robotcatch_perception) by extensions ['colcon_pkg']
[0.080s] Level 1:colcon.colcon_core.package_identification:_identify(src/robotcatch_perception) by extension 'colcon_pkg'
[0.080s] Level 1:colcon.colcon_core.package_identification:_identify(src/robotcatch_perception) by extensions ['colcon_meta']
[0.080s] Level 1:colcon.colcon_core.package_identification:_identify(src/robotcatch_perception) by extension 'colcon_meta'
[0.080s] Level 1:colcon.colcon_core.package_identification:_identify(src/robotcatch_perception) by extensions ['ros']
[0.080s] Level 1:colcon.colcon_core.package_identification:_identify(src/robotcatch_perception) by extension 'ros'
[0.081s] DEBUG:colcon.colcon_core.package_identification:Package 'src/robotcatch_perception' with type 'ros.ament_python' and name 'robotcatch_perception'
[0.081s] Level 1:colcon.colcon_core.package_identification:_identify(src/robotcatch_policy) by extensions ['ignore', 'ignore_ament_install']
[0.081s] Level 1:colcon.colcon_core.package_identification:_identify(src/robotcatch_policy) by extension 'ignore'
[0.081s] Level 1:colcon.colcon_core.package_identification:_identify(src/robotcatch_policy) by extension 'ignore_ament_install'
[0.081s] Level 1:colcon.colcon_core.package_identification:_identify(src/robotcatch_policy) by extensions ['colcon_pkg']
[0.081s] Level 1:colcon.colcon_core.package_identification:_identify(src/robotcatch_policy) by extension 'colcon_pkg'
[0.081s] Level 1:colcon.colcon_core.package_identification:_identify(src/robotcatch_policy) by extensions ['colcon_meta']
[0.081s] Level 1:colcon.colcon_core.package_identification:_identify(src/robotcatch_policy) by extension 'colcon_meta'
[0.081s] Level 1:colcon.colcon_core.package_identification:_identify(src/robotcatch_policy) by extensions ['ros']
[0.081s] Level 1:colcon.colcon_core.package_identification:_identify(src/robotcatch_policy) by extension 'ros'
[0.081s] DEBUG:colcon.colcon_core.package_identification:Package 'src/robotcatch_policy' with type 'ros.ament_python' and name 'robotcatch_policy'
[0.081s] Level 1:colcon.colcon_core.package_identification:_identify(src/robotcatch_robotinterface) by extensions ['ignore', 'ignore_ament_install']
[0.081s] Level 1:colcon.colcon_core.package_identification:_identify(src/robotcatch_robotinterface) by extension 'ignore'
[0.081s] Level 1:colcon.colcon_core.package_identification:_identify(src/robotcatch_robotinterface) by extension 'ignore_ament_install'
[0.081s] Level 1:colcon.colcon_core.package_identification:_identify(src/robotcatch_robotinterface) by extensions ['colcon_pkg']
[0.081s] Level 1:colcon.colcon_core.package_identification:_identify(src/robotcatch_robotinterface) by extension 'colcon_pkg'
[0.081s] Level 1:colcon.colcon_core.package_identification:_identify(src/robotcatch_robotinterface) by extensions ['colcon_meta']
[0.081s] Level 1:colcon.colcon_core.package_identification:_identify(src/robotcatch_robotinterface) by extension 'colcon_meta'
[0.081s] Level 1:colcon.colcon_core.package_identification:_identify(src/robotcatch_robotinterface) by extensions ['ros']
[0.081s] Level 1:colcon.colcon_core.package_identification:_identify(src/robotcatch_robotinterface) by extension 'ros'
[0.082s] DEBUG:colcon.colcon_core.package_identification:Package 'src/robotcatch_robotinterface' with type 'ros.ament_python' and name 'robotcatch_robotinterface'
[0.082s] Level 1:colcon.colcon_core.package_discovery:discover_packages(recursive) using defaults
[0.082s] Level 1:colcon.colcon_core.package_discovery:discover_packages(ignore) discover
[0.082s] Level 1:colcon.colcon_core.package_discovery:discover_packages(ignore) using defaults
[0.082s] Level 1:colcon.colcon_core.package_discovery:discover_packages(path) discover
[0.082s] Level 1:colcon.colcon_core.package_discovery:discover_packages(path) using defaults
[0.090s] Level 1:colcon.colcon_core.package_discovery:discover_packages(prefix_path) check parameters
[0.090s] Level 1:colcon.colcon_core.package_discovery:discover_packages(prefix_path) discover
[0.091s] DEBUG:colcon.colcon_installed_package_information.package_discovery:Found 6 installed packages in /media/david-linux-arm/linux/ros2_ws/install
[0.092s] DEBUG:colcon.colcon_installed_package_information.package_discovery:Found 375 installed packages in /opt/ros/jazzy
[0.092s] Level 1:colcon.colcon_core.package_discovery:discover_packages(prefix_path) using defaults
[0.117s] Level 5:colcon.colcon_core.verb:set package 'robotcatch_perception' build argument 'cmake_args' from command line to 'None'
[0.117s] Level 5:colcon.colcon_core.verb:set package 'robotcatch_perception' build argument 'cmake_target' from command line to 'None'
[0.117s] Level 5:colcon.colcon_core.verb:set package 'robotcatch_perception' build argument 'cmake_target_skip_unavailable' from command line to 'False'
[0.117s] Level 5:colcon.colcon_core.verb:set package 'robotcatch_perception' build argument 'cmake_clean_cache' from command line to 'False'
[0.117s] Level 5:colcon.colcon_core.verb:set package 'robotcatch_perception' build argument 'cmake_clean_first' from command line to 'False'
[0.117s] Level 5:colcon.colcon_core.verb:set package 'robotcatch_perception' build argument 'cmake_force_configure' from command line to 'False'
[0.117s] Level 5:colcon.colcon_core.verb:set package 'robotcatch_perception' build argument 'ament_cmake_args' from command line to 'None'
[0.117s] Level 5:colcon.colcon_core.verb:set package 'robotcatch_perception' build argument 'catkin_cmake_args' from command line to 'None'
[0.117s] Level 5:colcon.colcon_core.verb:set package 'robotcatch_perception' build argument 'catkin_skip_building_tests' from command line to 'False'
[0.117s] DEBUG:colcon.colcon_core.verb:Building package 'robotcatch_perception' with the following arguments: {'ament_cmake_args': None, 'build_base': '/media/david-linux-arm/linux/ros2_ws/build/robotcatch_perception', 'catkin_cmake_args': None, 'catkin_skip_building_tests': False, 'cmake_args': None, 'cmake_clean_cache': False, 'cmake_clean_first': False, 'cmake_force_configure': False, 'cmake_target': None, 'cmake_target_skip_unavailable': False, 'install_base': '/media/david-linux-arm/linux/ros2_ws/install/robotcatch_perception', 'merge_install': False, 'path': '/media/david-linux-arm/linux/ros2_ws/src/robotcatch_perception', 'symlink_install': False, 'test_result_base': None}
[0.117s] Level 5:colcon.colcon_core.verb:set package 'robotcatch_policy' build argument 'cmake_args' from command line to 'None'
[0.117s] Level 5:colcon.colcon_core.verb:set package 'robotcatch_policy' build argument 'cmake_target' from command line to 'None'
[0.117s] Level 5:colcon.colcon_core.verb:set package 'robotcatch_policy' build argument 'cmake_target_skip_unavailable' from command line to 'False'
[0.117s] Level 5:colcon.colcon_core.verb:set package 'robotcatch_policy' build argument 'cmake_clean_cache' from command line to 'False'
[0.117s] Level 5:colcon.colcon_core.verb:set package 'robotcatch_policy' build argument 'cmake_clean_first' from command line to 'False'
[0.117s] Level 5:colcon.colcon_core.verb:set package 'robotcatch_policy' build argument 'cmake_force_configure' from command line to 'False'
[0.117s] Level 5:colcon.colcon_core.verb:set package 'robotcatch_policy' build argument 'ament_cmake_args' from command line to 'None'
[0.117s] Level 5:colcon.colcon_core.verb:set package 'robotcatch_policy' build argument 'catkin_cmake_args' from command line to 'None'
[0.117s] Level 5:colcon.colcon_core.verb:set package 'robotcatch_policy' build argument 'catkin_skip_building_tests' from command line to 'False'
[0.117s] DEBUG:colcon.colcon_core.verb:Building package 'robotcatch_policy' with the following arguments: {'ament_cmake_args': None, 'build_base': '/media/david-linux-arm/linux/ros2_ws/build/robotcatch_policy', 'catkin_cmake_args': None, 'catkin_skip_building_tests': False, 'cmake_args': None, 'cmake_clean_cache': False, 'cmake_clean_first': False, 'cmake_force_configure': False, 'cmake_target': None, 'cmake_target_skip_unavailable': False, 'install_base': '/media/david-linux-arm/linux/ros2_ws/install/robotcatch_policy', 'merge_install': False, 'path': '/media/david-linux-arm/linux/ros2_ws/src/robotcatch_policy', 'symlink_install': False, 'test_result_base': None}
[0.117s] Level 5:colcon.colcon_core.verb:set package 'robotcatch_robotinterface' build argument 'cmake_args' from command line to 'None'
[0.117s] Level 5:colcon.colcon_core.verb:set package 'robotcatch_robotinterface' build argument 'cmake_target' from command line to 'None'
[0.117s] Level 5:colcon.colcon_core.verb:set package 'robotcatch_robotinterface' build argument 'cmake_target_skip_unavailable' from command line to 'False'
[0.117s] Level 5:colcon.colcon_core.verb:set package 'robotcatch_robotinterface' build argument 'cmake_clean_cache' from command line to 'False'
[0.117s] Level 5:colcon.colcon_core.verb:set package 'robotcatch_robotinterface' build argument 'cmake_clean_first' from command line to 'False'
[0.117s] Level 5:colcon.colcon_core.verb:set package 'robotcatch_robotinterface' build argument 'cmake_force_configure' from command line to 'False'
[0.117s] Level 5:colcon.colcon_core.verb:set package 'robotcatch_robotinterface' build argument 'ament_cmake_args' from command line to 'None'
[0.117s] Level 5:colcon.colcon_core.verb:set package 'robotcatch_robotinterface' build argument 'catkin_cmake_args' from command line to 'None'
[0.117s] Level 5:colcon.colcon_core.verb:set package 'robotcatch_robotinterface' build argument 'catkin_skip_building_tests' from command line to 'False'
[0.117s] DEBUG:colcon.colcon_core.verb:Building package 'robotcatch_robotinterface' with the following arguments: {'ament_cmake_args': None, 'build_base': '/media/david-linux-arm/linux/ros2_ws/build/robotcatch_robotinterface', 'catkin_cmake_args': None, 'catkin_skip_building_tests': False, 'cmake_args': None, 'cmake_clean_cache': False, 'cmake_clean_first': False, 'cmake_force_configure': False, 'cmake_target': None, 'cmake_target_skip_unavailable': False, 'install_base': '/media/david-linux-arm/linux/ros2_ws/install/robotcatch_robotinterface', 'merge_install': False, 'path': '/media/david-linux-arm/linux/ros2_ws/src/robotcatch_robotinterface', 'symlink_install': False, 'test_result_base': None}
[0.117s] INFO:colcon.colcon_core.executor:Executing jobs using 'parallel' executor
[0.118s] DEBUG:colcon.colcon_parallel_executor.executor.parallel:run_until_complete
[0.118s] INFO:colcon.colcon_ros.task.ament_python.build:Building ROS package in '/media/david-linux-arm/linux/ros2_ws/src/robotcatch_perception' with build type 'ament_python'
[0.118s] Level 1:colcon.colcon_core.shell:create_environment_hook('robotcatch_perception', 'ament_prefix_path')
[0.119s] INFO:colcon.colcon_core.plugin_system:Skipping extension 'colcon_core.shell.bat': Not used on non-Windows systems
[0.119s] INFO:colcon.colcon_core.shell:Creating environment hook '/media/david-linux-arm/linux/ros2_ws/install/robotcatch_perception/share/robotcatch_perception/hook/ament_prefix_path.ps1'
[0.119s] INFO:colcon.colcon_core.shell:Creating environment descriptor '/media/david-linux-arm/linux/ros2_ws/install/robotcatch_perception/share/robotcatch_perception/hook/ament_prefix_path.dsv'
[0.119s] INFO:colcon.colcon_core.shell:Creating environment hook '/media/david-linux-arm/linux/ros2_ws/install/robotcatch_perception/share/robotcatch_perception/hook/ament_prefix_path.sh'
[0.120s] INFO:colcon.colcon_core.shell:Skip shell extension 'powershell' for command environment: Not usable outside of PowerShell
[0.120s] DEBUG:colcon.colcon_core.shell:Skip shell extension 'dsv' for command environment
[0.121s] INFO:colcon.colcon_ros.task.ament_python.build:Building ROS package in '/media/david-linux-arm/linux/ros2_ws/src/robotcatch_policy' with build type 'ament_python'
[0.121s] Level 1:colcon.colcon_core.shell:create_environment_hook('robotcatch_policy', 'ament_prefix_path')
[0.122s] INFO:colcon.colcon_core.shell:Creating environment hook '/media/david-linux-arm/linux/ros2_ws/install/robotcatch_policy/share/robotcatch_policy/hook/ament_prefix_path.ps1'
[0.122s] INFO:colcon.colcon_core.shell:Creating environment descriptor '/media/david-linux-arm/linux/ros2_ws/install/robotcatch_policy/share/robotcatch_policy/hook/ament_prefix_path.dsv'
[0.122s] INFO:colcon.colcon_core.shell:Creating environment hook '/media/david-linux-arm/linux/ros2_ws/install/robotcatch_policy/share/robotcatch_policy/hook/ament_prefix_path.sh'
[0.122s] INFO:colcon.colcon_core.shell:Skip shell extension 'powershell' for command environment: Not usable outside of PowerShell
[0.122s] DEBUG:colcon.colcon_core.shell:Skip shell extension 'dsv' for command environment
[0.124s] INFO:colcon.colcon_ros.task.ament_python.build:Building ROS package in '/media/david-linux-arm/linux/ros2_ws/src/robotcatch_robotinterface' with build type 'ament_python'
[0.124s] Level 1:colcon.colcon_core.shell:create_environment_hook('robotcatch_robotinterface', 'ament_prefix_path')
[0.124s] INFO:colcon.colcon_core.shell:Creating environment hook '/media/david-linux-arm/linux/ros2_ws/install/robotcatch_robotinterface/share/robotcatch_robotinterface/hook/ament_prefix_path.ps1'
[0.124s] INFO:colcon.colcon_core.shell:Creating environment descriptor '/media/david-linux-arm/linux/ros2_ws/install/robotcatch_robotinterface/share/robotcatch_robotinterface/hook/ament_prefix_path.dsv'
[0.124s] INFO:colcon.colcon_core.shell:Creating environment hook '/media/david-linux-arm/linux/ros2_ws/install/robotcatch_robotinterface/share/robotcatch_robotinterface/hook/ament_prefix_path.sh'
[0.124s] INFO:colcon.colcon_core.shell:Skip shell extension 'powershell' for command environment: Not usable outside of PowerShell
[0.124s] DEBUG:colcon.colcon_core.shell:Skip shell extension 'dsv' for command environment
[0.224s] INFO:colcon.colcon_core.task.python.build:Building Python package in '/media/david-linux-arm/linux/ros2_ws/src/robotcatch_perception'
[0.225s] INFO:colcon.colcon_core.shell:Skip shell extension 'powershell' for command environment: Not usable outside of PowerShell
[0.225s] DEBUG:colcon.colcon_core.shell:Skip shell extension 'dsv' for command environment
[0.323s] INFO:colcon.colcon_core.task.python.build:Building Python package in '/media/david-linux-arm/linux/ros2_ws/src/robotcatch_policy'
[0.324s] INFO:colcon.colcon_core.shell:Skip shell extension 'powershell' for command environment: Not usable outside of PowerShell
[0.324s] DEBUG:colcon.colcon_core.shell:Skip shell extension 'dsv' for command environment
[0.423s] INFO:colcon.colcon_core.task.python.build:Building Python package in '/media/david-linux-arm/linux/ros2_ws/src/robotcatch_robotinterface'
[0.423s] INFO:colcon.colcon_core.shell:Skip shell extension 'powershell' for command environment: Not usable outside of PowerShell
[0.423s] DEBUG:colcon.colcon_core.shell:Skip shell extension 'dsv' for command environment
[0.708s] DEBUG:colcon.colcon_core.event_handler.log_command:Invoking command in '/media/david-linux-arm/linux/ros2_ws/src/robotcatch_perception': DEBUGINFOD_URLS=https://debuginfod.ubuntu.com PYTHONPATH=/media/david-linux-arm/linux/ros2_ws/build/robotcatch_perception/prefix_override:/usr/lib/python3/dist-packages/colcon_core/task/python/colcon_distutils_commands:/media/david-linux-arm/linux/ros2_ws/install/robotcatch_perception/lib/python3.12/site-packages:${PYTHONPATH} /usr/bin/python3 -W ignore:setup.py install is deprecated -W ignore:easy_install command is deprecated setup.py egg_info --egg-base ../../build/robotcatch_perception build --build-base /media/david-linux-arm/linux/ros2_ws/build/robotcatch_perception/build install --record /media/david-linux-arm/linux/ros2_ws/build/robotcatch_perception/install.log --single-version-externally-managed install_data
[0.730s] DEBUG:colcon.colcon_core.event_handler.log_command:Invoking command in '/media/david-linux-arm/linux/ros2_ws/src/robotcatch_policy': DEBUGINFOD_URLS=https://debuginfod.ubuntu.com PYTHONPATH=/media/david-linux-arm/linux/ros2_ws/build/robotcatch_policy/prefix_override:/usr/lib/python3/dist-packages/colcon_core/task/python/colcon_distutils_commands:/media/david-linux-arm/linux/ros2_ws/install/robotcatch_policy/lib/python3.12/site-packages:${PYTHONPATH} /usr/bin/python3 -W ignore:setup.py install is deprecated -W ignore:easy_install command is deprecated setup.py egg_info --egg-base ../../build/robotcatch_policy build --build-base /media/david-linux-arm/linux/ros2_ws/build/robotcatch_policy/build install --record /media/david-linux-arm/linux/ros2_ws/build/robotcatch_policy/install.log --single-version-externally-managed install_data
[0.732s] DEBUG:colcon.colcon_core.event_handler.log_command:Invoking command in '/media/david-linux-arm/linux/ros2_ws/src/robotcatch_robotinterface': DEBUGINFOD_URLS=https://debuginfod.ubuntu.com PYTHONPATH=/media/david-linux-arm/linux/ros2_ws/build/robotcatch_robotinterface/prefix_override:/usr/lib/python3/dist-packages/colcon_core/task/python/colcon_distutils_commands:/media/david-linux-arm/linux/ros2_ws/install/robotcatch_robotinterface/lib/python3.12/site-packages:${PYTHONPATH} /usr/bin/python3 -W ignore:setup.py install is deprecated -W ignore:easy_install command is deprecated setup.py egg_info --egg-base ../../build/robotcatch_robotinterface build --build-base /media/david-linux-arm/linux/ros2_ws/build/robotcatch_robotinterface/build install --record /media/david-linux-arm/linux/ros2_ws/build/robotcatch_robotinterface/install.log --single-version-externally-managed install_data
[0.980s] DEBUG:colcon.colcon_core.event_handler.log_command:Invoked command in '/media/david-linux-arm/linux/ros2_ws/src/robotcatch_perception' returned '0': DEBUGINFOD_URLS=https://debuginfod.ubuntu.com PYTHONPATH=/media/david-linux-arm/linux/ros2_ws/build/robotcatch_perception/prefix_override:/usr/lib/python3/dist-packages/colcon_core/task/python/colcon_distutils_commands:/media/david-linux-arm/linux/ros2_ws/install/robotcatch_perception/lib/python3.12/site-packages:${PYTHONPATH} /usr/bin/python3 -W ignore:setup.py install is deprecated -W ignore:easy_install command is deprecated setup.py egg_info --egg-base ../../build/robotcatch_perception build --build-base /media/david-linux-arm/linux/ros2_ws/build/robotcatch_perception/build install --record /media/david-linux-arm/linux/ros2_ws/build/robotcatch_perception/install.log --single-version-externally-managed install_data
[0.984s] Level 1:colcon.colcon_core.environment:checking '/media/david-linux-arm/linux/ros2_ws/install/robotcatch_perception' for CMake module files
[0.984s] Level 1:colcon.colcon_core.environment:checking '/media/david-linux-arm/linux/ros2_ws/install/robotcatch_perception' for CMake config files
[0.985s] Level 1:colcon.colcon_core.environment:checking '/media/david-linux-arm/linux/ros2_ws/install/robotcatch_perception/lib'
[0.985s] Level 1:colcon.colcon_core.environment:checking '/media/david-linux-arm/linux/ros2_ws/install/robotcatch_perception/bin'
[0.985s] Level 1:colcon.colcon_core.environment:checking '/media/david-linux-arm/linux/ros2_ws/install/robotcatch_perception/lib/pkgconfig/robotcatch_perception.pc'
[0.986s] Level 1:colcon.colcon_core.environment:checking '/media/david-linux-arm/linux/ros2_ws/install/robotcatch_perception/lib/python3.12/site-packages'
[0.986s] Level 1:colcon.colcon_core.shell:create_environment_hook('robotcatch_perception', 'pythonpath')
[0.986s] INFO:colcon.colcon_core.shell:Creating environment hook '/media/david-linux-arm/linux/ros2_ws/install/robotcatch_perception/share/robotcatch_perception/hook/pythonpath.ps1'
[0.987s] INFO:colcon.colcon_core.shell:Creating environment descriptor '/media/david-linux-arm/linux/ros2_ws/install/robotcatch_perception/share/robotcatch_perception/hook/pythonpath.dsv'
[0.987s] INFO:colcon.colcon_core.shell:Creating environment hook '/media/david-linux-arm/linux/ros2_ws/install/robotcatch_perception/share/robotcatch_perception/hook/pythonpath.sh'
[0.988s] Level 1:colcon.colcon_core.environment:checking '/media/david-linux-arm/linux/ros2_ws/install/robotcatch_perception/bin'
[0.988s] Level 1:colcon.colcon_core.environment:create_environment_scripts_only(robotcatch_perception)
[0.988s] INFO:colcon.colcon_core.shell:Creating package script '/media/david-linux-arm/linux/ros2_ws/install/robotcatch_perception/share/robotcatch_perception/package.ps1'
[0.989s] INFO:colcon.colcon_core.shell:Creating package descriptor '/media/david-linux-arm/linux/ros2_ws/install/robotcatch_perception/share/robotcatch_perception/package.dsv'
[0.990s] INFO:colcon.colcon_core.shell:Creating package script '/media/david-linux-arm/linux/ros2_ws/install/robotcatch_perception/share/robotcatch_perception/package.sh'
[0.991s] INFO:colcon.colcon_core.shell:Creating package script '/media/david-linux-arm/linux/ros2_ws/install/robotcatch_perception/share/robotcatch_perception/package.bash'
[0.991s] INFO:colcon.colcon_core.shell:Creating package script '/media/david-linux-arm/linux/ros2_ws/install/robotcatch_perception/share/robotcatch_perception/package.zsh'
[0.992s] Level 1:colcon.colcon_core.environment:create_file_with_runtime_dependencies(/media/david-linux-arm/linux/ros2_ws/install/robotcatch_perception/share/colcon-core/packages/robotcatch_perception)
[0.994s] Level 1:colcon.colcon_core.environment:checking '/media/david-linux-arm/linux/ros2_ws/install/robotcatch_policy' for CMake module files
[0.995s] Level 1:colcon.colcon_core.environment:checking '/media/david-linux-arm/linux/ros2_ws/install/robotcatch_policy' for CMake config files
[0.995s] DEBUG:colcon.colcon_core.event_handler.log_command:Invoked command in '/media/david-linux-arm/linux/ros2_ws/src/robotcatch_policy' returned '0': DEBUGINFOD_URLS=https://debuginfod.ubuntu.com PYTHONPATH=/media/david-linux-arm/linux/ros2_ws/build/robotcatch_policy/prefix_override:/usr/lib/python3/dist-packages/colcon_core/task/python/colcon_distutils_commands:/media/david-linux-arm/linux/ros2_ws/install/robotcatch_policy/lib/python3.12/site-packages:${PYTHONPATH} /usr/bin/python3 -W ignore:setup.py install is deprecated -W ignore:easy_install command is deprecated setup.py egg_info --egg-base ../../build/robotcatch_policy build --build-base /media/david-linux-arm/linux/ros2_ws/build/robotcatch_policy/build install --record /media/david-linux-arm/linux/ros2_ws/build/robotcatch_policy/install.log --single-version-externally-managed install_data
[0.996s] Level 1:colcon.colcon_core.environment:checking '/media/david-linux-arm/linux/ros2_ws/install/robotcatch_policy/lib'
[0.996s] Level 1:colcon.colcon_core.environment:checking '/media/david-linux-arm/linux/ros2_ws/install/robotcatch_policy/bin'
[0.996s] Level 1:colcon.colcon_core.environment:checking '/media/david-linux-arm/linux/ros2_ws/install/robotcatch_policy/lib/pkgconfig/robotcatch_policy.pc'
[0.997s] Level 1:colcon.colcon_core.environment:checking '/media/david-linux-arm/linux/ros2_ws/install/robotcatch_policy/lib/python3.12/site-packages'
[0.997s] Level 1:colcon.colcon_core.shell:create_environment_hook('robotcatch_policy', 'pythonpath')
[0.997s] INFO:colcon.colcon_core.shell:Creating environment hook '/media/david-linux-arm/linux/ros2_ws/install/robotcatch_policy/share/robotcatch_policy/hook/pythonpath.ps1'
[0.998s] INFO:colcon.colcon_core.shell:Creating environment descriptor '/media/david-linux-arm/linux/ros2_ws/install/robotcatch_policy/share/robotcatch_policy/hook/pythonpath.dsv'
[0.999s] INFO:colcon.colcon_core.shell:Creating environment hook '/media/david-linux-arm/linux/ros2_ws/install/robotcatch_policy/share/robotcatch_policy/hook/pythonpath.sh'
[0.999s] Level 1:colcon.colcon_core.environment:checking '/media/david-linux-arm/linux/ros2_ws/install/robotcatch_policy/bin'
[0.999s] Level 1:colcon.colcon_core.environment:create_environment_scripts_only(robotcatch_policy)
[1.000s] INFO:colcon.colcon_core.shell:Creating package script '/media/david-linux-arm/linux/ros2_ws/install/robotcatch_policy/share/robotcatch_policy/package.ps1'
[1.000s] INFO:colcon.colcon_core.shell:Creating package descriptor '/media/david-linux-arm/linux/ros2_ws/install/robotcatch_policy/share/robotcatch_policy/package.dsv'
[1.001s] INFO:colcon.colcon_core.shell:Creating package script '/media/david-linux-arm/linux/ros2_ws/install/robotcatch_policy/share/robotcatch_policy/package.sh'
[1.001s] INFO:colcon.colcon_core.shell:Creating package script '/media/david-linux-arm/linux/ros2_ws/install/robotcatch_policy/share/robotcatch_policy/package.bash'
[1.002s] INFO:colcon.colcon_core.shell:Creating package script '/media/david-linux-arm/linux/ros2_ws/install/robotcatch_policy/share/robotcatch_policy/package.zsh'
[1.002s] Level 1:colcon.colcon_core.environment:create_file_with_runtime_dependencies(/media/david-linux-arm/linux/ros2_ws/install/robotcatch_policy/share/colcon-core/packages/robotcatch_policy)
[1.002s] Level 1:colcon.colcon_core.environment:checking '/media/david-linux-arm/linux/ros2_ws/install/robotcatch_robotinterface' for CMake module files
[1.004s] Level 1:colcon.colcon_core.environment:checking '/media/david-linux-arm/linux/ros2_ws/install/robotcatch_robotinterface' for CMake config files
[1.004s] DEBUG:colcon.colcon_core.event_handler.log_command:Invoked command in '/media/david-linux-arm/linux/ros2_ws/src/robotcatch_robotinterface' returned '0': DEBUGINFOD_URLS=https://debuginfod.ubuntu.com PYTHONPATH=/media/david-linux-arm/linux/ros2_ws/build/robotcatch_robotinterface/prefix_override:/usr/lib/python3/dist-packages/colcon_core/task/python/colcon_distutils_commands:/media/david-linux-arm/linux/ros2_ws/install/robotcatch_robotinterface/lib/python3.12/site-packages:${PYTHONPATH} /usr/bin/python3 -W ignore:setup.py install is deprecated -W ignore:easy_install command is deprecated setup.py egg_info --egg-base ../../build/robotcatch_robotinterface build --build-base /media/david-linux-arm/linux/ros2_ws/build/robotcatch_robotinterface/build install --record /media/david-linux-arm/linux/ros2_ws/build/robotcatch_robotinterface/install.log --single-version-externally-managed install_data
[1.005s] Level 1:colcon.colcon_core.environment:checking '/media/david-linux-arm/linux/ros2_ws/install/robotcatch_robotinterface/lib'
[1.005s] Level 1:colcon.colcon_core.environment:checking '/media/david-linux-arm/linux/ros2_ws/install/robotcatch_robotinterface/bin'
[1.005s] Level 1:colcon.colcon_core.environment:checking '/media/david-linux-arm/linux/ros2_ws/install/robotcatch_robotinterface/lib/pkgconfig/robotcatch_robotinterface.pc'
[1.005s] Level 1:colcon.colcon_core.environment:checking '/media/david-linux-arm/linux/ros2_ws/install/robotcatch_robotinterface/lib/python3.12/site-packages'
[1.006s] Level 1:colcon.colcon_core.shell:create_environment_hook('robotcatch_robotinterface', 'pythonpath')
[1.006s] INFO:colcon.colcon_core.shell:Creating environment hook '/media/david-linux-arm/linux/ros2_ws/install/robotcatch_robotinterface/share/robotcatch_robotinterface/hook/pythonpath.ps1'
[1.006s] INFO:colcon.colcon_core.shell:Creating environment descriptor '/media/david-linux-arm/linux/ros2_ws/install/robotcatch_robotinterface/share/robotcatch_robotinterface/hook/pythonpath.dsv'
[1.007s] INFO:colcon.colcon_core.shell:Creating environment hook '/media/david-linux-arm/linux/ros2_ws/install/robotcatch_robotinterface/share/robotcatch_robotinterface/hook/pythonpath.sh'
[1.007s] Level 1:colcon.colcon_core.environment:checking '/media/david-linux-arm/linux/ros2_ws/install/robotcatch_robotinterface/bin'
[1.007s] Level 1:colcon.colcon_core.environment:create_environment_scripts_only(robotcatch_robotinterface)
[1.008s] INFO:colcon.colcon_core.shell:Creating package script '/media/david-linux-arm/linux/ros2_ws/install/robotcatch_robotinterface/share/robotcatch_robotinterface/package.ps1'
[1.008s] INFO:colcon.colcon_core.shell:Creating package descriptor '/media/david-linux-arm/linux/ros2_ws/install/robotcatch_robotinterface/share/robotcatch_robotinterface/package.dsv'
[1.009s] INFO:colcon.colcon_core.shell:Creating package script '/media/david-linux-arm/linux/ros2_ws/install/robotcatch_robotinterface/share/robotcatch_robotinterface/package.sh'
[1.009s] INFO:colcon.colcon_core.shell:Creating package script '/media/david-linux-arm/linux/ros2_ws/install/robotcatch_robotinterface/share/robotcatch_robotinterface/package.bash'
[1.010s] INFO:colcon.colcon_core.shell:Creating package script '/media/david-linux-arm/linux/ros2_ws/install/robotcatch_robotinterface/share/robotcatch_robotinterface/package.zsh'
[1.010s] Level 1:colcon.colcon_core.environment:create_file_with_runtime_dependencies(/media/david-linux-arm/linux/ros2_ws/install/robotcatch_robotinterface/share/colcon-core/packages/robotcatch_robotinterface)
[1.010s] DEBUG:colcon.colcon_parallel_executor.executor.parallel:closing loop
[1.011s] DEBUG:colcon.colcon_parallel_executor.executor.parallel:loop closed
[1.011s] DEBUG:colcon.colcon_parallel_executor.executor.parallel:run_until_complete finished with '0'
[1.011s] DEBUG:colcon.colcon_core.event_reactor:joining thread
[1.015s] INFO:colcon.colcon_core.plugin_system:Skipping extension 'colcon_notification.desktop_notification.terminal_notifier': Not used on non-Darwin systems
[1.015s] INFO:colcon.colcon_core.plugin_system:Skipping extension 'colcon_notification.desktop_notification.win32': Not used on non-Windows systems
[1.015s] INFO:colcon.colcon_notification.desktop_notification:Sending desktop notification using 'notify2'
[1.031s] DEBUG:colcon.colcon_core.event_reactor:joined thread
[1.032s] INFO:colcon.colcon_core.shell:Creating prefix script '/media/david-linux-arm/linux/ros2_ws/install/local_setup.ps1'
[1.033s] INFO:colcon.colcon_core.shell:Creating prefix util module '/media/david-linux-arm/linux/ros2_ws/install/_local_setup_util_ps1.py'
[1.035s] INFO:colcon.colcon_core.shell:Creating prefix chain script '/media/david-linux-arm/linux/ros2_ws/install/setup.ps1'
[1.036s] INFO:colcon.colcon_core.shell:Creating prefix script '/media/david-linux-arm/linux/ros2_ws/install/local_setup.sh'
[1.037s] INFO:colcon.colcon_core.shell:Creating prefix util module '/media/david-linux-arm/linux/ros2_ws/install/_local_setup_util_sh.py'
[1.038s] INFO:colcon.colcon_core.shell:Creating prefix chain script '/media/david-linux-arm/linux/ros2_ws/install/setup.sh'
[1.039s] INFO:colcon.colcon_core.shell:Creating prefix script '/media/david-linux-arm/linux/ros2_ws/install/local_setup.bash'
[1.039s] INFO:colcon.colcon_core.shell:Creating prefix chain script '/media/david-linux-arm/linux/ros2_ws/install/setup.bash'
[1.041s] INFO:colcon.colcon_core.shell:Creating prefix script '/media/david-linux-arm/linux/ros2_ws/install/local_setup.zsh'
[1.041s] INFO:colcon.colcon_core.shell:Creating prefix chain script '/media/david-linux-arm/linux/ros2_ws/install/setup.zsh'
