running egg_info
creating ../../build/robotcatch_robotinterface/robotcatch_robotinterface.egg-info
writing ../../build/robotcatch_robotinterface/robotcatch_robotinterface.egg-info/PKG-INFO
writing dependency_links to ../../build/robotcatch_robotinterface/robotcatch_robotinterface.egg-info/dependency_links.txt
writing requirements to ../../build/robotcatch_robotinterface/robotcatch_robotinterface.egg-info/requires.txt
writing top-level names to ../../build/robotcatch_robotinterface/robotcatch_robotinterface.egg-info/top_level.txt
writing manifest file '../../build/robotcatch_robotinterface/robotcatch_robotinterface.egg-info/SOURCES.txt'
reading manifest file '../../build/robotcatch_robotinterface/robotcatch_robotinterface.egg-info/SOURCES.txt'
writing manifest file '../../build/robotcatch_robotinterface/robotcatch_robotinterface.egg-info/SOURCES.txt'
running build
running build_py
creating /media/david-linux-arm/linux/ros2_ws/build/robotcatch_robotinterface/build
creating /media/david-linux-arm/linux/ros2_ws/build/robotcatch_robotinterface/build/lib
creating /media/david-linux-arm/linux/ros2_ws/build/robotcatch_robotinterface/build/lib/robotcatch_robotinterface
copying robotcatch_robotinterface/__init__.py -> /media/david-linux-arm/linux/ros2_ws/build/robotcatch_robotinterface/build/lib/robotcatch_robotinterface
running install
running install_lib
creating /media/david-linux-arm/linux/ros2_ws/install/robotcatch_robotinterface/lib/python3.12/site-packages/robotcatch_robotinterface
copying /media/david-linux-arm/linux/ros2_ws/build/robotcatch_robotinterface/build/lib/robotcatch_robotinterface/__init__.py -> /media/david-linux-arm/linux/ros2_ws/install/robotcatch_robotinterface/lib/python3.12/site-packages/robotcatch_robotinterface
byte-compiling /media/david-linux-arm/linux/ros2_ws/install/robotcatch_robotinterface/lib/python3.12/site-packages/robotcatch_robotinterface/__init__.py to __init__.cpython-312.pyc
running install_data
creating /media/david-linux-arm/linux/ros2_ws/install/robotcatch_robotinterface/share/ament_index
creating /media/david-linux-arm/linux/ros2_ws/install/robotcatch_robotinterface/share/ament_index/resource_index
creating /media/david-linux-arm/linux/ros2_ws/install/robotcatch_robotinterface/share/ament_index/resource_index/packages
copying resource/robotcatch_robotinterface -> /media/david-linux-arm/linux/ros2_ws/install/robotcatch_robotinterface/share/ament_index/resource_index/packages
copying package.xml -> /media/david-linux-arm/linux/ros2_ws/install/robotcatch_robotinterface/share/robotcatch_robotinterface
running install_egg_info
Copying ../../build/robotcatch_robotinterface/robotcatch_robotinterface.egg-info to /media/david-linux-arm/linux/ros2_ws/install/robotcatch_robotinterface/lib/python3.12/site-packages/robotcatch_robotinterface-0.0.0-py3.12.egg-info
running install_scripts
writing list of installed files to '/media/david-linux-arm/linux/ros2_ws/build/robotcatch_robotinterface/install.log'
