[0.005s] Invoking command in '/media/david-linux-arm/linux/ros2_ws/build/easyrobot_bringup': CMAKE_PREFIX_PATH=${CMAKE_PREFIX_PATH}:/opt/ros/jazzy DEBUGINFOD_URLS=https://debuginfod.ubuntu.com /usr/bin/cmake /media/david-linux-arm/linux/ros2_ws/EasyBot/EasyRobot/easyrobot_bringup -DCMAKE_INSTALL_PREFIX=/media/david-linux-arm/linux/ros2_ws/install/easyrobot_bringup
[0.071s] -- The C compiler identification is GNU 13.3.0
[0.137s] -- The CXX compiler identification is GNU 13.3.0
[0.156s] -- Detecting C compiler ABI info
[0.252s] -- Detecting C compiler ABI info - done
[0.268s] -- Check for working C compiler: /usr/bin/cc - skipped
[0.269s] -- Detecting C compile features
[0.269s] -- Detecting C compile features - done
[0.279s] -- Detecting CXX compiler ABI info
[0.390s] -- Detecting CXX compiler ABI info - done
[0.407s] -- Check for working CXX compiler: /usr/bin/c++ - skipped
[0.407s] -- Detecting CXX compile features
[0.408s] -- Detecting CXX compile features - done
[0.412s] -- Found ament_cmake: 2.5.3 (/opt/ros/jazzy/share/ament_cmake/cmake)
[0.506s] -- Found Python3: /usr/bin/python3 (found version "3.12.3") found components: Interpreter 
[0.567s] -- Found ament_lint_auto: 0.17.2 (/opt/ros/jazzy/share/ament_lint_auto/cmake)
[0.624s] -- Added test 'flake8' to check Python code syntax and style conventions
[0.624s] -- Configured 'flake8' exclude dirs and/or files: 
[0.625s] -- Added test 'lint_cmake' to check CMake code style
[0.625s] -- Added test 'pep257' to check Python code against some of the docstring style conventions in PEP 257
[0.626s] -- Added test 'xmllint' to check XML markup files
[0.627s] -- Configuring done (0.6s)
[0.628s] -- Generating done (0.0s)
[0.629s] -- Build files have been written to: /media/david-linux-arm/linux/ros2_ws/build/easyrobot_bringup
[0.631s] Invoked command in '/media/david-linux-arm/linux/ros2_ws/build/easyrobot_bringup' returned '0': CMAKE_PREFIX_PATH=${CMAKE_PREFIX_PATH}:/opt/ros/jazzy DEBUGINFOD_URLS=https://debuginfod.ubuntu.com /usr/bin/cmake /media/david-linux-arm/linux/ros2_ws/EasyBot/EasyRobot/easyrobot_bringup -DCMAKE_INSTALL_PREFIX=/media/david-linux-arm/linux/ros2_ws/install/easyrobot_bringup
[0.632s] Invoking command in '/media/david-linux-arm/linux/ros2_ws/build/easyrobot_bringup': CMAKE_PREFIX_PATH=${CMAKE_PREFIX_PATH}:/opt/ros/jazzy DEBUGINFOD_URLS=https://debuginfod.ubuntu.com /usr/bin/cmake --build /media/david-linux-arm/linux/ros2_ws/build/easyrobot_bringup -- -j8 -l8
[0.676s] Invoked command in '/media/david-linux-arm/linux/ros2_ws/build/easyrobot_bringup' returned '0': CMAKE_PREFIX_PATH=${CMAKE_PREFIX_PATH}:/opt/ros/jazzy DEBUGINFOD_URLS=https://debuginfod.ubuntu.com /usr/bin/cmake --build /media/david-linux-arm/linux/ros2_ws/build/easyrobot_bringup -- -j8 -l8
[0.677s] Invoking command in '/media/david-linux-arm/linux/ros2_ws/build/easyrobot_bringup': CMAKE_PREFIX_PATH=${CMAKE_PREFIX_PATH}:/opt/ros/jazzy DEBUGINFOD_URLS=https://debuginfod.ubuntu.com /usr/bin/cmake --install /media/david-linux-arm/linux/ros2_ws/build/easyrobot_bringup
[0.687s] -- Install configuration: ""
[0.687s] -- Installing: /media/david-linux-arm/linux/ros2_ws/install/easyrobot_bringup/share/easyrobot_bringup//launch
[0.687s] -- Installing: /media/david-linux-arm/linux/ros2_ws/install/easyrobot_bringup/share/easyrobot_bringup//launch/run.launch.py
[0.687s] -- Installing: /media/david-linux-arm/linux/ros2_ws/install/easyrobot_bringup/share/easyrobot_bringup//launch/run_effort.launch.py
[0.687s] -- Installing: /media/david-linux-arm/linux/ros2_ws/install/easyrobot_bringup/share/easyrobot_bringup//config
[0.688s] -- Installing: /media/david-linux-arm/linux/ros2_ws/install/easyrobot_bringup/share/easyrobot_bringup//config/temp.config
[0.688s] -- Installing: /media/david-linux-arm/linux/ros2_ws/install/easyrobot_bringup/share/ament_index/resource_index/package_run_dependencies/easyrobot_bringup
[0.688s] -- Installing: /media/david-linux-arm/linux/ros2_ws/install/easyrobot_bringup/share/ament_index/resource_index/parent_prefix_path/easyrobot_bringup
[0.688s] -- Installing: /media/david-linux-arm/linux/ros2_ws/install/easyrobot_bringup/share/easyrobot_bringup/environment/ament_prefix_path.sh
[0.688s] -- Installing: /media/david-linux-arm/linux/ros2_ws/install/easyrobot_bringup/share/easyrobot_bringup/environment/ament_prefix_path.dsv
[0.688s] -- Installing: /media/david-linux-arm/linux/ros2_ws/install/easyrobot_bringup/share/easyrobot_bringup/environment/path.sh
[0.688s] -- Installing: /media/david-linux-arm/linux/ros2_ws/install/easyrobot_bringup/share/easyrobot_bringup/environment/path.dsv
[0.688s] -- Installing: /media/david-linux-arm/linux/ros2_ws/install/easyrobot_bringup/share/easyrobot_bringup/local_setup.bash
[0.689s] -- Installing: /media/david-linux-arm/linux/ros2_ws/install/easyrobot_bringup/share/easyrobot_bringup/local_setup.sh
[0.689s] -- Installing: /media/david-linux-arm/linux/ros2_ws/install/easyrobot_bringup/share/easyrobot_bringup/local_setup.zsh
[0.689s] -- Installing: /media/david-linux-arm/linux/ros2_ws/install/easyrobot_bringup/share/easyrobot_bringup/local_setup.dsv
[0.689s] -- Installing: /media/david-linux-arm/linux/ros2_ws/install/easyrobot_bringup/share/easyrobot_bringup/package.dsv
[0.689s] -- Installing: /media/david-linux-arm/linux/ros2_ws/install/easyrobot_bringup/share/ament_index/resource_index/packages/easyrobot_bringup
[0.689s] -- Installing: /media/david-linux-arm/linux/ros2_ws/install/easyrobot_bringup/share/easyrobot_bringup/cmake/easyrobot_bringupConfig.cmake
[0.689s] -- Installing: /media/david-linux-arm/linux/ros2_ws/install/easyrobot_bringup/share/easyrobot_bringup/cmake/easyrobot_bringupConfig-version.cmake
[0.689s] -- Installing: /media/david-linux-arm/linux/ros2_ws/install/easyrobot_bringup/share/easyrobot_bringup/package.xml
[0.690s] Invoked command in '/media/david-linux-arm/linux/ros2_ws/build/easyrobot_bringup' returned '0': CMAKE_PREFIX_PATH=${CMAKE_PREFIX_PATH}:/opt/ros/jazzy DEBUGINFOD_URLS=https://debuginfod.ubuntu.com /usr/bin/cmake --install /media/david-linux-arm/linux/ros2_ws/build/easyrobot_bringup
