[0.008s] Invoking command in '/media/david-linux-arm/linux/ros2_ws/build/easyrobot': CMAKE_PREFIX_PATH=${CMAKE_PREFIX_PATH}:/opt/ros/jazzy DEBUGINFOD_URLS=https://debuginfod.ubuntu.com /usr/bin/cmake /media/david-linux-arm/linux/ros2_ws/EasyBot/EasyRobot/easyrobot -DCMAKE_INSTALL_PREFIX=/media/david-linux-arm/linux/ros2_ws/install/easyrobot
[0.039s] -- The C compiler identification is GNU 13.3.0
[0.070s] -- The CXX compiler identification is GNU 13.3.0
[0.078s] -- Detecting C compiler ABI info
[0.122s] -- Detecting C compiler ABI info - done
[0.129s] -- Check for working C compiler: /usr/bin/cc - skipped
[0.129s] -- Detecting C compile features
[0.129s] -- Detecting C compile features - done
[0.135s] -- Detecting CXX compiler ABI info
[0.183s] -- Detecting CXX compiler ABI info - done
[0.191s] -- Check for working CXX compiler: /usr/bin/c++ - skipped
[0.191s] -- Detecting CXX compile features
[0.191s] -- Detecting CXX compile features - done
[0.194s] -- Found ament_cmake: 2.5.3 (/opt/ros/jazzy/share/ament_cmake/cmake)
[0.274s] -- Found Python3: /usr/bin/python3 (found version "3.12.3") found components: Interpreter 
[0.336s] -- Found ament_lint_auto: 0.17.2 (/opt/ros/jazzy/share/ament_lint_auto/cmake)
[0.393s] -- Added test 'flake8' to check Python code syntax and style conventions
[0.393s] -- Configured 'flake8' exclude dirs and/or files: 
[0.394s] -- Added test 'lint_cmake' to check CMake code style
[0.394s] -- Added test 'pep257' to check Python code against some of the docstring style conventions in PEP 257
[0.395s] -- Added test 'xmllint' to check XML markup files
[0.396s] -- Configuring done (0.4s)
[0.397s] -- Generating done (0.0s)
[0.398s] -- Build files have been written to: /media/david-linux-arm/linux/ros2_ws/build/easyrobot
[0.402s] Invoked command in '/media/david-linux-arm/linux/ros2_ws/build/easyrobot' returned '0': CMAKE_PREFIX_PATH=${CMAKE_PREFIX_PATH}:/opt/ros/jazzy DEBUGINFOD_URLS=https://debuginfod.ubuntu.com /usr/bin/cmake /media/david-linux-arm/linux/ros2_ws/EasyBot/EasyRobot/easyrobot -DCMAKE_INSTALL_PREFIX=/media/david-linux-arm/linux/ros2_ws/install/easyrobot
[0.402s] Invoking command in '/media/david-linux-arm/linux/ros2_ws/build/easyrobot': CMAKE_PREFIX_PATH=${CMAKE_PREFIX_PATH}:/opt/ros/jazzy DEBUGINFOD_URLS=https://debuginfod.ubuntu.com /usr/bin/cmake --build /media/david-linux-arm/linux/ros2_ws/build/easyrobot -- -j8 -l8
[0.423s] Invoked command in '/media/david-linux-arm/linux/ros2_ws/build/easyrobot' returned '0': CMAKE_PREFIX_PATH=${CMAKE_PREFIX_PATH}:/opt/ros/jazzy DEBUGINFOD_URLS=https://debuginfod.ubuntu.com /usr/bin/cmake --build /media/david-linux-arm/linux/ros2_ws/build/easyrobot -- -j8 -l8
[0.428s] Invoking command in '/media/david-linux-arm/linux/ros2_ws/build/easyrobot': CMAKE_PREFIX_PATH=${CMAKE_PREFIX_PATH}:/opt/ros/jazzy DEBUGINFOD_URLS=https://debuginfod.ubuntu.com /usr/bin/cmake --install /media/david-linux-arm/linux/ros2_ws/build/easyrobot
[0.432s] -- Install configuration: ""
[0.432s] -- Installing: /media/david-linux-arm/linux/ros2_ws/install/easyrobot/share/easyrobot//launch
[0.432s] -- Installing: /media/david-linux-arm/linux/ros2_ws/install/easyrobot/share/easyrobot//launch/gz_effort.launch.py
[0.432s] -- Installing: /media/david-linux-arm/linux/ros2_ws/install/easyrobot/share/easyrobot//launch/display.launch.py
[0.433s] -- Installing: /media/david-linux-arm/linux/ros2_ws/install/easyrobot/share/easyrobot//launch/gz.launch.py
[0.433s] -- Installing: /media/david-linux-arm/linux/ros2_ws/install/easyrobot/share/easyrobot//urdf
[0.433s] -- Installing: /media/david-linux-arm/linux/ros2_ws/install/easyrobot/share/easyrobot//urdf/gzbot.urdf
[0.433s] -- Installing: /media/david-linux-arm/linux/ros2_ws/install/easyrobot/share/easyrobot//urdf/easybot_effort.urdf
[0.433s] -- Installing: /media/david-linux-arm/linux/ros2_ws/install/easyrobot/share/easyrobot//config
[0.433s] -- Installing: /media/david-linux-arm/linux/ros2_ws/install/easyrobot/share/easyrobot//config/easybot_controller_effort.yaml
[0.433s] -- Installing: /media/david-linux-arm/linux/ros2_ws/install/easyrobot/share/easyrobot//config/easybot_controller.yaml
[0.433s] -- Installing: /media/david-linux-arm/linux/ros2_ws/install/easyrobot/share/easyrobot//config/easyrobot.rviz
[0.433s] -- Installing: /media/david-linux-arm/linux/ros2_ws/install/easyrobot/share/ament_index/resource_index/package_run_dependencies/easyrobot
[0.433s] -- Installing: /media/david-linux-arm/linux/ros2_ws/install/easyrobot/share/ament_index/resource_index/parent_prefix_path/easyrobot
[0.434s] -- Installing: /media/david-linux-arm/linux/ros2_ws/install/easyrobot/share/easyrobot/environment/ament_prefix_path.sh
[0.434s] -- Installing: /media/david-linux-arm/linux/ros2_ws/install/easyrobot/share/easyrobot/environment/ament_prefix_path.dsv
[0.434s] -- Installing: /media/david-linux-arm/linux/ros2_ws/install/easyrobot/share/easyrobot/environment/path.sh
[0.434s] -- Installing: /media/david-linux-arm/linux/ros2_ws/install/easyrobot/share/easyrobot/environment/path.dsv
[0.434s] -- Installing: /media/david-linux-arm/linux/ros2_ws/install/easyrobot/share/easyrobot/local_setup.bash
[0.434s] -- Installing: /media/david-linux-arm/linux/ros2_ws/install/easyrobot/share/easyrobot/local_setup.sh
[0.434s] -- Installing: /media/david-linux-arm/linux/ros2_ws/install/easyrobot/share/easyrobot/local_setup.zsh
[0.434s] -- Installing: /media/david-linux-arm/linux/ros2_ws/install/easyrobot/share/easyrobot/local_setup.dsv
[0.434s] -- Installing: /media/david-linux-arm/linux/ros2_ws/install/easyrobot/share/easyrobot/package.dsv
[0.435s] -- Installing: /media/david-linux-arm/linux/ros2_ws/install/easyrobot/share/ament_index/resource_index/packages/easyrobot
[0.435s] -- Installing: /media/david-linux-arm/linux/ros2_ws/install/easyrobot/share/easyrobot/cmake/easyrobotConfig.cmake
[0.435s] -- Installing: /media/david-linux-arm/linux/ros2_ws/install/easyrobot/share/easyrobot/cmake/easyrobotConfig-version.cmake
[0.435s] -- Installing: /media/david-linux-arm/linux/ros2_ws/install/easyrobot/share/easyrobot/package.xml
[0.435s] Invoked command in '/media/david-linux-arm/linux/ros2_ws/build/easyrobot' returned '0': CMAKE_PREFIX_PATH=${CMAKE_PREFIX_PATH}:/opt/ros/jazzy DEBUGINFOD_URLS=https://debuginfod.ubuntu.com /usr/bin/cmake --install /media/david-linux-arm/linux/ros2_ws/build/easyrobot
