[0.160s] DEBUG:colcon:Command line arguments: ['/usr/bin/colcon', 'build']
[0.160s] DEBUG:colcon:Parsed command line arguments: Namespace(log_base=None, log_level=None, verb_name='build', build_base='build', install_base='install', merge_install=False, symlink_install=False, test_result_base=None, continue_on_error=False, executor='parallel', parallel_workers=8, event_handlers=None, ignore_user_meta=False, metas=['./colcon.meta'], base_paths=['.'], packages_ignore=None, packages_ignore_regex=None, paths=None, packages_up_to=None, packages_up_to_regex=None, packages_above=None, packages_above_and_dependencies=None, packages_above_depth=None, packages_select_by_dep=None, packages_skip_by_dep=None, packages_skip_up_to=None, packages_select_build_failed=False, packages_skip_build_finished=False, packages_select_test_failures=False, packages_skip_test_passed=False, packages_select=None, packages_skip=None, packages_select_regex=None, packages_skip_regex=None, packages_start=None, packages_end=None, allow_overriding=[], cmake_args=None, cmake_target=None, cmake_target_skip_unavailable=False, cmake_clean_cache=False, cmake_clean_first=False, cmake_force_configure=False, ament_cmake_args=None, catkin_cmake_args=None, catkin_skip_building_tests=False, mixin_files=None, mixin=None, verb_parser=<colcon_mixin.mixin.mixin_argument.MixinArgumentDecorator object at 0xffffb948cb60>, verb_extension=<colcon_core.verb.build.BuildVerb object at 0xffffb940f710>, main=<bound method BuildVerb.main of <colcon_core.verb.build.BuildVerb object at 0xffffb940f710>>, mixin_verb=('build',))
[0.192s] Level 1:colcon.colcon_core.package_discovery:discover_packages(colcon_meta) check parameters
[0.192s] Level 1:colcon.colcon_core.package_discovery:discover_packages(recursive) check parameters
[0.192s] Level 1:colcon.colcon_core.package_discovery:discover_packages(ignore) check parameters
[0.192s] Level 1:colcon.colcon_core.package_discovery:discover_packages(path) check parameters
[0.192s] Level 1:colcon.colcon_core.package_discovery:discover_packages(colcon_meta) discover
[0.192s] Level 1:colcon.colcon_core.package_discovery:discover_packages(recursive) discover
[0.192s] INFO:colcon.colcon_core.package_discovery:Crawling recursively for packages in '/media/david-linux-arm/linux/ros2_ws'
[0.192s] Level 1:colcon.colcon_core.package_identification:_identify(.) by extensions ['ignore', 'ignore_ament_install']
[0.192s] Level 1:colcon.colcon_core.package_identification:_identify(.) by extension 'ignore'
[0.192s] Level 1:colcon.colcon_core.package_identification:_identify(.) by extension 'ignore_ament_install'
[0.192s] Level 1:colcon.colcon_core.package_identification:_identify(.) by extensions ['colcon_pkg']
[0.192s] Level 1:colcon.colcon_core.package_identification:_identify(.) by extension 'colcon_pkg'
[0.192s] Level 1:colcon.colcon_core.package_identification:_identify(.) by extensions ['colcon_meta']
[0.193s] Level 1:colcon.colcon_core.package_identification:_identify(.) by extension 'colcon_meta'
[0.193s] Level 1:colcon.colcon_core.package_identification:_identify(.) by extensions ['ros']
[0.193s] Level 1:colcon.colcon_core.package_identification:_identify(.) by extension 'ros'
[0.210s] Level 1:colcon.colcon_core.package_identification:_identify(.) by extensions ['cmake', 'python']
[0.210s] Level 1:colcon.colcon_core.package_identification:_identify(.) by extension 'cmake'
[0.210s] Level 1:colcon.colcon_core.package_identification:_identify(.) by extension 'python'
[0.210s] Level 1:colcon.colcon_core.package_identification:_identify(.) by extensions ['python_setup_py']
[0.210s] Level 1:colcon.colcon_core.package_identification:_identify(.) by extension 'python_setup_py'
[0.210s] Level 1:colcon.colcon_core.package_identification:_identify(build) by extensions ['ignore', 'ignore_ament_install']
[0.210s] Level 1:colcon.colcon_core.package_identification:_identify(build) by extension 'ignore'
[0.210s] Level 1:colcon.colcon_core.package_identification:_identify(build) ignored
[0.210s] Level 1:colcon.colcon_core.package_identification:_identify(install) by extensions ['ignore', 'ignore_ament_install']
[0.210s] Level 1:colcon.colcon_core.package_identification:_identify(install) by extension 'ignore'
[0.210s] Level 1:colcon.colcon_core.package_identification:_identify(install) ignored
[0.210s] Level 1:colcon.colcon_core.package_identification:_identify(log) by extensions ['ignore', 'ignore_ament_install']
[0.210s] Level 1:colcon.colcon_core.package_identification:_identify(log) by extension 'ignore'
[0.210s] Level 1:colcon.colcon_core.package_identification:_identify(log) ignored
[0.210s] Level 1:colcon.colcon_core.package_identification:_identify(src) by extensions ['ignore', 'ignore_ament_install']
[0.210s] Level 1:colcon.colcon_core.package_identification:_identify(src) by extension 'ignore'
[0.210s] Level 1:colcon.colcon_core.package_identification:_identify(src) by extension 'ignore_ament_install'
[0.210s] Level 1:colcon.colcon_core.package_identification:_identify(src) by extensions ['colcon_pkg']
[0.210s] Level 1:colcon.colcon_core.package_identification:_identify(src) by extension 'colcon_pkg'
[0.210s] Level 1:colcon.colcon_core.package_identification:_identify(src) by extensions ['colcon_meta']
[0.210s] Level 1:colcon.colcon_core.package_identification:_identify(src) by extension 'colcon_meta'
[0.210s] Level 1:colcon.colcon_core.package_identification:_identify(src) by extensions ['ros']
[0.210s] Level 1:colcon.colcon_core.package_identification:_identify(src) by extension 'ros'
[0.210s] Level 1:colcon.colcon_core.package_identification:_identify(src) by extensions ['cmake', 'python']
[0.210s] Level 1:colcon.colcon_core.package_identification:_identify(src) by extension 'cmake'
[0.210s] Level 1:colcon.colcon_core.package_identification:_identify(src) by extension 'python'
[0.210s] Level 1:colcon.colcon_core.package_identification:_identify(src) by extensions ['python_setup_py']
[0.210s] Level 1:colcon.colcon_core.package_identification:_identify(src) by extension 'python_setup_py'
[0.211s] Level 1:colcon.colcon_core.package_identification:_identify(src/EasyBot) by extensions ['ignore', 'ignore_ament_install']
[0.211s] Level 1:colcon.colcon_core.package_identification:_identify(src/EasyBot) by extension 'ignore'
[0.211s] Level 1:colcon.colcon_core.package_identification:_identify(src/EasyBot) by extension 'ignore_ament_install'
[0.211s] Level 1:colcon.colcon_core.package_identification:_identify(src/EasyBot) by extensions ['colcon_pkg']
[0.211s] Level 1:colcon.colcon_core.package_identification:_identify(src/EasyBot) by extension 'colcon_pkg'
[0.211s] Level 1:colcon.colcon_core.package_identification:_identify(src/EasyBot) by extensions ['colcon_meta']
[0.211s] Level 1:colcon.colcon_core.package_identification:_identify(src/EasyBot) by extension 'colcon_meta'
[0.211s] Level 1:colcon.colcon_core.package_identification:_identify(src/EasyBot) by extensions ['ros']
[0.211s] Level 1:colcon.colcon_core.package_identification:_identify(src/EasyBot) by extension 'ros'
[0.211s] Level 1:colcon.colcon_core.package_identification:_identify(src/EasyBot) by extensions ['cmake', 'python']
[0.211s] Level 1:colcon.colcon_core.package_identification:_identify(src/EasyBot) by extension 'cmake'
[0.211s] Level 1:colcon.colcon_core.package_identification:_identify(src/EasyBot) by extension 'python'
[0.211s] Level 1:colcon.colcon_core.package_identification:_identify(src/EasyBot) by extensions ['python_setup_py']
[0.211s] Level 1:colcon.colcon_core.package_identification:_identify(src/EasyBot) by extension 'python_setup_py'
[0.211s] Level 1:colcon.colcon_core.package_identification:_identify(src/EasyBot/EasyRobot) by extensions ['ignore', 'ignore_ament_install']
[0.211s] Level 1:colcon.colcon_core.package_identification:_identify(src/EasyBot/EasyRobot) by extension 'ignore'
[0.211s] Level 1:colcon.colcon_core.package_identification:_identify(src/EasyBot/EasyRobot) by extension 'ignore_ament_install'
[0.211s] Level 1:colcon.colcon_core.package_identification:_identify(src/EasyBot/EasyRobot) by extensions ['colcon_pkg']
[0.211s] Level 1:colcon.colcon_core.package_identification:_identify(src/EasyBot/EasyRobot) by extension 'colcon_pkg'
[0.211s] Level 1:colcon.colcon_core.package_identification:_identify(src/EasyBot/EasyRobot) by extensions ['colcon_meta']
[0.211s] Level 1:colcon.colcon_core.package_identification:_identify(src/EasyBot/EasyRobot) by extension 'colcon_meta'
[0.212s] Level 1:colcon.colcon_core.package_identification:_identify(src/EasyBot/EasyRobot) by extensions ['ros']
[0.212s] Level 1:colcon.colcon_core.package_identification:_identify(src/EasyBot/EasyRobot) by extension 'ros'
[0.212s] Level 1:colcon.colcon_core.package_identification:_identify(src/EasyBot/EasyRobot) by extensions ['cmake', 'python']
[0.212s] Level 1:colcon.colcon_core.package_identification:_identify(src/EasyBot/EasyRobot) by extension 'cmake'
[0.212s] Level 1:colcon.colcon_core.package_identification:_identify(src/EasyBot/EasyRobot) by extension 'python'
[0.212s] Level 1:colcon.colcon_core.package_identification:_identify(src/EasyBot/EasyRobot) by extensions ['python_setup_py']
[0.212s] Level 1:colcon.colcon_core.package_identification:_identify(src/EasyBot/EasyRobot) by extension 'python_setup_py'
[0.212s] Level 1:colcon.colcon_core.package_identification:_identify(src/EasyBot/EasyRobot/easyrobot) by extensions ['ignore', 'ignore_ament_install']
[0.212s] Level 1:colcon.colcon_core.package_identification:_identify(src/EasyBot/EasyRobot/easyrobot) by extension 'ignore'
[0.212s] Level 1:colcon.colcon_core.package_identification:_identify(src/EasyBot/EasyRobot/easyrobot) by extension 'ignore_ament_install'
[0.212s] Level 1:colcon.colcon_core.package_identification:_identify(src/EasyBot/EasyRobot/easyrobot) by extensions ['colcon_pkg']
[0.212s] Level 1:colcon.colcon_core.package_identification:_identify(src/EasyBot/EasyRobot/easyrobot) by extension 'colcon_pkg'
[0.212s] Level 1:colcon.colcon_core.package_identification:_identify(src/EasyBot/EasyRobot/easyrobot) by extensions ['colcon_meta']
[0.212s] Level 1:colcon.colcon_core.package_identification:_identify(src/EasyBot/EasyRobot/easyrobot) by extension 'colcon_meta'
[0.212s] Level 1:colcon.colcon_core.package_identification:_identify(src/EasyBot/EasyRobot/easyrobot) by extensions ['ros']
[0.212s] Level 1:colcon.colcon_core.package_identification:_identify(src/EasyBot/EasyRobot/easyrobot) by extension 'ros'
[0.215s] DEBUG:colcon.colcon_core.package_identification:Package 'src/EasyBot/EasyRobot/easyrobot' with type 'ros.ament_cmake' and name 'easyrobot'
[0.215s] Level 1:colcon.colcon_core.package_identification:_identify(src/EasyBot/EasyRobot/easyrobot_bringup) by extensions ['ignore', 'ignore_ament_install']
[0.215s] Level 1:colcon.colcon_core.package_identification:_identify(src/EasyBot/EasyRobot/easyrobot_bringup) by extension 'ignore'
[0.215s] Level 1:colcon.colcon_core.package_identification:_identify(src/EasyBot/EasyRobot/easyrobot_bringup) by extension 'ignore_ament_install'
[0.216s] Level 1:colcon.colcon_core.package_identification:_identify(src/EasyBot/EasyRobot/easyrobot_bringup) by extensions ['colcon_pkg']
[0.216s] Level 1:colcon.colcon_core.package_identification:_identify(src/EasyBot/EasyRobot/easyrobot_bringup) by extension 'colcon_pkg'
[0.216s] Level 1:colcon.colcon_core.package_identification:_identify(src/EasyBot/EasyRobot/easyrobot_bringup) by extensions ['colcon_meta']
[0.216s] Level 1:colcon.colcon_core.package_identification:_identify(src/EasyBot/EasyRobot/easyrobot_bringup) by extension 'colcon_meta'
[0.216s] Level 1:colcon.colcon_core.package_identification:_identify(src/EasyBot/EasyRobot/easyrobot_bringup) by extensions ['ros']
[0.216s] Level 1:colcon.colcon_core.package_identification:_identify(src/EasyBot/EasyRobot/easyrobot_bringup) by extension 'ros'
[0.216s] DEBUG:colcon.colcon_core.package_identification:Package 'src/EasyBot/EasyRobot/easyrobot_bringup' with type 'ros.ament_cmake' and name 'easyrobot_bringup'
[0.217s] Level 1:colcon.colcon_core.package_identification:_identify(src/EasyBot/EasyRobot/moveit_easyrobot) by extensions ['ignore', 'ignore_ament_install']
[0.217s] Level 1:colcon.colcon_core.package_identification:_identify(src/EasyBot/EasyRobot/moveit_easyrobot) by extension 'ignore'
[0.217s] Level 1:colcon.colcon_core.package_identification:_identify(src/EasyBot/EasyRobot/moveit_easyrobot) by extension 'ignore_ament_install'
[0.217s] Level 1:colcon.colcon_core.package_identification:_identify(src/EasyBot/EasyRobot/moveit_easyrobot) by extensions ['colcon_pkg']
[0.217s] Level 1:colcon.colcon_core.package_identification:_identify(src/EasyBot/EasyRobot/moveit_easyrobot) by extension 'colcon_pkg'
[0.217s] Level 1:colcon.colcon_core.package_identification:_identify(src/EasyBot/EasyRobot/moveit_easyrobot) by extensions ['colcon_meta']
[0.217s] Level 1:colcon.colcon_core.package_identification:_identify(src/EasyBot/EasyRobot/moveit_easyrobot) by extension 'colcon_meta'
[0.217s] Level 1:colcon.colcon_core.package_identification:_identify(src/EasyBot/EasyRobot/moveit_easyrobot) by extensions ['ros']
[0.217s] Level 1:colcon.colcon_core.package_identification:_identify(src/EasyBot/EasyRobot/moveit_easyrobot) by extension 'ros'
[0.218s] DEBUG:colcon.colcon_core.package_identification:Package 'src/EasyBot/EasyRobot/moveit_easyrobot' with type 'ros.ament_cmake' and name 'moveit_easyrobot'
[0.218s] Level 1:colcon.colcon_core.package_discovery:discover_packages(recursive) using defaults
[0.218s] Level 1:colcon.colcon_core.package_discovery:discover_packages(ignore) discover
[0.218s] Level 1:colcon.colcon_core.package_discovery:discover_packages(ignore) using defaults
[0.218s] Level 1:colcon.colcon_core.package_discovery:discover_packages(path) discover
[0.218s] Level 1:colcon.colcon_core.package_discovery:discover_packages(path) using defaults
[0.234s] Level 1:colcon.colcon_core.package_discovery:discover_packages(prefix_path) check parameters
[0.234s] Level 1:colcon.colcon_core.package_discovery:discover_packages(prefix_path) discover
[0.236s] DEBUG:colcon.colcon_installed_package_information.package_discovery:Found 375 installed packages in /opt/ros/jazzy
[0.237s] Level 1:colcon.colcon_core.package_discovery:discover_packages(prefix_path) using defaults
[0.261s] Level 5:colcon.colcon_core.verb:set package 'easyrobot' build argument 'cmake_args' from command line to 'None'
[0.261s] Level 5:colcon.colcon_core.verb:set package 'easyrobot' build argument 'cmake_target' from command line to 'None'
[0.261s] Level 5:colcon.colcon_core.verb:set package 'easyrobot' build argument 'cmake_target_skip_unavailable' from command line to 'False'
[0.261s] Level 5:colcon.colcon_core.verb:set package 'easyrobot' build argument 'cmake_clean_cache' from command line to 'False'
[0.261s] Level 5:colcon.colcon_core.verb:set package 'easyrobot' build argument 'cmake_clean_first' from command line to 'False'
[0.261s] Level 5:colcon.colcon_core.verb:set package 'easyrobot' build argument 'cmake_force_configure' from command line to 'False'
[0.261s] Level 5:colcon.colcon_core.verb:set package 'easyrobot' build argument 'ament_cmake_args' from command line to 'None'
[0.261s] Level 5:colcon.colcon_core.verb:set package 'easyrobot' build argument 'catkin_cmake_args' from command line to 'None'
[0.261s] Level 5:colcon.colcon_core.verb:set package 'easyrobot' build argument 'catkin_skip_building_tests' from command line to 'False'
[0.261s] DEBUG:colcon.colcon_core.verb:Building package 'easyrobot' with the following arguments: {'ament_cmake_args': None, 'build_base': '/media/david-linux-arm/linux/ros2_ws/build/easyrobot', 'catkin_cmake_args': None, 'catkin_skip_building_tests': False, 'cmake_args': None, 'cmake_clean_cache': False, 'cmake_clean_first': False, 'cmake_force_configure': False, 'cmake_target': None, 'cmake_target_skip_unavailable': False, 'install_base': '/media/david-linux-arm/linux/ros2_ws/install/easyrobot', 'merge_install': False, 'path': '/media/david-linux-arm/linux/ros2_ws/src/EasyBot/EasyRobot/easyrobot', 'symlink_install': False, 'test_result_base': None}
[0.261s] Level 5:colcon.colcon_core.verb:set package 'easyrobot_bringup' build argument 'cmake_args' from command line to 'None'
[0.261s] Level 5:colcon.colcon_core.verb:set package 'easyrobot_bringup' build argument 'cmake_target' from command line to 'None'
[0.261s] Level 5:colcon.colcon_core.verb:set package 'easyrobot_bringup' build argument 'cmake_target_skip_unavailable' from command line to 'False'
[0.261s] Level 5:colcon.colcon_core.verb:set package 'easyrobot_bringup' build argument 'cmake_clean_cache' from command line to 'False'
[0.261s] Level 5:colcon.colcon_core.verb:set package 'easyrobot_bringup' build argument 'cmake_clean_first' from command line to 'False'
[0.261s] Level 5:colcon.colcon_core.verb:set package 'easyrobot_bringup' build argument 'cmake_force_configure' from command line to 'False'
[0.261s] Level 5:colcon.colcon_core.verb:set package 'easyrobot_bringup' build argument 'ament_cmake_args' from command line to 'None'
[0.261s] Level 5:colcon.colcon_core.verb:set package 'easyrobot_bringup' build argument 'catkin_cmake_args' from command line to 'None'
[0.261s] Level 5:colcon.colcon_core.verb:set package 'easyrobot_bringup' build argument 'catkin_skip_building_tests' from command line to 'False'
[0.261s] DEBUG:colcon.colcon_core.verb:Building package 'easyrobot_bringup' with the following arguments: {'ament_cmake_args': None, 'build_base': '/media/david-linux-arm/linux/ros2_ws/build/easyrobot_bringup', 'catkin_cmake_args': None, 'catkin_skip_building_tests': False, 'cmake_args': None, 'cmake_clean_cache': False, 'cmake_clean_first': False, 'cmake_force_configure': False, 'cmake_target': None, 'cmake_target_skip_unavailable': False, 'install_base': '/media/david-linux-arm/linux/ros2_ws/install/easyrobot_bringup', 'merge_install': False, 'path': '/media/david-linux-arm/linux/ros2_ws/src/EasyBot/EasyRobot/easyrobot_bringup', 'symlink_install': False, 'test_result_base': None}
[0.261s] Level 5:colcon.colcon_core.verb:set package 'moveit_easyrobot' build argument 'cmake_args' from command line to 'None'
[0.261s] Level 5:colcon.colcon_core.verb:set package 'moveit_easyrobot' build argument 'cmake_target' from command line to 'None'
[0.261s] Level 5:colcon.colcon_core.verb:set package 'moveit_easyrobot' build argument 'cmake_target_skip_unavailable' from command line to 'False'
[0.261s] Level 5:colcon.colcon_core.verb:set package 'moveit_easyrobot' build argument 'cmake_clean_cache' from command line to 'False'
[0.261s] Level 5:colcon.colcon_core.verb:set package 'moveit_easyrobot' build argument 'cmake_clean_first' from command line to 'False'
[0.261s] Level 5:colcon.colcon_core.verb:set package 'moveit_easyrobot' build argument 'cmake_force_configure' from command line to 'False'
[0.261s] Level 5:colcon.colcon_core.verb:set package 'moveit_easyrobot' build argument 'ament_cmake_args' from command line to 'None'
[0.261s] Level 5:colcon.colcon_core.verb:set package 'moveit_easyrobot' build argument 'catkin_cmake_args' from command line to 'None'
[0.261s] Level 5:colcon.colcon_core.verb:set package 'moveit_easyrobot' build argument 'catkin_skip_building_tests' from command line to 'False'
[0.262s] DEBUG:colcon.colcon_core.verb:Building package 'moveit_easyrobot' with the following arguments: {'ament_cmake_args': None, 'build_base': '/media/david-linux-arm/linux/ros2_ws/build/moveit_easyrobot', 'catkin_cmake_args': None, 'catkin_skip_building_tests': False, 'cmake_args': None, 'cmake_clean_cache': False, 'cmake_clean_first': False, 'cmake_force_configure': False, 'cmake_target': None, 'cmake_target_skip_unavailable': False, 'install_base': '/media/david-linux-arm/linux/ros2_ws/install/moveit_easyrobot', 'merge_install': False, 'path': '/media/david-linux-arm/linux/ros2_ws/src/EasyBot/EasyRobot/moveit_easyrobot', 'symlink_install': False, 'test_result_base': None}
[0.262s] INFO:colcon.colcon_core.executor:Executing jobs using 'parallel' executor
[0.262s] DEBUG:colcon.colcon_parallel_executor.executor.parallel:run_until_complete
[0.263s] INFO:colcon.colcon_ros.task.ament_cmake.build:Building ROS package in '/media/david-linux-arm/linux/ros2_ws/src/EasyBot/EasyRobot/easyrobot' with build type 'ament_cmake'
[0.263s] INFO:colcon.colcon_cmake.task.cmake.build:Building CMake package in '/media/david-linux-arm/linux/ros2_ws/src/EasyBot/EasyRobot/easyrobot'
[0.266s] INFO:colcon.colcon_core.plugin_system:Skipping extension 'colcon_core.shell.bat': Not used on non-Windows systems
[0.266s] INFO:colcon.colcon_core.shell:Skip shell extension 'powershell' for command environment: Not usable outside of PowerShell
[0.266s] DEBUG:colcon.colcon_core.shell:Skip shell extension 'dsv' for command environment
[0.269s] INFO:colcon.colcon_ros.task.ament_cmake.build:Building ROS package in '/media/david-linux-arm/linux/ros2_ws/src/EasyBot/EasyRobot/easyrobot_bringup' with build type 'ament_cmake'
[0.269s] INFO:colcon.colcon_cmake.task.cmake.build:Building CMake package in '/media/david-linux-arm/linux/ros2_ws/src/EasyBot/EasyRobot/easyrobot_bringup'
[0.269s] INFO:colcon.colcon_core.shell:Skip shell extension 'powershell' for command environment: Not usable outside of PowerShell
[0.269s] DEBUG:colcon.colcon_core.shell:Skip shell extension 'dsv' for command environment
[0.277s] DEBUG:colcon.colcon_core.event_handler.log_command:Invoking command in '/media/david-linux-arm/linux/ros2_ws/build/easyrobot': CMAKE_PREFIX_PATH=${CMAKE_PREFIX_PATH}:/opt/ros/jazzy DEBUGINFOD_URLS=https://debuginfod.ubuntu.com /usr/bin/cmake /media/david-linux-arm/linux/ros2_ws/src/EasyBot/EasyRobot/easyrobot -DCMAKE_INSTALL_PREFIX=/media/david-linux-arm/linux/ros2_ws/install/easyrobot
[0.283s] DEBUG:colcon.colcon_core.event_handler.log_command:Invoking command in '/media/david-linux-arm/linux/ros2_ws/build/easyrobot_bringup': CMAKE_PREFIX_PATH=${CMAKE_PREFIX_PATH}:/opt/ros/jazzy DEBUGINFOD_URLS=https://debuginfod.ubuntu.com /usr/bin/cmake --build /media/david-linux-arm/linux/ros2_ws/build/easyrobot_bringup -- -j8 -l8
[0.296s] DEBUG:colcon.colcon_core.event_handler.log_command:Invoked command in '/media/david-linux-arm/linux/ros2_ws/build/easyrobot' returned '1': CMAKE_PREFIX_PATH=${CMAKE_PREFIX_PATH}:/opt/ros/jazzy DEBUGINFOD_URLS=https://debuginfod.ubuntu.com /usr/bin/cmake /media/david-linux-arm/linux/ros2_ws/src/EasyBot/EasyRobot/easyrobot -DCMAKE_INSTALL_PREFIX=/media/david-linux-arm/linux/ros2_ws/install/easyrobot
[0.297s] Level 1:colcon.colcon_core.environment:create_environment_scripts_only(easyrobot)
[0.300s] Level 1:colcon.colcon_core.environment:checking '/media/david-linux-arm/linux/ros2_ws/install/easyrobot' for CMake module files
[0.306s] Level 1:colcon.colcon_core.environment:checking '/media/david-linux-arm/linux/ros2_ws/install/easyrobot' for CMake config files
[0.316s] Level 1:colcon.colcon_core.shell:create_environment_hook('easyrobot', 'cmake_prefix_path')
[0.317s] INFO:colcon.colcon_core.shell:Creating environment hook '/media/david-linux-arm/linux/ros2_ws/install/easyrobot/share/easyrobot/hook/cmake_prefix_path.ps1'
[0.318s] INFO:colcon.colcon_core.shell:Creating environment descriptor '/media/david-linux-arm/linux/ros2_ws/install/easyrobot/share/easyrobot/hook/cmake_prefix_path.dsv'
[0.318s] INFO:colcon.colcon_core.shell:Creating environment hook '/media/david-linux-arm/linux/ros2_ws/install/easyrobot/share/easyrobot/hook/cmake_prefix_path.sh'
[0.319s] Level 1:colcon.colcon_core.environment:checking '/media/david-linux-arm/linux/ros2_ws/install/easyrobot/bin'
[0.319s] Level 1:colcon.colcon_core.environment:checking '/media/david-linux-arm/linux/ros2_ws/install/easyrobot/lib/pkgconfig/easyrobot.pc'
[0.319s] Level 1:colcon.colcon_core.environment:checking '/media/david-linux-arm/linux/ros2_ws/install/easyrobot/lib/python3.12/site-packages'
[0.319s] Level 1:colcon.colcon_core.environment:checking '/media/david-linux-arm/linux/ros2_ws/install/easyrobot/bin'
[0.320s] INFO:colcon.colcon_core.shell:Creating package script '/media/david-linux-arm/linux/ros2_ws/install/easyrobot/share/easyrobot/package.ps1'
[0.320s] INFO:colcon.colcon_core.shell:Creating package descriptor '/media/david-linux-arm/linux/ros2_ws/install/easyrobot/share/easyrobot/package.dsv'
[0.320s] INFO:colcon.colcon_core.shell:Creating package script '/media/david-linux-arm/linux/ros2_ws/install/easyrobot/share/easyrobot/package.sh'
[0.321s] INFO:colcon.colcon_core.shell:Creating package script '/media/david-linux-arm/linux/ros2_ws/install/easyrobot/share/easyrobot/package.bash'
[0.321s] INFO:colcon.colcon_core.shell:Creating package script '/media/david-linux-arm/linux/ros2_ws/install/easyrobot/share/easyrobot/package.zsh'
[0.322s] Level 1:colcon.colcon_core.environment:create_file_with_runtime_dependencies(/media/david-linux-arm/linux/ros2_ws/install/easyrobot/share/colcon-core/packages/easyrobot)
[0.334s] DEBUG:colcon.colcon_parallel_executor.executor.parallel:closing loop
[0.334s] DEBUG:colcon.colcon_parallel_executor.executor.parallel:loop closed
[0.334s] DEBUG:colcon.colcon_parallel_executor.executor.parallel:run_until_complete finished with '1'
[0.334s] DEBUG:colcon.colcon_core.event_reactor:joining thread
[0.343s] INFO:colcon.colcon_core.plugin_system:Skipping extension 'colcon_notification.desktop_notification.terminal_notifier': Not used on non-Darwin systems
[0.343s] INFO:colcon.colcon_core.plugin_system:Skipping extension 'colcon_notification.desktop_notification.win32': Not used on non-Windows systems
[0.343s] INFO:colcon.colcon_notification.desktop_notification:Sending desktop notification using 'notify2'
[0.370s] DEBUG:colcon.colcon_core.event_reactor:joined thread
[0.370s] INFO:colcon.colcon_core.shell:Creating prefix script '/media/david-linux-arm/linux/ros2_ws/install/local_setup.ps1'
[0.372s] INFO:colcon.colcon_core.shell:Creating prefix util module '/media/david-linux-arm/linux/ros2_ws/install/_local_setup_util_ps1.py'
[0.372s] INFO:colcon.colcon_core.shell:Creating prefix chain script '/media/david-linux-arm/linux/ros2_ws/install/setup.ps1'
[0.373s] INFO:colcon.colcon_core.shell:Creating prefix script '/media/david-linux-arm/linux/ros2_ws/install/local_setup.sh'
[0.373s] INFO:colcon.colcon_core.shell:Creating prefix util module '/media/david-linux-arm/linux/ros2_ws/install/_local_setup_util_sh.py'
[0.373s] INFO:colcon.colcon_core.shell:Creating prefix chain script '/media/david-linux-arm/linux/ros2_ws/install/setup.sh'
[0.374s] INFO:colcon.colcon_core.shell:Creating prefix script '/media/david-linux-arm/linux/ros2_ws/install/local_setup.bash'
[0.374s] INFO:colcon.colcon_core.shell:Creating prefix chain script '/media/david-linux-arm/linux/ros2_ws/install/setup.bash'
[0.375s] INFO:colcon.colcon_core.shell:Creating prefix script '/media/david-linux-arm/linux/ros2_ws/install/local_setup.zsh'
[0.375s] INFO:colcon.colcon_core.shell:Creating prefix chain script '/media/david-linux-arm/linux/ros2_ws/install/setup.zsh'
