running egg_info
creating ../../build/robotcatch_policy/robotcatch_policy.egg-info
writing ../../build/robotcatch_policy/robotcatch_policy.egg-info/PKG-INFO
writing dependency_links to ../../build/robotcatch_policy/robotcatch_policy.egg-info/dependency_links.txt
writing requirements to ../../build/robotcatch_policy/robotcatch_policy.egg-info/requires.txt
writing top-level names to ../../build/robotcatch_policy/robotcatch_policy.egg-info/top_level.txt
writing manifest file '../../build/robotcatch_policy/robotcatch_policy.egg-info/SOURCES.txt'
reading manifest file '../../build/robotcatch_policy/robotcatch_policy.egg-info/SOURCES.txt'
writing manifest file '../../build/robotcatch_policy/robotcatch_policy.egg-info/SOURCES.txt'
running build
running build_py
creating /media/david-linux-arm/linux/ros2_ws/build/robotcatch_policy/build
creating /media/david-linux-arm/linux/ros2_ws/build/robotcatch_policy/build/lib
creating /media/david-linux-arm/linux/ros2_ws/build/robotcatch_policy/build/lib/robotcatch_policy
copying robotcatch_policy/__init__.py -> /media/david-linux-arm/linux/ros2_ws/build/robotcatch_policy/build/lib/robotcatch_policy
running install
running install_lib
creating /media/david-linux-arm/linux/ros2_ws/install/robotcatch_policy/lib/python3.12/site-packages/robotcatch_policy
copying /media/david-linux-arm/linux/ros2_ws/build/robotcatch_policy/build/lib/robotcatch_policy/__init__.py -> /media/david-linux-arm/linux/ros2_ws/install/robotcatch_policy/lib/python3.12/site-packages/robotcatch_policy
byte-compiling /media/david-linux-arm/linux/ros2_ws/install/robotcatch_policy/lib/python3.12/site-packages/robotcatch_policy/__init__.py to __init__.cpython-312.pyc
running install_data
creating /media/david-linux-arm/linux/ros2_ws/install/robotcatch_policy/share/ament_index
creating /media/david-linux-arm/linux/ros2_ws/install/robotcatch_policy/share/ament_index/resource_index
creating /media/david-linux-arm/linux/ros2_ws/install/robotcatch_policy/share/ament_index/resource_index/packages
copying resource/robotcatch_policy -> /media/david-linux-arm/linux/ros2_ws/install/robotcatch_policy/share/ament_index/resource_index/packages
copying package.xml -> /media/david-linux-arm/linux/ros2_ws/install/robotcatch_policy/share/robotcatch_policy
running install_egg_info
Copying ../../build/robotcatch_policy/robotcatch_policy.egg-info to /media/david-linux-arm/linux/ros2_ws/install/robotcatch_policy/lib/python3.12/site-packages/robotcatch_policy-0.0.0-py3.12.egg-info
running install_scripts
writing list of installed files to '/media/david-linux-arm/linux/ros2_ws/build/robotcatch_policy/install.log'
