[0.704s] Invoking command in '/media/david-linux-arm/linux/ros2_ws/src/robotcatch_policy': DEBUGINFOD_URLS=https://debuginfod.ubuntu.com PYTHONPATH=/media/david-linux-arm/linux/ros2_ws/build/robotcatch_policy/prefix_override:/usr/lib/python3/dist-packages/colcon_core/task/python/colcon_distutils_commands:/media/david-linux-arm/linux/ros2_ws/install/robotcatch_policy/lib/python3.12/site-packages:${PYTHONPATH} /usr/bin/python3 -W ignore:setup.py install is deprecated -W ignore:easy_install command is deprecated setup.py egg_info --egg-base ../../build/robotcatch_policy build --build-base /media/david-linux-arm/linux/ros2_ws/build/robotcatch_policy/build install --record /media/david-linux-arm/linux/ros2_ws/build/robotcatch_policy/install.log --single-version-externally-managed install_data
[0.840s] running egg_info
[0.840s] creating ../../build/robotcatch_policy/robotcatch_policy.egg-info
[0.849s] writing ../../build/robotcatch_policy/robotcatch_policy.egg-info/PKG-INFO
[0.849s] writing dependency_links to ../../build/robotcatch_policy/robotcatch_policy.egg-info/dependency_links.txt
[0.850s] writing requirements to ../../build/robotcatch_policy/robotcatch_policy.egg-info/requires.txt
[0.850s] writing top-level names to ../../build/robotcatch_policy/robotcatch_policy.egg-info/top_level.txt
[0.850s] writing manifest file '../../build/robotcatch_policy/robotcatch_policy.egg-info/SOURCES.txt'
[0.866s] reading manifest file '../../build/robotcatch_policy/robotcatch_policy.egg-info/SOURCES.txt'
[0.867s] writing manifest file '../../build/robotcatch_policy/robotcatch_policy.egg-info/SOURCES.txt'
[0.867s] running build
[0.867s] running build_py
[0.867s] creating /media/david-linux-arm/linux/ros2_ws/build/robotcatch_policy/build
[0.867s] creating /media/david-linux-arm/linux/ros2_ws/build/robotcatch_policy/build/lib
[0.867s] creating /media/david-linux-arm/linux/ros2_ws/build/robotcatch_policy/build/lib/robotcatch_policy
[0.867s] copying robotcatch_policy/__init__.py -> /media/david-linux-arm/linux/ros2_ws/build/robotcatch_policy/build/lib/robotcatch_policy
[0.867s] running install
[0.870s] running install_lib
[0.879s] creating /media/david-linux-arm/linux/ros2_ws/install/robotcatch_policy/lib/python3.12/site-packages/robotcatch_policy
[0.879s] copying /media/david-linux-arm/linux/ros2_ws/build/robotcatch_policy/build/lib/robotcatch_policy/__init__.py -> /media/david-linux-arm/linux/ros2_ws/install/robotcatch_policy/lib/python3.12/site-packages/robotcatch_policy
[0.880s] byte-compiling /media/david-linux-arm/linux/ros2_ws/install/robotcatch_policy/lib/python3.12/site-packages/robotcatch_policy/__init__.py to __init__.cpython-312.pyc
[0.880s] running install_data
[0.880s] creating /media/david-linux-arm/linux/ros2_ws/install/robotcatch_policy/share/ament_index
[0.881s] creating /media/david-linux-arm/linux/ros2_ws/install/robotcatch_policy/share/ament_index/resource_index
[0.881s] creating /media/david-linux-arm/linux/ros2_ws/install/robotcatch_policy/share/ament_index/resource_index/packages
[0.881s] copying resource/robotcatch_policy -> /media/david-linux-arm/linux/ros2_ws/install/robotcatch_policy/share/ament_index/resource_index/packages
[0.881s] copying package.xml -> /media/david-linux-arm/linux/ros2_ws/install/robotcatch_policy/share/robotcatch_policy
[0.882s] running install_egg_info
[0.888s] Copying ../../build/robotcatch_policy/robotcatch_policy.egg-info to /media/david-linux-arm/linux/ros2_ws/install/robotcatch_policy/lib/python3.12/site-packages/robotcatch_policy-0.0.0-py3.12.egg-info
[0.889s] running install_scripts
[0.951s] writing list of installed files to '/media/david-linux-arm/linux/ros2_ws/build/robotcatch_policy/install.log'
[0.973s] Invoked command in '/media/david-linux-arm/linux/ros2_ws/src/robotcatch_policy' returned '0': DEBUGINFOD_URLS=https://debuginfod.ubuntu.com PYTHONPATH=/media/david-linux-arm/linux/ros2_ws/build/robotcatch_policy/prefix_override:/usr/lib/python3/dist-packages/colcon_core/task/python/colcon_distutils_commands:/media/david-linux-arm/linux/ros2_ws/install/robotcatch_policy/lib/python3.12/site-packages:${PYTHONPATH} /usr/bin/python3 -W ignore:setup.py install is deprecated -W ignore:easy_install command is deprecated setup.py egg_info --egg-base ../../build/robotcatch_policy build --build-base /media/david-linux-arm/linux/ros2_ws/build/robotcatch_policy/build install --record /media/david-linux-arm/linux/ros2_ws/build/robotcatch_policy/install.log --single-version-externally-managed install_data
