[0.006s] Invoking command in '/media/david-linux-arm/linux/ros2_ws/build/moveit_easyrobot': AMENT_PREFIX_PATH=/media/david-linux-arm/linux/ros2_ws/install/easyrobot:${AMENT_PREFIX_PATH} CMAKE_PREFIX_PATH=/media/david-linux-arm/linux/ros2_ws/install/easyrobot:/opt/ros/jazzy/opt/gz_sim_vendor:/opt/ros/jazzy/opt/gz_sensors_vendor:/opt/ros/jazzy/opt/gz_physics_vendor:/opt/ros/jazzy/opt/sdformat_vendor:/opt/ros/jazzy/opt/gz_gui_vendor:/opt/ros/jazzy/opt/gz_transport_vendor:/opt/ros/jazzy/opt/gz_rendering_vendor:/opt/ros/jazzy/opt/gz_plugin_vendor:/opt/ros/jazzy/opt/gz_fuel_tools_vendor:/opt/ros/jazzy/opt/gz_msgs_vendor:/opt/ros/jazzy/opt/gz_common_vendor:/opt/ros/jazzy/opt/gz_math_vendor:/opt/ros/jazzy/opt/gz_utils_vendor:/opt/ros/jazzy/opt/gz_tools_vendor:/opt/ros/jazzy/opt/gz_ogre_next_vendor:/opt/ros/jazzy/opt/gz_dartsim_vendor:/opt/ros/jazzy/opt/gz_cmake_vendor:/opt/ros/jazzy DEBUGINFOD_URLS=https://debuginfod.ubuntu.com /usr/bin/cmake /media/david-linux-arm/linux/ros2_ws/EasyBot/EasyRobot/moveit_easyrobot -DCMAKE_INSTALL_PREFIX=/media/david-linux-arm/linux/ros2_ws/install/moveit_easyrobot
[0.073s] -- The C compiler identification is GNU 13.3.0
[0.141s] -- The CXX compiler identification is GNU 13.3.0
[0.159s] -- Detecting C compiler ABI info
[0.230s] -- Detecting C compiler ABI info - done
[0.246s] -- Check for working C compiler: /usr/bin/cc - skipped
[0.247s] -- Detecting C compile features
[0.249s] -- Detecting C compile features - done
[0.255s] -- Detecting CXX compiler ABI info
[0.344s] -- Detecting CXX compiler ABI info - done
[0.361s] -- Check for working CXX compiler: /usr/bin/c++ - skipped
[0.361s] -- Detecting CXX compile features
[0.362s] -- Detecting CXX compile features - done
[0.367s] -- Found ament_cmake: 2.5.3 (/opt/ros/jazzy/share/ament_cmake/cmake)
[0.507s] -- Found Python3: /usr/bin/python3 (found version "3.12.3") found components: Interpreter 
[0.661s] -- Configuring done (0.6s)
[0.662s] -- Generating done (0.0s)
[0.663s] -- Build files have been written to: /media/david-linux-arm/linux/ros2_ws/build/moveit_easyrobot
[0.666s] Invoked command in '/media/david-linux-arm/linux/ros2_ws/build/moveit_easyrobot' returned '0': AMENT_PREFIX_PATH=/media/david-linux-arm/linux/ros2_ws/install/easyrobot:${AMENT_PREFIX_PATH} CMAKE_PREFIX_PATH=/media/david-linux-arm/linux/ros2_ws/install/easyrobot:/opt/ros/jazzy/opt/gz_sim_vendor:/opt/ros/jazzy/opt/gz_sensors_vendor:/opt/ros/jazzy/opt/gz_physics_vendor:/opt/ros/jazzy/opt/sdformat_vendor:/opt/ros/jazzy/opt/gz_gui_vendor:/opt/ros/jazzy/opt/gz_transport_vendor:/opt/ros/jazzy/opt/gz_rendering_vendor:/opt/ros/jazzy/opt/gz_plugin_vendor:/opt/ros/jazzy/opt/gz_fuel_tools_vendor:/opt/ros/jazzy/opt/gz_msgs_vendor:/opt/ros/jazzy/opt/gz_common_vendor:/opt/ros/jazzy/opt/gz_math_vendor:/opt/ros/jazzy/opt/gz_utils_vendor:/opt/ros/jazzy/opt/gz_tools_vendor:/opt/ros/jazzy/opt/gz_ogre_next_vendor:/opt/ros/jazzy/opt/gz_dartsim_vendor:/opt/ros/jazzy/opt/gz_cmake_vendor:/opt/ros/jazzy DEBUGINFOD_URLS=https://debuginfod.ubuntu.com /usr/bin/cmake /media/david-linux-arm/linux/ros2_ws/EasyBot/EasyRobot/moveit_easyrobot -DCMAKE_INSTALL_PREFIX=/media/david-linux-arm/linux/ros2_ws/install/moveit_easyrobot
[0.666s] Invoking command in '/media/david-linux-arm/linux/ros2_ws/build/moveit_easyrobot': AMENT_PREFIX_PATH=/media/david-linux-arm/linux/ros2_ws/install/easyrobot:${AMENT_PREFIX_PATH} CMAKE_PREFIX_PATH=/media/david-linux-arm/linux/ros2_ws/install/easyrobot:/opt/ros/jazzy/opt/gz_sim_vendor:/opt/ros/jazzy/opt/gz_sensors_vendor:/opt/ros/jazzy/opt/gz_physics_vendor:/opt/ros/jazzy/opt/sdformat_vendor:/opt/ros/jazzy/opt/gz_gui_vendor:/opt/ros/jazzy/opt/gz_transport_vendor:/opt/ros/jazzy/opt/gz_rendering_vendor:/opt/ros/jazzy/opt/gz_plugin_vendor:/opt/ros/jazzy/opt/gz_fuel_tools_vendor:/opt/ros/jazzy/opt/gz_msgs_vendor:/opt/ros/jazzy/opt/gz_common_vendor:/opt/ros/jazzy/opt/gz_math_vendor:/opt/ros/jazzy/opt/gz_utils_vendor:/opt/ros/jazzy/opt/gz_tools_vendor:/opt/ros/jazzy/opt/gz_ogre_next_vendor:/opt/ros/jazzy/opt/gz_dartsim_vendor:/opt/ros/jazzy/opt/gz_cmake_vendor:/opt/ros/jazzy DEBUGINFOD_URLS=https://debuginfod.ubuntu.com /usr/bin/cmake --build /media/david-linux-arm/linux/ros2_ws/build/moveit_easyrobot -- -j8 -l8
[0.715s] Invoked command in '/media/david-linux-arm/linux/ros2_ws/build/moveit_easyrobot' returned '0': AMENT_PREFIX_PATH=/media/david-linux-arm/linux/ros2_ws/install/easyrobot:${AMENT_PREFIX_PATH} CMAKE_PREFIX_PATH=/media/david-linux-arm/linux/ros2_ws/install/easyrobot:/opt/ros/jazzy/opt/gz_sim_vendor:/opt/ros/jazzy/opt/gz_sensors_vendor:/opt/ros/jazzy/opt/gz_physics_vendor:/opt/ros/jazzy/opt/sdformat_vendor:/opt/ros/jazzy/opt/gz_gui_vendor:/opt/ros/jazzy/opt/gz_transport_vendor:/opt/ros/jazzy/opt/gz_rendering_vendor:/opt/ros/jazzy/opt/gz_plugin_vendor:/opt/ros/jazzy/opt/gz_fuel_tools_vendor:/opt/ros/jazzy/opt/gz_msgs_vendor:/opt/ros/jazzy/opt/gz_common_vendor:/opt/ros/jazzy/opt/gz_math_vendor:/opt/ros/jazzy/opt/gz_utils_vendor:/opt/ros/jazzy/opt/gz_tools_vendor:/opt/ros/jazzy/opt/gz_ogre_next_vendor:/opt/ros/jazzy/opt/gz_dartsim_vendor:/opt/ros/jazzy/opt/gz_cmake_vendor:/opt/ros/jazzy DEBUGINFOD_URLS=https://debuginfod.ubuntu.com /usr/bin/cmake --build /media/david-linux-arm/linux/ros2_ws/build/moveit_easyrobot -- -j8 -l8
[0.716s] Invoking command in '/media/david-linux-arm/linux/ros2_ws/build/moveit_easyrobot': AMENT_PREFIX_PATH=/media/david-linux-arm/linux/ros2_ws/install/easyrobot:${AMENT_PREFIX_PATH} CMAKE_PREFIX_PATH=/media/david-linux-arm/linux/ros2_ws/install/easyrobot:/opt/ros/jazzy/opt/gz_sim_vendor:/opt/ros/jazzy/opt/gz_sensors_vendor:/opt/ros/jazzy/opt/gz_physics_vendor:/opt/ros/jazzy/opt/sdformat_vendor:/opt/ros/jazzy/opt/gz_gui_vendor:/opt/ros/jazzy/opt/gz_transport_vendor:/opt/ros/jazzy/opt/gz_rendering_vendor:/opt/ros/jazzy/opt/gz_plugin_vendor:/opt/ros/jazzy/opt/gz_fuel_tools_vendor:/opt/ros/jazzy/opt/gz_msgs_vendor:/opt/ros/jazzy/opt/gz_common_vendor:/opt/ros/jazzy/opt/gz_math_vendor:/opt/ros/jazzy/opt/gz_utils_vendor:/opt/ros/jazzy/opt/gz_tools_vendor:/opt/ros/jazzy/opt/gz_ogre_next_vendor:/opt/ros/jazzy/opt/gz_dartsim_vendor:/opt/ros/jazzy/opt/gz_cmake_vendor:/opt/ros/jazzy DEBUGINFOD_URLS=https://debuginfod.ubuntu.com /usr/bin/cmake --install /media/david-linux-arm/linux/ros2_ws/build/moveit_easyrobot
[0.727s] -- Install configuration: ""
[0.727s] -- Installing: /media/david-linux-arm/linux/ros2_ws/install/moveit_easyrobot/share/ament_index/resource_index/package_run_dependencies/moveit_easyrobot
[0.727s] -- Installing: /media/david-linux-arm/linux/ros2_ws/install/moveit_easyrobot/share/ament_index/resource_index/parent_prefix_path/moveit_easyrobot
[0.727s] -- Installing: /media/david-linux-arm/linux/ros2_ws/install/moveit_easyrobot/share/moveit_easyrobot/environment/ament_prefix_path.sh
[0.728s] -- Installing: /media/david-linux-arm/linux/ros2_ws/install/moveit_easyrobot/share/moveit_easyrobot/environment/ament_prefix_path.dsv
[0.728s] -- Installing: /media/david-linux-arm/linux/ros2_ws/install/moveit_easyrobot/share/moveit_easyrobot/environment/path.sh
[0.728s] -- Installing: /media/david-linux-arm/linux/ros2_ws/install/moveit_easyrobot/share/moveit_easyrobot/environment/path.dsv
[0.728s] -- Installing: /media/david-linux-arm/linux/ros2_ws/install/moveit_easyrobot/share/moveit_easyrobot/local_setup.bash
[0.728s] -- Installing: /media/david-linux-arm/linux/ros2_ws/install/moveit_easyrobot/share/moveit_easyrobot/local_setup.sh
[0.728s] -- Installing: /media/david-linux-arm/linux/ros2_ws/install/moveit_easyrobot/share/moveit_easyrobot/local_setup.zsh
[0.729s] -- Installing: /media/david-linux-arm/linux/ros2_ws/install/moveit_easyrobot/share/moveit_easyrobot/local_setup.dsv
[0.729s] -- Installing: /media/david-linux-arm/linux/ros2_ws/install/moveit_easyrobot/share/moveit_easyrobot/package.dsv
[0.729s] -- Installing: /media/david-linux-arm/linux/ros2_ws/install/moveit_easyrobot/share/ament_index/resource_index/packages/moveit_easyrobot
[0.729s] -- Installing: /media/david-linux-arm/linux/ros2_ws/install/moveit_easyrobot/share/moveit_easyrobot/cmake/moveit_easyrobotConfig.cmake
[0.729s] -- Installing: /media/david-linux-arm/linux/ros2_ws/install/moveit_easyrobot/share/moveit_easyrobot/cmake/moveit_easyrobotConfig-version.cmake
[0.729s] -- Installing: /media/david-linux-arm/linux/ros2_ws/install/moveit_easyrobot/share/moveit_easyrobot/package.xml
[0.729s] -- Installing: /media/david-linux-arm/linux/ros2_ws/install/moveit_easyrobot/share/moveit_easyrobot/launch
[0.729s] -- Installing: /media/david-linux-arm/linux/ros2_ws/install/moveit_easyrobot/share/moveit_easyrobot/launch/moveit_rviz.launch.py
[0.729s] -- Installing: /media/david-linux-arm/linux/ros2_ws/install/moveit_easyrobot/share/moveit_easyrobot/launch/move_group_edit.launch.py
[0.729s] -- Installing: /media/david-linux-arm/linux/ros2_ws/install/moveit_easyrobot/share/moveit_easyrobot/launch/warehouse_db.launch.py
[0.729s] -- Installing: /media/david-linux-arm/linux/ros2_ws/install/moveit_easyrobot/share/moveit_easyrobot/launch/setup_assistant.launch.py
[0.729s] -- Installing: /media/david-linux-arm/linux/ros2_ws/install/moveit_easyrobot/share/moveit_easyrobot/launch/rsp.launch.py
[0.729s] -- Installing: /media/david-linux-arm/linux/ros2_ws/install/moveit_easyrobot/share/moveit_easyrobot/launch/moveit_rviz_edit.launch.py
[0.730s] -- Installing: /media/david-linux-arm/linux/ros2_ws/install/moveit_easyrobot/share/moveit_easyrobot/launch/static_virtual_joint_tfs.launch.py
[0.730s] -- Installing: /media/david-linux-arm/linux/ros2_ws/install/moveit_easyrobot/share/moveit_easyrobot/launch/move_group.launch.py
[0.730s] -- Installing: /media/david-linux-arm/linux/ros2_ws/install/moveit_easyrobot/share/moveit_easyrobot/launch/spawn_controllers.launch.py
[0.730s] -- Installing: /media/david-linux-arm/linux/ros2_ws/install/moveit_easyrobot/share/moveit_easyrobot/launch/demo.launch.py
[0.730s] -- Installing: /media/david-linux-arm/linux/ros2_ws/install/moveit_easyrobot/share/moveit_easyrobot/config
[0.730s] -- Installing: /media/david-linux-arm/linux/ros2_ws/install/moveit_easyrobot/share/moveit_easyrobot/config/pilz_cartesian_limits.yaml
[0.730s] -- Installing: /media/david-linux-arm/linux/ros2_ws/install/moveit_easyrobot/share/moveit_easyrobot/config/moveit_controllers.yaml
[0.730s] -- Installing: /media/david-linux-arm/linux/ros2_ws/install/moveit_easyrobot/share/moveit_easyrobot/config/initial_positions.yaml
[0.730s] -- Installing: /media/david-linux-arm/linux/ros2_ws/install/moveit_easyrobot/share/moveit_easyrobot/config/ros2_controllers.yaml
[0.730s] -- Installing: /media/david-linux-arm/linux/ros2_ws/install/moveit_easyrobot/share/moveit_easyrobot/config/easyrobot.ros2_control.xacro
[0.731s] -- Installing: /media/david-linux-arm/linux/ros2_ws/install/moveit_easyrobot/share/moveit_easyrobot/config/easyrobot.urdf.xacro
[0.731s] -- Installing: /media/david-linux-arm/linux/ros2_ws/install/moveit_easyrobot/share/moveit_easyrobot/config/kinematics.yaml
[0.731s] -- Installing: /media/david-linux-arm/linux/ros2_ws/install/moveit_easyrobot/share/moveit_easyrobot/config/moveit.rviz
[0.731s] -- Installing: /media/david-linux-arm/linux/ros2_ws/install/moveit_easyrobot/share/moveit_easyrobot/config/joint_limits.yaml
[0.731s] -- Installing: /media/david-linux-arm/linux/ros2_ws/install/moveit_easyrobot/share/moveit_easyrobot/config/easyrobot.srdf
[0.731s] -- Installing: /media/david-linux-arm/linux/ros2_ws/install/moveit_easyrobot/share/moveit_easyrobot/config/ompl_planning.yaml
[0.731s] -- Installing: /media/david-linux-arm/linux/ros2_ws/install/moveit_easyrobot/share/moveit_easyrobot/.setup_assistant
[0.732s] Invoked command in '/media/david-linux-arm/linux/ros2_ws/build/moveit_easyrobot' returned '0': AMENT_PREFIX_PATH=/media/david-linux-arm/linux/ros2_ws/install/easyrobot:${AMENT_PREFIX_PATH} CMAKE_PREFIX_PATH=/media/david-linux-arm/linux/ros2_ws/install/easyrobot:/opt/ros/jazzy/opt/gz_sim_vendor:/opt/ros/jazzy/opt/gz_sensors_vendor:/opt/ros/jazzy/opt/gz_physics_vendor:/opt/ros/jazzy/opt/sdformat_vendor:/opt/ros/jazzy/opt/gz_gui_vendor:/opt/ros/jazzy/opt/gz_transport_vendor:/opt/ros/jazzy/opt/gz_rendering_vendor:/opt/ros/jazzy/opt/gz_plugin_vendor:/opt/ros/jazzy/opt/gz_fuel_tools_vendor:/opt/ros/jazzy/opt/gz_msgs_vendor:/opt/ros/jazzy/opt/gz_common_vendor:/opt/ros/jazzy/opt/gz_math_vendor:/opt/ros/jazzy/opt/gz_utils_vendor:/opt/ros/jazzy/opt/gz_tools_vendor:/opt/ros/jazzy/opt/gz_ogre_next_vendor:/opt/ros/jazzy/opt/gz_dartsim_vendor:/opt/ros/jazzy/opt/gz_cmake_vendor:/opt/ros/jazzy DEBUGINFOD_URLS=https://debuginfod.ubuntu.com /usr/bin/cmake --install /media/david-linux-arm/linux/ros2_ws/build/moveit_easyrobot
