[0.082s] DEBUG:colcon:Command line arguments: ['/usr/bin/colcon', 'list', '-p', '--base-paths', '/media/david-linux-arm/linux/ros2_ws']
[0.082s] DEBUG:colcon:Parsed command line arguments: Namespace(log_base=None, log_level=None, verb_name='list', build_base='build', ignore_user_meta=False, metas=['./colcon.meta'], base_paths=['/media/david-linux-arm/linux/ros2_ws'], packages_ignore=None, packages_ignore_regex=None, paths=None, packages_up_to=None, packages_up_to_regex=None, packages_above=None, packages_above_and_dependencies=None, packages_above_depth=None, packages_select_by_dep=None, packages_skip_by_dep=None, packages_skip_up_to=None, packages_select_build_failed=False, packages_skip_build_finished=False, packages_select_test_failures=False, packages_skip_test_passed=False, packages_select=None, packages_skip=None, packages_select_regex=None, packages_skip_regex=None, packages_start=None, packages_end=None, allow_overriding=[], topological_order=False, names_only=False, paths_only=True, topological_graph=False, topological_graph_dot=False, topological_graph_density=False, topological_graph_legend=False, topological_graph_dot_cluster=False, topological_graph_dot_include_skipped=False, mixin_files=None, mixin=None, verb_parser=<colcon_mixin.mixin.mixin_argument.MixinArgumentDecorator object at 0xffff94e95ac0>, verb_extension=<colcon_package_information.verb.list.ListVerb object at 0xffff95085730>, main=<bound method ListVerb.main of <colcon_package_information.verb.list.ListVerb object at 0xffff95085730>>, mixin_verb=('list',))
[0.108s] Level 1:colcon.colcon_core.package_discovery:discover_packages(colcon_meta) check parameters
[0.108s] Level 1:colcon.colcon_core.package_discovery:discover_packages(recursive) check parameters
[0.108s] Level 1:colcon.colcon_core.package_discovery:discover_packages(ignore) check parameters
[0.108s] Level 1:colcon.colcon_core.package_discovery:discover_packages(path) check parameters
[0.108s] Level 1:colcon.colcon_core.package_discovery:discover_packages(recursive) discover
[0.108s] INFO:colcon.colcon_core.package_discovery:Crawling recursively for packages in '/media/david-linux-arm/linux/ros2_ws'
[0.109s] Level 1:colcon.colcon_core.package_identification:_identify(/media/david-linux-arm/linux/ros2_ws) by extensions ['ignore', 'ignore_ament_install']
[0.109s] Level 1:colcon.colcon_core.package_identification:_identify(/media/david-linux-arm/linux/ros2_ws) by extension 'ignore'
[0.109s] Level 1:colcon.colcon_core.package_identification:_identify(/media/david-linux-arm/linux/ros2_ws) by extension 'ignore_ament_install'
[0.109s] Level 1:colcon.colcon_core.package_identification:_identify(/media/david-linux-arm/linux/ros2_ws) by extensions ['colcon_pkg']
[0.109s] Level 1:colcon.colcon_core.package_identification:_identify(/media/david-linux-arm/linux/ros2_ws) by extension 'colcon_pkg'
[0.109s] Level 1:colcon.colcon_core.package_identification:_identify(/media/david-linux-arm/linux/ros2_ws) by extensions ['colcon_meta']
[0.109s] Level 1:colcon.colcon_core.package_identification:_identify(/media/david-linux-arm/linux/ros2_ws) by extension 'colcon_meta'
[0.109s] Level 1:colcon.colcon_core.package_identification:_identify(/media/david-linux-arm/linux/ros2_ws) by extensions ['ros']
[0.109s] Level 1:colcon.colcon_core.package_identification:_identify(/media/david-linux-arm/linux/ros2_ws) by extension 'ros'
[0.124s] Level 1:colcon.colcon_core.package_identification:_identify(/media/david-linux-arm/linux/ros2_ws) by extensions ['cmake', 'python']
[0.124s] Level 1:colcon.colcon_core.package_identification:_identify(/media/david-linux-arm/linux/ros2_ws) by extension 'cmake'
[0.124s] Level 1:colcon.colcon_core.package_identification:_identify(/media/david-linux-arm/linux/ros2_ws) by extension 'python'
[0.124s] Level 1:colcon.colcon_core.package_identification:_identify(/media/david-linux-arm/linux/ros2_ws) by extensions ['python_setup_py']
[0.124s] Level 1:colcon.colcon_core.package_identification:_identify(/media/david-linux-arm/linux/ros2_ws) by extension 'python_setup_py'
[0.124s] Level 1:colcon.colcon_core.package_identification:_identify(/media/david-linux-arm/linux/ros2_ws/build) by extensions ['ignore', 'ignore_ament_install']
[0.124s] Level 1:colcon.colcon_core.package_identification:_identify(/media/david-linux-arm/linux/ros2_ws/build) by extension 'ignore'
[0.124s] Level 1:colcon.colcon_core.package_identification:_identify(/media/david-linux-arm/linux/ros2_ws/build) ignored
[0.124s] Level 1:colcon.colcon_core.package_identification:_identify(/media/david-linux-arm/linux/ros2_ws/install) by extensions ['ignore', 'ignore_ament_install']
[0.124s] Level 1:colcon.colcon_core.package_identification:_identify(/media/david-linux-arm/linux/ros2_ws/install) by extension 'ignore'
[0.124s] Level 1:colcon.colcon_core.package_identification:_identify(/media/david-linux-arm/linux/ros2_ws/install) ignored
[0.124s] Level 1:colcon.colcon_core.package_identification:_identify(/media/david-linux-arm/linux/ros2_ws/log) by extensions ['ignore', 'ignore_ament_install']
[0.124s] Level 1:colcon.colcon_core.package_identification:_identify(/media/david-linux-arm/linux/ros2_ws/log) by extension 'ignore'
[0.124s] Level 1:colcon.colcon_core.package_identification:_identify(/media/david-linux-arm/linux/ros2_ws/log) ignored
[0.124s] Level 1:colcon.colcon_core.package_identification:_identify(/media/david-linux-arm/linux/ros2_ws/src) by extensions ['ignore', 'ignore_ament_install']
[0.124s] Level 1:colcon.colcon_core.package_identification:_identify(/media/david-linux-arm/linux/ros2_ws/src) by extension 'ignore'
[0.124s] Level 1:colcon.colcon_core.package_identification:_identify(/media/david-linux-arm/linux/ros2_ws/src) by extension 'ignore_ament_install'
[0.124s] Level 1:colcon.colcon_core.package_identification:_identify(/media/david-linux-arm/linux/ros2_ws/src) by extensions ['colcon_pkg']
[0.124s] Level 1:colcon.colcon_core.package_identification:_identify(/media/david-linux-arm/linux/ros2_ws/src) by extension 'colcon_pkg'
[0.124s] Level 1:colcon.colcon_core.package_identification:_identify(/media/david-linux-arm/linux/ros2_ws/src) by extensions ['colcon_meta']
[0.124s] Level 1:colcon.colcon_core.package_identification:_identify(/media/david-linux-arm/linux/ros2_ws/src) by extension 'colcon_meta'
[0.124s] Level 1:colcon.colcon_core.package_identification:_identify(/media/david-linux-arm/linux/ros2_ws/src) by extensions ['ros']
[0.124s] Level 1:colcon.colcon_core.package_identification:_identify(/media/david-linux-arm/linux/ros2_ws/src) by extension 'ros'
[0.124s] Level 1:colcon.colcon_core.package_identification:_identify(/media/david-linux-arm/linux/ros2_ws/src) by extensions ['cmake', 'python']
[0.125s] Level 1:colcon.colcon_core.package_identification:_identify(/media/david-linux-arm/linux/ros2_ws/src) by extension 'cmake'
[0.125s] Level 1:colcon.colcon_core.package_identification:_identify(/media/david-linux-arm/linux/ros2_ws/src) by extension 'python'
[0.125s] Level 1:colcon.colcon_core.package_identification:_identify(/media/david-linux-arm/linux/ros2_ws/src) by extensions ['python_setup_py']
[0.125s] Level 1:colcon.colcon_core.package_identification:_identify(/media/david-linux-arm/linux/ros2_ws/src) by extension 'python_setup_py'
[0.125s] Level 1:colcon.colcon_core.package_identification:_identify(/media/david-linux-arm/linux/ros2_ws/src/EasyBot) by extensions ['ignore', 'ignore_ament_install']
[0.125s] Level 1:colcon.colcon_core.package_identification:_identify(/media/david-linux-arm/linux/ros2_ws/src/EasyBot) by extension 'ignore'
[0.125s] Level 1:colcon.colcon_core.package_identification:_identify(/media/david-linux-arm/linux/ros2_ws/src/EasyBot) by extension 'ignore_ament_install'
[0.125s] Level 1:colcon.colcon_core.package_identification:_identify(/media/david-linux-arm/linux/ros2_ws/src/EasyBot) by extensions ['colcon_pkg']
[0.125s] Level 1:colcon.colcon_core.package_identification:_identify(/media/david-linux-arm/linux/ros2_ws/src/EasyBot) by extension 'colcon_pkg'
[0.125s] Level 1:colcon.colcon_core.package_identification:_identify(/media/david-linux-arm/linux/ros2_ws/src/EasyBot) by extensions ['colcon_meta']
[0.125s] Level 1:colcon.colcon_core.package_identification:_identify(/media/david-linux-arm/linux/ros2_ws/src/EasyBot) by extension 'colcon_meta'
[0.125s] Level 1:colcon.colcon_core.package_identification:_identify(/media/david-linux-arm/linux/ros2_ws/src/EasyBot) by extensions ['ros']
[0.125s] Level 1:colcon.colcon_core.package_identification:_identify(/media/david-linux-arm/linux/ros2_ws/src/EasyBot) by extension 'ros'
[0.125s] Level 1:colcon.colcon_core.package_identification:_identify(/media/david-linux-arm/linux/ros2_ws/src/EasyBot) by extensions ['cmake', 'python']
[0.125s] Level 1:colcon.colcon_core.package_identification:_identify(/media/david-linux-arm/linux/ros2_ws/src/EasyBot) by extension 'cmake'
[0.125s] Level 1:colcon.colcon_core.package_identification:_identify(/media/david-linux-arm/linux/ros2_ws/src/EasyBot) by extension 'python'
[0.125s] Level 1:colcon.colcon_core.package_identification:_identify(/media/david-linux-arm/linux/ros2_ws/src/EasyBot) by extensions ['python_setup_py']
[0.125s] Level 1:colcon.colcon_core.package_identification:_identify(/media/david-linux-arm/linux/ros2_ws/src/EasyBot) by extension 'python_setup_py'
[0.125s] Level 1:colcon.colcon_core.package_identification:_identify(/media/david-linux-arm/linux/ros2_ws/src/EasyBot/EasyRobot) by extensions ['ignore', 'ignore_ament_install']
[0.125s] Level 1:colcon.colcon_core.package_identification:_identify(/media/david-linux-arm/linux/ros2_ws/src/EasyBot/EasyRobot) by extension 'ignore'
[0.125s] Level 1:colcon.colcon_core.package_identification:_identify(/media/david-linux-arm/linux/ros2_ws/src/EasyBot/EasyRobot) by extension 'ignore_ament_install'
[0.125s] Level 1:colcon.colcon_core.package_identification:_identify(/media/david-linux-arm/linux/ros2_ws/src/EasyBot/EasyRobot) by extensions ['colcon_pkg']
[0.125s] Level 1:colcon.colcon_core.package_identification:_identify(/media/david-linux-arm/linux/ros2_ws/src/EasyBot/EasyRobot) by extension 'colcon_pkg'
[0.125s] Level 1:colcon.colcon_core.package_identification:_identify(/media/david-linux-arm/linux/ros2_ws/src/EasyBot/EasyRobot) by extensions ['colcon_meta']
[0.125s] Level 1:colcon.colcon_core.package_identification:_identify(/media/david-linux-arm/linux/ros2_ws/src/EasyBot/EasyRobot) by extension 'colcon_meta'
[0.125s] Level 1:colcon.colcon_core.package_identification:_identify(/media/david-linux-arm/linux/ros2_ws/src/EasyBot/EasyRobot) by extensions ['ros']
[0.125s] Level 1:colcon.colcon_core.package_identification:_identify(/media/david-linux-arm/linux/ros2_ws/src/EasyBot/EasyRobot) by extension 'ros'
[0.125s] Level 1:colcon.colcon_core.package_identification:_identify(/media/david-linux-arm/linux/ros2_ws/src/EasyBot/EasyRobot) by extensions ['cmake', 'python']
[0.125s] Level 1:colcon.colcon_core.package_identification:_identify(/media/david-linux-arm/linux/ros2_ws/src/EasyBot/EasyRobot) by extension 'cmake'
[0.125s] Level 1:colcon.colcon_core.package_identification:_identify(/media/david-linux-arm/linux/ros2_ws/src/EasyBot/EasyRobot) by extension 'python'
[0.125s] Level 1:colcon.colcon_core.package_identification:_identify(/media/david-linux-arm/linux/ros2_ws/src/EasyBot/EasyRobot) by extensions ['python_setup_py']
[0.125s] Level 1:colcon.colcon_core.package_identification:_identify(/media/david-linux-arm/linux/ros2_ws/src/EasyBot/EasyRobot) by extension 'python_setup_py'
[0.125s] Level 1:colcon.colcon_core.package_identification:_identify(/media/david-linux-arm/linux/ros2_ws/src/EasyBot/EasyRobot/easyrobot) by extensions ['ignore', 'ignore_ament_install']
[0.125s] Level 1:colcon.colcon_core.package_identification:_identify(/media/david-linux-arm/linux/ros2_ws/src/EasyBot/EasyRobot/easyrobot) by extension 'ignore'
[0.125s] Level 1:colcon.colcon_core.package_identification:_identify(/media/david-linux-arm/linux/ros2_ws/src/EasyBot/EasyRobot/easyrobot) by extension 'ignore_ament_install'
[0.125s] Level 1:colcon.colcon_core.package_identification:_identify(/media/david-linux-arm/linux/ros2_ws/src/EasyBot/EasyRobot/easyrobot) by extensions ['colcon_pkg']
[0.125s] Level 1:colcon.colcon_core.package_identification:_identify(/media/david-linux-arm/linux/ros2_ws/src/EasyBot/EasyRobot/easyrobot) by extension 'colcon_pkg'
[0.125s] Level 1:colcon.colcon_core.package_identification:_identify(/media/david-linux-arm/linux/ros2_ws/src/EasyBot/EasyRobot/easyrobot) by extensions ['colcon_meta']
[0.125s] Level 1:colcon.colcon_core.package_identification:_identify(/media/david-linux-arm/linux/ros2_ws/src/EasyBot/EasyRobot/easyrobot) by extension 'colcon_meta'
[0.125s] Level 1:colcon.colcon_core.package_identification:_identify(/media/david-linux-arm/linux/ros2_ws/src/EasyBot/EasyRobot/easyrobot) by extensions ['ros']
[0.125s] Level 1:colcon.colcon_core.package_identification:_identify(/media/david-linux-arm/linux/ros2_ws/src/EasyBot/EasyRobot/easyrobot) by extension 'ros'
[0.127s] DEBUG:colcon.colcon_core.package_identification:Package '/media/david-linux-arm/linux/ros2_ws/src/EasyBot/EasyRobot/easyrobot' with type 'ros.ament_cmake' and name 'easyrobot'
[0.127s] Level 1:colcon.colcon_core.package_identification:_identify(/media/david-linux-arm/linux/ros2_ws/src/EasyBot/EasyRobot/easyrobot_bringup) by extensions ['ignore', 'ignore_ament_install']
[0.127s] Level 1:colcon.colcon_core.package_identification:_identify(/media/david-linux-arm/linux/ros2_ws/src/EasyBot/EasyRobot/easyrobot_bringup) by extension 'ignore'
[0.127s] Level 1:colcon.colcon_core.package_identification:_identify(/media/david-linux-arm/linux/ros2_ws/src/EasyBot/EasyRobot/easyrobot_bringup) by extension 'ignore_ament_install'
[0.127s] Level 1:colcon.colcon_core.package_identification:_identify(/media/david-linux-arm/linux/ros2_ws/src/EasyBot/EasyRobot/easyrobot_bringup) by extensions ['colcon_pkg']
[0.127s] Level 1:colcon.colcon_core.package_identification:_identify(/media/david-linux-arm/linux/ros2_ws/src/EasyBot/EasyRobot/easyrobot_bringup) by extension 'colcon_pkg'
[0.127s] Level 1:colcon.colcon_core.package_identification:_identify(/media/david-linux-arm/linux/ros2_ws/src/EasyBot/EasyRobot/easyrobot_bringup) by extensions ['colcon_meta']
[0.127s] Level 1:colcon.colcon_core.package_identification:_identify(/media/david-linux-arm/linux/ros2_ws/src/EasyBot/EasyRobot/easyrobot_bringup) by extension 'colcon_meta'
[0.127s] Level 1:colcon.colcon_core.package_identification:_identify(/media/david-linux-arm/linux/ros2_ws/src/EasyBot/EasyRobot/easyrobot_bringup) by extensions ['ros']
[0.127s] Level 1:colcon.colcon_core.package_identification:_identify(/media/david-linux-arm/linux/ros2_ws/src/EasyBot/EasyRobot/easyrobot_bringup) by extension 'ros'
[0.128s] DEBUG:colcon.colcon_core.package_identification:Package '/media/david-linux-arm/linux/ros2_ws/src/EasyBot/EasyRobot/easyrobot_bringup' with type 'ros.ament_cmake' and name 'easyrobot_bringup'
[0.128s] Level 1:colcon.colcon_core.package_identification:_identify(/media/david-linux-arm/linux/ros2_ws/src/EasyBot/EasyRobot/moveit_easyrobot) by extensions ['ignore', 'ignore_ament_install']
[0.128s] Level 1:colcon.colcon_core.package_identification:_identify(/media/david-linux-arm/linux/ros2_ws/src/EasyBot/EasyRobot/moveit_easyrobot) by extension 'ignore'
[0.128s] Level 1:colcon.colcon_core.package_identification:_identify(/media/david-linux-arm/linux/ros2_ws/src/EasyBot/EasyRobot/moveit_easyrobot) by extension 'ignore_ament_install'
[0.128s] Level 1:colcon.colcon_core.package_identification:_identify(/media/david-linux-arm/linux/ros2_ws/src/EasyBot/EasyRobot/moveit_easyrobot) by extensions ['colcon_pkg']
[0.128s] Level 1:colcon.colcon_core.package_identification:_identify(/media/david-linux-arm/linux/ros2_ws/src/EasyBot/EasyRobot/moveit_easyrobot) by extension 'colcon_pkg'
[0.128s] Level 1:colcon.colcon_core.package_identification:_identify(/media/david-linux-arm/linux/ros2_ws/src/EasyBot/EasyRobot/moveit_easyrobot) by extensions ['colcon_meta']
[0.128s] Level 1:colcon.colcon_core.package_identification:_identify(/media/david-linux-arm/linux/ros2_ws/src/EasyBot/EasyRobot/moveit_easyrobot) by extension 'colcon_meta'
[0.128s] Level 1:colcon.colcon_core.package_identification:_identify(/media/david-linux-arm/linux/ros2_ws/src/EasyBot/EasyRobot/moveit_easyrobot) by extensions ['ros']
[0.128s] Level 1:colcon.colcon_core.package_identification:_identify(/media/david-linux-arm/linux/ros2_ws/src/EasyBot/EasyRobot/moveit_easyrobot) by extension 'ros'
[0.129s] DEBUG:colcon.colcon_core.package_identification:Package '/media/david-linux-arm/linux/ros2_ws/src/EasyBot/EasyRobot/moveit_easyrobot' with type 'ros.ament_cmake' and name 'moveit_easyrobot'
[0.129s] Level 1:colcon.colcon_core.package_discovery:discover_packages(recursive) using defaults
