running egg_info
creating ../../build/robotcatch_perception/robotcatch_perception.egg-info
writing ../../build/robotcatch_perception/robotcatch_perception.egg-info/PKG-INFO
writing dependency_links to ../../build/robotcatch_perception/robotcatch_perception.egg-info/dependency_links.txt
writing requirements to ../../build/robotcatch_perception/robotcatch_perception.egg-info/requires.txt
writing top-level names to ../../build/robotcatch_perception/robotcatch_perception.egg-info/top_level.txt
writing manifest file '../../build/robotcatch_perception/robotcatch_perception.egg-info/SOURCES.txt'
reading manifest file '../../build/robotcatch_perception/robotcatch_perception.egg-info/SOURCES.txt'
writing manifest file '../../build/robotcatch_perception/robotcatch_perception.egg-info/SOURCES.txt'
running build
running build_py
creating /media/david-linux-arm/linux/ros2_ws/build/robotcatch_perception/build
creating /media/david-linux-arm/linux/ros2_ws/build/robotcatch_perception/build/lib
creating /media/david-linux-arm/linux/ros2_ws/build/robotcatch_perception/build/lib/robotcatch_perception
copying robotcatch_perception/__init__.py -> /media/david-linux-arm/linux/ros2_ws/build/robotcatch_perception/build/lib/robotcatch_perception
running install
running install_lib
creating /media/david-linux-arm/linux/ros2_ws/install/robotcatch_perception/lib/python3.12/site-packages/robotcatch_perception
copying /media/david-linux-arm/linux/ros2_ws/build/robotcatch_perception/build/lib/robotcatch_perception/__init__.py -> /media/david-linux-arm/linux/ros2_ws/install/robotcatch_perception/lib/python3.12/site-packages/robotcatch_perception
byte-compiling /media/david-linux-arm/linux/ros2_ws/install/robotcatch_perception/lib/python3.12/site-packages/robotcatch_perception/__init__.py to __init__.cpython-312.pyc
running install_data
creating /media/david-linux-arm/linux/ros2_ws/install/robotcatch_perception/share/ament_index
creating /media/david-linux-arm/linux/ros2_ws/install/robotcatch_perception/share/ament_index/resource_index
creating /media/david-linux-arm/linux/ros2_ws/install/robotcatch_perception/share/ament_index/resource_index/packages
copying resource/robotcatch_perception -> /media/david-linux-arm/linux/ros2_ws/install/robotcatch_perception/share/ament_index/resource_index/packages
copying package.xml -> /media/david-linux-arm/linux/ros2_ws/install/robotcatch_perception/share/robotcatch_perception
running install_egg_info
Copying ../../build/robotcatch_perception/robotcatch_perception.egg-info to /media/david-linux-arm/linux/ros2_ws/install/robotcatch_perception/lib/python3.12/site-packages/robotcatch_perception-0.0.0-py3.12.egg-info
running install_scripts
writing list of installed files to '/media/david-linux-arm/linux/ros2_ws/build/robotcatch_perception/install.log'
