[0.521s] Invoking command in '/media/david-linux-arm/linux/ros2_ws/src/robotcatch_perception': DEBUGINFOD_URLS=https://debuginfod.ubuntu.com PYTHONPATH=/media/david-linux-arm/linux/ros2_ws/build/robotcatch_perception/prefix_override:/usr/lib/python3/dist-packages/colcon_core/task/python/colcon_distutils_commands:/media/david-linux-arm/linux/ros2_ws/install/robotcatch_perception/lib/python3.12/site-packages:${PYTHONPATH} /usr/bin/python3 -W ignore:setup.py install is deprecated -W ignore:easy_install command is deprecated setup.py egg_info --egg-base ../../build/robotcatch_perception build --build-base /media/david-linux-arm/linux/ros2_ws/build/robotcatch_perception/build install --record /media/david-linux-arm/linux/ros2_ws/build/robotcatch_perception/install.log --single-version-externally-managed install_data
[0.659s] running egg_info
[0.659s] creating ../../build/robotcatch_perception/robotcatch_perception.egg-info
[0.667s] writing ../../build/robotcatch_perception/robotcatch_perception.egg-info/PKG-INFO
[0.668s] writing dependency_links to ../../build/robotcatch_perception/robotcatch_perception.egg-info/dependency_links.txt
[0.668s] writing requirements to ../../build/robotcatch_perception/robotcatch_perception.egg-info/requires.txt
[0.668s] writing top-level names to ../../build/robotcatch_perception/robotcatch_perception.egg-info/top_level.txt
[0.668s] writing manifest file '../../build/robotcatch_perception/robotcatch_perception.egg-info/SOURCES.txt'
[0.685s] reading manifest file '../../build/robotcatch_perception/robotcatch_perception.egg-info/SOURCES.txt'
[0.685s] writing manifest file '../../build/robotcatch_perception/robotcatch_perception.egg-info/SOURCES.txt'
[0.685s] running build
[0.685s] running build_py
[0.685s] creating /media/david-linux-arm/linux/ros2_ws/build/robotcatch_perception/build
[0.685s] creating /media/david-linux-arm/linux/ros2_ws/build/robotcatch_perception/build/lib
[0.685s] creating /media/david-linux-arm/linux/ros2_ws/build/robotcatch_perception/build/lib/robotcatch_perception
[0.685s] copying robotcatch_perception/__init__.py -> /media/david-linux-arm/linux/ros2_ws/build/robotcatch_perception/build/lib/robotcatch_perception
[0.685s] running install
[0.689s] running install_lib
[0.697s] creating /media/david-linux-arm/linux/ros2_ws/install/robotcatch_perception/lib/python3.12/site-packages/robotcatch_perception
[0.697s] copying /media/david-linux-arm/linux/ros2_ws/build/robotcatch_perception/build/lib/robotcatch_perception/__init__.py -> /media/david-linux-arm/linux/ros2_ws/install/robotcatch_perception/lib/python3.12/site-packages/robotcatch_perception
[0.698s] byte-compiling /media/david-linux-arm/linux/ros2_ws/install/robotcatch_perception/lib/python3.12/site-packages/robotcatch_perception/__init__.py to __init__.cpython-312.pyc
[0.698s] running install_data
[0.698s] creating /media/david-linux-arm/linux/ros2_ws/install/robotcatch_perception/share/ament_index
[0.698s] creating /media/david-linux-arm/linux/ros2_ws/install/robotcatch_perception/share/ament_index/resource_index
[0.698s] creating /media/david-linux-arm/linux/ros2_ws/install/robotcatch_perception/share/ament_index/resource_index/packages
[0.698s] copying resource/robotcatch_perception -> /media/david-linux-arm/linux/ros2_ws/install/robotcatch_perception/share/ament_index/resource_index/packages
[0.698s] copying package.xml -> /media/david-linux-arm/linux/ros2_ws/install/robotcatch_perception/share/robotcatch_perception
[0.698s] running install_egg_info
[0.707s] Copying ../../build/robotcatch_perception/robotcatch_perception.egg-info to /media/david-linux-arm/linux/ros2_ws/install/robotcatch_perception/lib/python3.12/site-packages/robotcatch_perception-0.0.0-py3.12.egg-info
[0.708s] running install_scripts
[0.768s] writing list of installed files to '/media/david-linux-arm/linux/ros2_ws/build/robotcatch_perception/install.log'
[0.784s] Invoked command in '/media/david-linux-arm/linux/ros2_ws/src/robotcatch_perception' returned '0': DEBUGINFOD_URLS=https://debuginfod.ubuntu.com PYTHONPATH=/media/david-linux-arm/linux/ros2_ws/build/robotcatch_perception/prefix_override:/usr/lib/python3/dist-packages/colcon_core/task/python/colcon_distutils_commands:/media/david-linux-arm/linux/ros2_ws/install/robotcatch_perception/lib/python3.12/site-packages:${PYTHONPATH} /usr/bin/python3 -W ignore:setup.py install is deprecated -W ignore:easy_install command is deprecated setup.py egg_info --egg-base ../../build/robotcatch_perception build --build-base /media/david-linux-arm/linux/ros2_ws/build/robotcatch_perception/build install --record /media/david-linux-arm/linux/ros2_ws/build/robotcatch_perception/install.log --single-version-externally-managed install_data
