[0.050s] DEBUG:colcon:Command line arguments: ['/usr/bin/colcon', 'build']
[0.050s] DEBUG:colcon:Parsed command line arguments: Namespace(log_base=None, log_level=None, verb_name='build', build_base='build', install_base='install', merge_install=False, symlink_install=False, test_result_base=None, continue_on_error=False, executor='parallel', parallel_workers=8, event_handlers=None, ignore_user_meta=False, metas=['./colcon.meta'], base_paths=['.'], packages_ignore=None, packages_ignore_regex=None, paths=None, packages_up_to=None, packages_up_to_regex=None, packages_above=None, packages_above_and_dependencies=None, packages_above_depth=None, packages_select_by_dep=None, packages_skip_by_dep=None, packages_skip_up_to=None, packages_select_build_failed=False, packages_skip_build_finished=False, packages_select_test_failures=False, packages_skip_test_passed=False, packages_select=None, packages_skip=None, packages_select_regex=None, packages_skip_regex=None, packages_start=None, packages_end=None, allow_overriding=[], cmake_args=None, cmake_target=None, cmake_target_skip_unavailable=False, cmake_clean_cache=False, cmake_clean_first=False, cmake_force_configure=False, ament_cmake_args=None, catkin_cmake_args=None, catkin_skip_building_tests=False, mixin_files=None, mixin=None, verb_parser=<colcon_mixin.mixin.mixin_argument.MixinArgumentDecorator object at 0xffffa7ab9100>, verb_extension=<colcon_core.verb.build.BuildVerb object at 0xffffa7a3b080>, main=<bound method BuildVerb.main of <colcon_core.verb.build.BuildVerb object at 0xffffa7a3b080>>, mixin_verb=('build',))
[0.069s] Level 1:colcon.colcon_core.package_discovery:discover_packages(colcon_meta) check parameters
[0.069s] Level 1:colcon.colcon_core.package_discovery:discover_packages(recursive) check parameters
[0.069s] Level 1:colcon.colcon_core.package_discovery:discover_packages(ignore) check parameters
[0.069s] Level 1:colcon.colcon_core.package_discovery:discover_packages(path) check parameters
[0.069s] Level 1:colcon.colcon_core.package_discovery:discover_packages(colcon_meta) discover
[0.069s] Level 1:colcon.colcon_core.package_discovery:discover_packages(recursive) discover
[0.069s] INFO:colcon.colcon_core.package_discovery:Crawling recursively for packages in '/media/david-linux-arm/linux/ros2_ws'
[0.069s] Level 1:colcon.colcon_core.package_identification:_identify(.) by extensions ['ignore', 'ignore_ament_install']
[0.070s] Level 1:colcon.colcon_core.package_identification:_identify(.) by extension 'ignore'
[0.070s] Level 1:colcon.colcon_core.package_identification:_identify(.) by extension 'ignore_ament_install'
[0.070s] Level 1:colcon.colcon_core.package_identification:_identify(.) by extensions ['colcon_pkg']
[0.070s] Level 1:colcon.colcon_core.package_identification:_identify(.) by extension 'colcon_pkg'
[0.070s] Level 1:colcon.colcon_core.package_identification:_identify(.) by extensions ['colcon_meta']
[0.070s] Level 1:colcon.colcon_core.package_identification:_identify(.) by extension 'colcon_meta'
[0.070s] Level 1:colcon.colcon_core.package_identification:_identify(.) by extensions ['ros']
[0.070s] Level 1:colcon.colcon_core.package_identification:_identify(.) by extension 'ros'
[0.083s] Level 1:colcon.colcon_core.package_identification:_identify(.) by extensions ['cmake', 'python']
[0.083s] Level 1:colcon.colcon_core.package_identification:_identify(.) by extension 'cmake'
[0.083s] Level 1:colcon.colcon_core.package_identification:_identify(.) by extension 'python'
[0.083s] Level 1:colcon.colcon_core.package_identification:_identify(.) by extensions ['python_setup_py']
[0.083s] Level 1:colcon.colcon_core.package_identification:_identify(.) by extension 'python_setup_py'
[0.083s] Level 1:colcon.colcon_core.package_identification:_identify(build) by extensions ['ignore', 'ignore_ament_install']
[0.083s] Level 1:colcon.colcon_core.package_identification:_identify(build) by extension 'ignore'
[0.083s] Level 1:colcon.colcon_core.package_identification:_identify(build) ignored
[0.083s] Level 1:colcon.colcon_core.package_identification:_identify(install) by extensions ['ignore', 'ignore_ament_install']
[0.083s] Level 1:colcon.colcon_core.package_identification:_identify(install) by extension 'ignore'
[0.083s] Level 1:colcon.colcon_core.package_identification:_identify(install) ignored
[0.083s] Level 1:colcon.colcon_core.package_identification:_identify(log) by extensions ['ignore', 'ignore_ament_install']
[0.083s] Level 1:colcon.colcon_core.package_identification:_identify(log) by extension 'ignore'
[0.083s] Level 1:colcon.colcon_core.package_identification:_identify(log) ignored
[0.083s] Level 1:colcon.colcon_core.package_identification:_identify(src) by extensions ['ignore', 'ignore_ament_install']
[0.083s] Level 1:colcon.colcon_core.package_identification:_identify(src) by extension 'ignore'
[0.083s] Level 1:colcon.colcon_core.package_identification:_identify(src) by extension 'ignore_ament_install'
[0.084s] Level 1:colcon.colcon_core.package_identification:_identify(src) by extensions ['colcon_pkg']
[0.084s] Level 1:colcon.colcon_core.package_identification:_identify(src) by extension 'colcon_pkg'
[0.084s] Level 1:colcon.colcon_core.package_identification:_identify(src) by extensions ['colcon_meta']
[0.084s] Level 1:colcon.colcon_core.package_identification:_identify(src) by extension 'colcon_meta'
[0.084s] Level 1:colcon.colcon_core.package_identification:_identify(src) by extensions ['ros']
[0.084s] Level 1:colcon.colcon_core.package_identification:_identify(src) by extension 'ros'
[0.084s] Level 1:colcon.colcon_core.package_identification:_identify(src) by extensions ['cmake', 'python']
[0.084s] Level 1:colcon.colcon_core.package_identification:_identify(src) by extension 'cmake'
[0.084s] Level 1:colcon.colcon_core.package_identification:_identify(src) by extension 'python'
[0.084s] Level 1:colcon.colcon_core.package_identification:_identify(src) by extensions ['python_setup_py']
[0.084s] Level 1:colcon.colcon_core.package_identification:_identify(src) by extension 'python_setup_py'
[0.084s] Level 1:colcon.colcon_core.package_identification:_identify(src/robotcatch_perception) by extensions ['ignore', 'ignore_ament_install']
[0.084s] Level 1:colcon.colcon_core.package_identification:_identify(src/robotcatch_perception) by extension 'ignore'
[0.084s] Level 1:colcon.colcon_core.package_identification:_identify(src/robotcatch_perception) by extension 'ignore_ament_install'
[0.084s] Level 1:colcon.colcon_core.package_identification:_identify(src/robotcatch_perception) by extensions ['colcon_pkg']
[0.084s] Level 1:colcon.colcon_core.package_identification:_identify(src/robotcatch_perception) by extension 'colcon_pkg'
[0.084s] Level 1:colcon.colcon_core.package_identification:_identify(src/robotcatch_perception) by extensions ['colcon_meta']
[0.084s] Level 1:colcon.colcon_core.package_identification:_identify(src/robotcatch_perception) by extension 'colcon_meta'
[0.084s] Level 1:colcon.colcon_core.package_identification:_identify(src/robotcatch_perception) by extensions ['ros']
[0.084s] Level 1:colcon.colcon_core.package_identification:_identify(src/robotcatch_perception) by extension 'ros'
[0.085s] DEBUG:colcon.colcon_core.package_identification:Package 'src/robotcatch_perception' with type 'ros.ament_python' and name 'robotcatch_perception'
[0.085s] Level 1:colcon.colcon_core.package_identification:_identify(src/robotcatch_policy) by extensions ['ignore', 'ignore_ament_install']
[0.085s] Level 1:colcon.colcon_core.package_identification:_identify(src/robotcatch_policy) by extension 'ignore'
[0.085s] Level 1:colcon.colcon_core.package_identification:_identify(src/robotcatch_policy) by extension 'ignore_ament_install'
[0.085s] Level 1:colcon.colcon_core.package_identification:_identify(src/robotcatch_policy) by extensions ['colcon_pkg']
[0.085s] Level 1:colcon.colcon_core.package_identification:_identify(src/robotcatch_policy) by extension 'colcon_pkg'
[0.085s] Level 1:colcon.colcon_core.package_identification:_identify(src/robotcatch_policy) by extensions ['colcon_meta']
[0.085s] Level 1:colcon.colcon_core.package_identification:_identify(src/robotcatch_policy) by extension 'colcon_meta'
[0.085s] Level 1:colcon.colcon_core.package_identification:_identify(src/robotcatch_policy) by extensions ['ros']
[0.085s] Level 1:colcon.colcon_core.package_identification:_identify(src/robotcatch_policy) by extension 'ros'
[0.086s] DEBUG:colcon.colcon_core.package_identification:Package 'src/robotcatch_policy' with type 'ros.ament_python' and name 'robotcatch_policy'
[0.086s] Level 1:colcon.colcon_core.package_identification:_identify(src/robotcatch_robotinterface) by extensions ['ignore', 'ignore_ament_install']
[0.086s] Level 1:colcon.colcon_core.package_identification:_identify(src/robotcatch_robotinterface) by extension 'ignore'
[0.086s] Level 1:colcon.colcon_core.package_identification:_identify(src/robotcatch_robotinterface) by extension 'ignore_ament_install'
[0.086s] Level 1:colcon.colcon_core.package_identification:_identify(src/robotcatch_robotinterface) by extensions ['colcon_pkg']
[0.086s] Level 1:colcon.colcon_core.package_identification:_identify(src/robotcatch_robotinterface) by extension 'colcon_pkg'
[0.086s] Level 1:colcon.colcon_core.package_identification:_identify(src/robotcatch_robotinterface) by extensions ['colcon_meta']
[0.086s] Level 1:colcon.colcon_core.package_identification:_identify(src/robotcatch_robotinterface) by extension 'colcon_meta'
[0.086s] Level 1:colcon.colcon_core.package_identification:_identify(src/robotcatch_robotinterface) by extensions ['ros']
[0.086s] Level 1:colcon.colcon_core.package_identification:_identify(src/robotcatch_robotinterface) by extension 'ros'
[0.086s] DEBUG:colcon.colcon_core.package_identification:Package 'src/robotcatch_robotinterface' with type 'ros.ament_python' and name 'robotcatch_robotinterface'
[0.086s] Level 1:colcon.colcon_core.package_discovery:discover_packages(recursive) using defaults
[0.086s] Level 1:colcon.colcon_core.package_discovery:discover_packages(ignore) discover
[0.086s] Level 1:colcon.colcon_core.package_discovery:discover_packages(ignore) using defaults
[0.086s] Level 1:colcon.colcon_core.package_discovery:discover_packages(path) discover
[0.086s] Level 1:colcon.colcon_core.package_discovery:discover_packages(path) using defaults
[0.096s] Level 1:colcon.colcon_core.package_discovery:discover_packages(prefix_path) check parameters
[0.096s] Level 1:colcon.colcon_core.package_discovery:discover_packages(prefix_path) discover
[0.097s] DEBUG:colcon.colcon_installed_package_information.package_discovery:Found 6 installed packages in /media/david-linux-arm/linux/ros2_ws/install
[0.098s] DEBUG:colcon.colcon_installed_package_information.package_discovery:Found 375 installed packages in /opt/ros/jazzy
[0.098s] Level 1:colcon.colcon_core.package_discovery:discover_packages(prefix_path) using defaults
[0.124s] Level 5:colcon.colcon_core.verb:set package 'robotcatch_perception' build argument 'cmake_args' from command line to 'None'
[0.124s] Level 5:colcon.colcon_core.verb:set package 'robotcatch_perception' build argument 'cmake_target' from command line to 'None'
[0.124s] Level 5:colcon.colcon_core.verb:set package 'robotcatch_perception' build argument 'cmake_target_skip_unavailable' from command line to 'False'
[0.124s] Level 5:colcon.colcon_core.verb:set package 'robotcatch_perception' build argument 'cmake_clean_cache' from command line to 'False'
[0.124s] Level 5:colcon.colcon_core.verb:set package 'robotcatch_perception' build argument 'cmake_clean_first' from command line to 'False'
[0.124s] Level 5:colcon.colcon_core.verb:set package 'robotcatch_perception' build argument 'cmake_force_configure' from command line to 'False'
[0.124s] Level 5:colcon.colcon_core.verb:set package 'robotcatch_perception' build argument 'ament_cmake_args' from command line to 'None'
[0.124s] Level 5:colcon.colcon_core.verb:set package 'robotcatch_perception' build argument 'catkin_cmake_args' from command line to 'None'
[0.124s] Level 5:colcon.colcon_core.verb:set package 'robotcatch_perception' build argument 'catkin_skip_building_tests' from command line to 'False'
[0.124s] DEBUG:colcon.colcon_core.verb:Building package 'robotcatch_perception' with the following arguments: {'ament_cmake_args': None, 'build_base': '/media/david-linux-arm/linux/ros2_ws/build/robotcatch_perception', 'catkin_cmake_args': None, 'catkin_skip_building_tests': False, 'cmake_args': None, 'cmake_clean_cache': False, 'cmake_clean_first': False, 'cmake_force_configure': False, 'cmake_target': None, 'cmake_target_skip_unavailable': False, 'install_base': '/media/david-linux-arm/linux/ros2_ws/install/robotcatch_perception', 'merge_install': False, 'path': '/media/david-linux-arm/linux/ros2_ws/src/robotcatch_perception', 'symlink_install': False, 'test_result_base': None}
[0.124s] Level 5:colcon.colcon_core.verb:set package 'robotcatch_policy' build argument 'cmake_args' from command line to 'None'
[0.124s] Level 5:colcon.colcon_core.verb:set package 'robotcatch_policy' build argument 'cmake_target' from command line to 'None'
[0.124s] Level 5:colcon.colcon_core.verb:set package 'robotcatch_policy' build argument 'cmake_target_skip_unavailable' from command line to 'False'
[0.124s] Level 5:colcon.colcon_core.verb:set package 'robotcatch_policy' build argument 'cmake_clean_cache' from command line to 'False'
[0.124s] Level 5:colcon.colcon_core.verb:set package 'robotcatch_policy' build argument 'cmake_clean_first' from command line to 'False'
[0.124s] Level 5:colcon.colcon_core.verb:set package 'robotcatch_policy' build argument 'cmake_force_configure' from command line to 'False'
[0.124s] Level 5:colcon.colcon_core.verb:set package 'robotcatch_policy' build argument 'ament_cmake_args' from command line to 'None'
[0.124s] Level 5:colcon.colcon_core.verb:set package 'robotcatch_policy' build argument 'catkin_cmake_args' from command line to 'None'
[0.124s] Level 5:colcon.colcon_core.verb:set package 'robotcatch_policy' build argument 'catkin_skip_building_tests' from command line to 'False'
[0.124s] DEBUG:colcon.colcon_core.verb:Building package 'robotcatch_policy' with the following arguments: {'ament_cmake_args': None, 'build_base': '/media/david-linux-arm/linux/ros2_ws/build/robotcatch_policy', 'catkin_cmake_args': None, 'catkin_skip_building_tests': False, 'cmake_args': None, 'cmake_clean_cache': False, 'cmake_clean_first': False, 'cmake_force_configure': False, 'cmake_target': None, 'cmake_target_skip_unavailable': False, 'install_base': '/media/david-linux-arm/linux/ros2_ws/install/robotcatch_policy', 'merge_install': False, 'path': '/media/david-linux-arm/linux/ros2_ws/src/robotcatch_policy', 'symlink_install': False, 'test_result_base': None}
[0.124s] Level 5:colcon.colcon_core.verb:set package 'robotcatch_robotinterface' build argument 'cmake_args' from command line to 'None'
[0.124s] Level 5:colcon.colcon_core.verb:set package 'robotcatch_robotinterface' build argument 'cmake_target' from command line to 'None'
[0.124s] Level 5:colcon.colcon_core.verb:set package 'robotcatch_robotinterface' build argument 'cmake_target_skip_unavailable' from command line to 'False'
[0.124s] Level 5:colcon.colcon_core.verb:set package 'robotcatch_robotinterface' build argument 'cmake_clean_cache' from command line to 'False'
[0.124s] Level 5:colcon.colcon_core.verb:set package 'robotcatch_robotinterface' build argument 'cmake_clean_first' from command line to 'False'
[0.124s] Level 5:colcon.colcon_core.verb:set package 'robotcatch_robotinterface' build argument 'cmake_force_configure' from command line to 'False'
[0.124s] Level 5:colcon.colcon_core.verb:set package 'robotcatch_robotinterface' build argument 'ament_cmake_args' from command line to 'None'
[0.124s] Level 5:colcon.colcon_core.verb:set package 'robotcatch_robotinterface' build argument 'catkin_cmake_args' from command line to 'None'
[0.124s] Level 5:colcon.colcon_core.verb:set package 'robotcatch_robotinterface' build argument 'catkin_skip_building_tests' from command line to 'False'
[0.124s] DEBUG:colcon.colcon_core.verb:Building package 'robotcatch_robotinterface' with the following arguments: {'ament_cmake_args': None, 'build_base': '/media/david-linux-arm/linux/ros2_ws/build/robotcatch_robotinterface', 'catkin_cmake_args': None, 'catkin_skip_building_tests': False, 'cmake_args': None, 'cmake_clean_cache': False, 'cmake_clean_first': False, 'cmake_force_configure': False, 'cmake_target': None, 'cmake_target_skip_unavailable': False, 'install_base': '/media/david-linux-arm/linux/ros2_ws/install/robotcatch_robotinterface', 'merge_install': False, 'path': '/media/david-linux-arm/linux/ros2_ws/src/robotcatch_robotinterface', 'symlink_install': False, 'test_result_base': None}
[0.124s] INFO:colcon.colcon_core.executor:Executing jobs using 'parallel' executor
[0.125s] DEBUG:colcon.colcon_parallel_executor.executor.parallel:run_until_complete
[0.125s] INFO:colcon.colcon_ros.task.ament_python.build:Building ROS package in '/media/david-linux-arm/linux/ros2_ws/src/robotcatch_perception' with build type 'ament_python'
[0.125s] Level 1:colcon.colcon_core.shell:create_environment_hook('robotcatch_perception', 'ament_prefix_path')
[0.126s] INFO:colcon.colcon_core.plugin_system:Skipping extension 'colcon_core.shell.bat': Not used on non-Windows systems
[0.126s] INFO:colcon.colcon_core.shell:Creating environment hook '/media/david-linux-arm/linux/ros2_ws/install/robotcatch_perception/share/robotcatch_perception/hook/ament_prefix_path.ps1'
[0.126s] INFO:colcon.colcon_core.shell:Creating environment descriptor '/media/david-linux-arm/linux/ros2_ws/install/robotcatch_perception/share/robotcatch_perception/hook/ament_prefix_path.dsv'
[0.127s] INFO:colcon.colcon_core.shell:Creating environment hook '/media/david-linux-arm/linux/ros2_ws/install/robotcatch_perception/share/robotcatch_perception/hook/ament_prefix_path.sh'
[0.127s] INFO:colcon.colcon_core.shell:Skip shell extension 'powershell' for command environment: Not usable outside of PowerShell
[0.127s] DEBUG:colcon.colcon_core.shell:Skip shell extension 'dsv' for command environment
[0.129s] INFO:colcon.colcon_ros.task.ament_python.build:Building ROS package in '/media/david-linux-arm/linux/ros2_ws/src/robotcatch_policy' with build type 'ament_python'
[0.129s] Level 1:colcon.colcon_core.shell:create_environment_hook('robotcatch_policy', 'ament_prefix_path')
[0.129s] INFO:colcon.colcon_core.shell:Creating environment hook '/media/david-linux-arm/linux/ros2_ws/install/robotcatch_policy/share/robotcatch_policy/hook/ament_prefix_path.ps1'
[0.130s] INFO:colcon.colcon_core.shell:Creating environment descriptor '/media/david-linux-arm/linux/ros2_ws/install/robotcatch_policy/share/robotcatch_policy/hook/ament_prefix_path.dsv'
[0.130s] INFO:colcon.colcon_core.shell:Creating environment hook '/media/david-linux-arm/linux/ros2_ws/install/robotcatch_policy/share/robotcatch_policy/hook/ament_prefix_path.sh'
[0.130s] INFO:colcon.colcon_core.shell:Skip shell extension 'powershell' for command environment: Not usable outside of PowerShell
[0.130s] DEBUG:colcon.colcon_core.shell:Skip shell extension 'dsv' for command environment
[0.132s] INFO:colcon.colcon_ros.task.ament_python.build:Building ROS package in '/media/david-linux-arm/linux/ros2_ws/src/robotcatch_robotinterface' with build type 'ament_python'
[0.132s] Level 1:colcon.colcon_core.shell:create_environment_hook('robotcatch_robotinterface', 'ament_prefix_path')
[0.132s] INFO:colcon.colcon_core.shell:Creating environment hook '/media/david-linux-arm/linux/ros2_ws/install/robotcatch_robotinterface/share/robotcatch_robotinterface/hook/ament_prefix_path.ps1'
[0.132s] INFO:colcon.colcon_core.shell:Creating environment descriptor '/media/david-linux-arm/linux/ros2_ws/install/robotcatch_robotinterface/share/robotcatch_robotinterface/hook/ament_prefix_path.dsv'
[0.133s] INFO:colcon.colcon_core.shell:Creating environment hook '/media/david-linux-arm/linux/ros2_ws/install/robotcatch_robotinterface/share/robotcatch_robotinterface/hook/ament_prefix_path.sh'
[0.133s] INFO:colcon.colcon_core.shell:Skip shell extension 'powershell' for command environment: Not usable outside of PowerShell
[0.133s] DEBUG:colcon.colcon_core.shell:Skip shell extension 'dsv' for command environment
[0.233s] INFO:colcon.colcon_core.task.python.build:Building Python package in '/media/david-linux-arm/linux/ros2_ws/src/robotcatch_perception'
[0.233s] INFO:colcon.colcon_core.shell:Skip shell extension 'powershell' for command environment: Not usable outside of PowerShell
[0.233s] DEBUG:colcon.colcon_core.shell:Skip shell extension 'dsv' for command environment
[0.330s] INFO:colcon.colcon_core.task.python.build:Building Python package in '/media/david-linux-arm/linux/ros2_ws/src/robotcatch_policy'
[0.330s] INFO:colcon.colcon_core.shell:Skip shell extension 'powershell' for command environment: Not usable outside of PowerShell
[0.330s] DEBUG:colcon.colcon_core.shell:Skip shell extension 'dsv' for command environment
[0.427s] INFO:colcon.colcon_core.task.python.build:Building Python package in '/media/david-linux-arm/linux/ros2_ws/src/robotcatch_robotinterface'
[0.427s] INFO:colcon.colcon_core.shell:Skip shell extension 'powershell' for command environment: Not usable outside of PowerShell
[0.427s] DEBUG:colcon.colcon_core.shell:Skip shell extension 'dsv' for command environment
[0.723s] DEBUG:colcon.colcon_core.event_handler.log_command:Invoking command in '/media/david-linux-arm/linux/ros2_ws/src/robotcatch_policy': DEBUGINFOD_URLS=https://debuginfod.ubuntu.com PYTHONPATH=/media/david-linux-arm/linux/ros2_ws/build/robotcatch_policy/prefix_override:/usr/lib/python3/dist-packages/colcon_core/task/python/colcon_distutils_commands:/media/david-linux-arm/linux/ros2_ws/install/robotcatch_policy/lib/python3.12/site-packages:${PYTHONPATH} /usr/bin/python3 -W ignore:setup.py install is deprecated -W ignore:easy_install command is deprecated setup.py egg_info --egg-base ../../build/robotcatch_policy build --build-base /media/david-linux-arm/linux/ros2_ws/build/robotcatch_policy/build install --record /media/david-linux-arm/linux/ros2_ws/build/robotcatch_policy/install.log --single-version-externally-managed install_data
[0.738s] DEBUG:colcon.colcon_core.event_handler.log_command:Invoking command in '/media/david-linux-arm/linux/ros2_ws/src/robotcatch_perception': DEBUGINFOD_URLS=https://debuginfod.ubuntu.com PYTHONPATH=/media/david-linux-arm/linux/ros2_ws/build/robotcatch_perception/prefix_override:/usr/lib/python3/dist-packages/colcon_core/task/python/colcon_distutils_commands:/media/david-linux-arm/linux/ros2_ws/install/robotcatch_perception/lib/python3.12/site-packages:${PYTHONPATH} /usr/bin/python3 -W ignore:setup.py install is deprecated -W ignore:easy_install command is deprecated setup.py egg_info --egg-base ../../build/robotcatch_perception build --build-base /media/david-linux-arm/linux/ros2_ws/build/robotcatch_perception/build install --record /media/david-linux-arm/linux/ros2_ws/build/robotcatch_perception/install.log --single-version-externally-managed install_data
[0.739s] DEBUG:colcon.colcon_core.event_handler.log_command:Invoking command in '/media/david-linux-arm/linux/ros2_ws/src/robotcatch_robotinterface': DEBUGINFOD_URLS=https://debuginfod.ubuntu.com PYTHONPATH=/media/david-linux-arm/linux/ros2_ws/build/robotcatch_robotinterface/prefix_override:/usr/lib/python3/dist-packages/colcon_core/task/python/colcon_distutils_commands:/media/david-linux-arm/linux/ros2_ws/install/robotcatch_robotinterface/lib/python3.12/site-packages:${PYTHONPATH} /usr/bin/python3 -W ignore:setup.py install is deprecated -W ignore:easy_install command is deprecated setup.py egg_info --egg-base ../../build/robotcatch_robotinterface build --build-base /media/david-linux-arm/linux/ros2_ws/build/robotcatch_robotinterface/build install --record /media/david-linux-arm/linux/ros2_ws/build/robotcatch_robotinterface/install.log --single-version-externally-managed install_data
[0.997s] DEBUG:colcon.colcon_core.event_handler.log_command:Invoked command in '/media/david-linux-arm/linux/ros2_ws/src/robotcatch_perception' returned '0': DEBUGINFOD_URLS=https://debuginfod.ubuntu.com PYTHONPATH=/media/david-linux-arm/linux/ros2_ws/build/robotcatch_perception/prefix_override:/usr/lib/python3/dist-packages/colcon_core/task/python/colcon_distutils_commands:/media/david-linux-arm/linux/ros2_ws/install/robotcatch_perception/lib/python3.12/site-packages:${PYTHONPATH} /usr/bin/python3 -W ignore:setup.py install is deprecated -W ignore:easy_install command is deprecated setup.py egg_info --egg-base ../../build/robotcatch_perception build --build-base /media/david-linux-arm/linux/ros2_ws/build/robotcatch_perception/build install --record /media/david-linux-arm/linux/ros2_ws/build/robotcatch_perception/install.log --single-version-externally-managed install_data
[1.000s] Level 1:colcon.colcon_core.environment:checking '/media/david-linux-arm/linux/ros2_ws/install/robotcatch_perception' for CMake module files
[1.001s] Level 1:colcon.colcon_core.environment:checking '/media/david-linux-arm/linux/ros2_ws/install/robotcatch_perception' for CMake config files
[1.001s] Level 1:colcon.colcon_core.environment:checking '/media/david-linux-arm/linux/ros2_ws/install/robotcatch_perception/lib'
[1.002s] Level 1:colcon.colcon_core.environment:checking '/media/david-linux-arm/linux/ros2_ws/install/robotcatch_perception/bin'
[1.002s] Level 1:colcon.colcon_core.environment:checking '/media/david-linux-arm/linux/ros2_ws/install/robotcatch_perception/lib/pkgconfig/robotcatch_perception.pc'
[1.002s] Level 1:colcon.colcon_core.environment:checking '/media/david-linux-arm/linux/ros2_ws/install/robotcatch_perception/lib/python3.12/site-packages'
[1.002s] Level 1:colcon.colcon_core.shell:create_environment_hook('robotcatch_perception', 'pythonpath')
[1.002s] INFO:colcon.colcon_core.shell:Creating environment hook '/media/david-linux-arm/linux/ros2_ws/install/robotcatch_perception/share/robotcatch_perception/hook/pythonpath.ps1'
[1.003s] INFO:colcon.colcon_core.shell:Creating environment descriptor '/media/david-linux-arm/linux/ros2_ws/install/robotcatch_perception/share/robotcatch_perception/hook/pythonpath.dsv'
[1.003s] INFO:colcon.colcon_core.shell:Creating environment hook '/media/david-linux-arm/linux/ros2_ws/install/robotcatch_perception/share/robotcatch_perception/hook/pythonpath.sh'
[1.004s] Level 1:colcon.colcon_core.environment:checking '/media/david-linux-arm/linux/ros2_ws/install/robotcatch_perception/bin'
[1.004s] Level 1:colcon.colcon_core.environment:create_environment_scripts_only(robotcatch_perception)
[1.004s] INFO:colcon.colcon_core.shell:Creating package script '/media/david-linux-arm/linux/ros2_ws/install/robotcatch_perception/share/robotcatch_perception/package.ps1'
[1.005s] INFO:colcon.colcon_core.shell:Creating package descriptor '/media/david-linux-arm/linux/ros2_ws/install/robotcatch_perception/share/robotcatch_perception/package.dsv'
[1.006s] INFO:colcon.colcon_core.shell:Creating package script '/media/david-linux-arm/linux/ros2_ws/install/robotcatch_perception/share/robotcatch_perception/package.sh'
[1.007s] INFO:colcon.colcon_core.shell:Creating package script '/media/david-linux-arm/linux/ros2_ws/install/robotcatch_perception/share/robotcatch_perception/package.bash'
[1.007s] INFO:colcon.colcon_core.shell:Creating package script '/media/david-linux-arm/linux/ros2_ws/install/robotcatch_perception/share/robotcatch_perception/package.zsh'
[1.008s] Level 1:colcon.colcon_core.environment:create_file_with_runtime_dependencies(/media/david-linux-arm/linux/ros2_ws/install/robotcatch_perception/share/colcon-core/packages/robotcatch_perception)
[1.009s] Level 1:colcon.colcon_core.environment:checking '/media/david-linux-arm/linux/ros2_ws/install/robotcatch_policy' for CMake module files
[1.010s] Level 1:colcon.colcon_core.environment:checking '/media/david-linux-arm/linux/ros2_ws/install/robotcatch_policy' for CMake config files
[1.010s] DEBUG:colcon.colcon_core.event_handler.log_command:Invoked command in '/media/david-linux-arm/linux/ros2_ws/src/robotcatch_policy' returned '0': DEBUGINFOD_URLS=https://debuginfod.ubuntu.com PYTHONPATH=/media/david-linux-arm/linux/ros2_ws/build/robotcatch_policy/prefix_override:/usr/lib/python3/dist-packages/colcon_core/task/python/colcon_distutils_commands:/media/david-linux-arm/linux/ros2_ws/install/robotcatch_policy/lib/python3.12/site-packages:${PYTHONPATH} /usr/bin/python3 -W ignore:setup.py install is deprecated -W ignore:easy_install command is deprecated setup.py egg_info --egg-base ../../build/robotcatch_policy build --build-base /media/david-linux-arm/linux/ros2_ws/build/robotcatch_policy/build install --record /media/david-linux-arm/linux/ros2_ws/build/robotcatch_policy/install.log --single-version-externally-managed install_data
[1.011s] Level 1:colcon.colcon_core.environment:checking '/media/david-linux-arm/linux/ros2_ws/install/robotcatch_policy/lib'
[1.011s] Level 1:colcon.colcon_core.environment:checking '/media/david-linux-arm/linux/ros2_ws/install/robotcatch_policy/bin'
[1.011s] Level 1:colcon.colcon_core.environment:checking '/media/david-linux-arm/linux/ros2_ws/install/robotcatch_policy/lib/pkgconfig/robotcatch_policy.pc'
[1.012s] Level 1:colcon.colcon_core.environment:checking '/media/david-linux-arm/linux/ros2_ws/install/robotcatch_policy/lib/python3.12/site-packages'
[1.012s] Level 1:colcon.colcon_core.shell:create_environment_hook('robotcatch_policy', 'pythonpath')
[1.012s] INFO:colcon.colcon_core.shell:Creating environment hook '/media/david-linux-arm/linux/ros2_ws/install/robotcatch_policy/share/robotcatch_policy/hook/pythonpath.ps1'
[1.013s] INFO:colcon.colcon_core.shell:Creating environment descriptor '/media/david-linux-arm/linux/ros2_ws/install/robotcatch_policy/share/robotcatch_policy/hook/pythonpath.dsv'
[1.014s] INFO:colcon.colcon_core.shell:Creating environment hook '/media/david-linux-arm/linux/ros2_ws/install/robotcatch_policy/share/robotcatch_policy/hook/pythonpath.sh'
[1.015s] Level 1:colcon.colcon_core.environment:checking '/media/david-linux-arm/linux/ros2_ws/install/robotcatch_policy/bin'
[1.015s] Level 1:colcon.colcon_core.environment:create_environment_scripts_only(robotcatch_policy)
[1.015s] INFO:colcon.colcon_core.shell:Creating package script '/media/david-linux-arm/linux/ros2_ws/install/robotcatch_policy/share/robotcatch_policy/package.ps1'
[1.016s] INFO:colcon.colcon_core.shell:Creating package descriptor '/media/david-linux-arm/linux/ros2_ws/install/robotcatch_policy/share/robotcatch_policy/package.dsv'
[1.016s] INFO:colcon.colcon_core.shell:Creating package script '/media/david-linux-arm/linux/ros2_ws/install/robotcatch_policy/share/robotcatch_policy/package.sh'
[1.017s] INFO:colcon.colcon_core.shell:Creating package script '/media/david-linux-arm/linux/ros2_ws/install/robotcatch_policy/share/robotcatch_policy/package.bash'
[1.017s] INFO:colcon.colcon_core.shell:Creating package script '/media/david-linux-arm/linux/ros2_ws/install/robotcatch_policy/share/robotcatch_policy/package.zsh'
[1.017s] Level 1:colcon.colcon_core.environment:create_file_with_runtime_dependencies(/media/david-linux-arm/linux/ros2_ws/install/robotcatch_policy/share/colcon-core/packages/robotcatch_policy)
[1.018s] Level 1:colcon.colcon_core.environment:checking '/media/david-linux-arm/linux/ros2_ws/install/robotcatch_robotinterface' for CMake module files
[1.019s] DEBUG:colcon.colcon_core.event_handler.log_command:Invoked command in '/media/david-linux-arm/linux/ros2_ws/src/robotcatch_robotinterface' returned '0': DEBUGINFOD_URLS=https://debuginfod.ubuntu.com PYTHONPATH=/media/david-linux-arm/linux/ros2_ws/build/robotcatch_robotinterface/prefix_override:/usr/lib/python3/dist-packages/colcon_core/task/python/colcon_distutils_commands:/media/david-linux-arm/linux/ros2_ws/install/robotcatch_robotinterface/lib/python3.12/site-packages:${PYTHONPATH} /usr/bin/python3 -W ignore:setup.py install is deprecated -W ignore:easy_install command is deprecated setup.py egg_info --egg-base ../../build/robotcatch_robotinterface build --build-base /media/david-linux-arm/linux/ros2_ws/build/robotcatch_robotinterface/build install --record /media/david-linux-arm/linux/ros2_ws/build/robotcatch_robotinterface/install.log --single-version-externally-managed install_data
[1.019s] Level 1:colcon.colcon_core.environment:checking '/media/david-linux-arm/linux/ros2_ws/install/robotcatch_robotinterface' for CMake config files
[1.021s] Level 1:colcon.colcon_core.environment:checking '/media/david-linux-arm/linux/ros2_ws/install/robotcatch_robotinterface/lib'
[1.022s] Level 1:colcon.colcon_core.environment:checking '/media/david-linux-arm/linux/ros2_ws/install/robotcatch_robotinterface/bin'
[1.022s] Level 1:colcon.colcon_core.environment:checking '/media/david-linux-arm/linux/ros2_ws/install/robotcatch_robotinterface/lib/pkgconfig/robotcatch_robotinterface.pc'
[1.022s] Level 1:colcon.colcon_core.environment:checking '/media/david-linux-arm/linux/ros2_ws/install/robotcatch_robotinterface/lib/python3.12/site-packages'
[1.022s] Level 1:colcon.colcon_core.shell:create_environment_hook('robotcatch_robotinterface', 'pythonpath')
[1.023s] INFO:colcon.colcon_core.shell:Creating environment hook '/media/david-linux-arm/linux/ros2_ws/install/robotcatch_robotinterface/share/robotcatch_robotinterface/hook/pythonpath.ps1'
[1.023s] INFO:colcon.colcon_core.shell:Creating environment descriptor '/media/david-linux-arm/linux/ros2_ws/install/robotcatch_robotinterface/share/robotcatch_robotinterface/hook/pythonpath.dsv'
[1.023s] INFO:colcon.colcon_core.shell:Creating environment hook '/media/david-linux-arm/linux/ros2_ws/install/robotcatch_robotinterface/share/robotcatch_robotinterface/hook/pythonpath.sh'
[1.024s] Level 1:colcon.colcon_core.environment:checking '/media/david-linux-arm/linux/ros2_ws/install/robotcatch_robotinterface/bin'
[1.024s] Level 1:colcon.colcon_core.environment:create_environment_scripts_only(robotcatch_robotinterface)
[1.025s] INFO:colcon.colcon_core.shell:Creating package script '/media/david-linux-arm/linux/ros2_ws/install/robotcatch_robotinterface/share/robotcatch_robotinterface/package.ps1'
[1.025s] INFO:colcon.colcon_core.shell:Creating package descriptor '/media/david-linux-arm/linux/ros2_ws/install/robotcatch_robotinterface/share/robotcatch_robotinterface/package.dsv'
[1.025s] INFO:colcon.colcon_core.shell:Creating package script '/media/david-linux-arm/linux/ros2_ws/install/robotcatch_robotinterface/share/robotcatch_robotinterface/package.sh'
[1.026s] INFO:colcon.colcon_core.shell:Creating package script '/media/david-linux-arm/linux/ros2_ws/install/robotcatch_robotinterface/share/robotcatch_robotinterface/package.bash'
[1.026s] INFO:colcon.colcon_core.shell:Creating package script '/media/david-linux-arm/linux/ros2_ws/install/robotcatch_robotinterface/share/robotcatch_robotinterface/package.zsh'
[1.027s] Level 1:colcon.colcon_core.environment:create_file_with_runtime_dependencies(/media/david-linux-arm/linux/ros2_ws/install/robotcatch_robotinterface/share/colcon-core/packages/robotcatch_robotinterface)
[1.027s] DEBUG:colcon.colcon_parallel_executor.executor.parallel:closing loop
[1.027s] DEBUG:colcon.colcon_parallel_executor.executor.parallel:loop closed
[1.027s] DEBUG:colcon.colcon_parallel_executor.executor.parallel:run_until_complete finished with '0'
[1.028s] DEBUG:colcon.colcon_core.event_reactor:joining thread
[1.036s] INFO:colcon.colcon_core.plugin_system:Skipping extension 'colcon_notification.desktop_notification.terminal_notifier': Not used on non-Darwin systems
[1.036s] INFO:colcon.colcon_core.plugin_system:Skipping extension 'colcon_notification.desktop_notification.win32': Not used on non-Windows systems
[1.036s] INFO:colcon.colcon_notification.desktop_notification:Sending desktop notification using 'notify2'
[1.053s] DEBUG:colcon.colcon_core.event_reactor:joined thread
[1.054s] INFO:colcon.colcon_core.shell:Creating prefix script '/media/david-linux-arm/linux/ros2_ws/install/local_setup.ps1'
[1.055s] INFO:colcon.colcon_core.shell:Creating prefix util module '/media/david-linux-arm/linux/ros2_ws/install/_local_setup_util_ps1.py'
[1.056s] INFO:colcon.colcon_core.shell:Creating prefix chain script '/media/david-linux-arm/linux/ros2_ws/install/setup.ps1'
[1.056s] INFO:colcon.colcon_core.shell:Creating prefix script '/media/david-linux-arm/linux/ros2_ws/install/local_setup.sh'
[1.056s] INFO:colcon.colcon_core.shell:Creating prefix util module '/media/david-linux-arm/linux/ros2_ws/install/_local_setup_util_sh.py'
[1.057s] INFO:colcon.colcon_core.shell:Creating prefix chain script '/media/david-linux-arm/linux/ros2_ws/install/setup.sh'
[1.057s] INFO:colcon.colcon_core.shell:Creating prefix script '/media/david-linux-arm/linux/ros2_ws/install/local_setup.bash'
[1.057s] INFO:colcon.colcon_core.shell:Creating prefix chain script '/media/david-linux-arm/linux/ros2_ws/install/setup.bash'
[1.058s] INFO:colcon.colcon_core.shell:Creating prefix script '/media/david-linux-arm/linux/ros2_ws/install/local_setup.zsh'
[1.058s] INFO:colcon.colcon_core.shell:Creating prefix chain script '/media/david-linux-arm/linux/ros2_ws/install/setup.zsh'
