[0.046s] DEBUG:colcon:Command line arguments: ['/usr/bin/colcon', 'build']
[0.046s] DEBUG:colcon:Parsed command line arguments: Namespace(log_base=None, log_level=None, verb_name='build', build_base='build', install_base='install', merge_install=False, symlink_install=False, test_result_base=None, continue_on_error=False, executor='parallel', parallel_workers=8, event_handlers=None, ignore_user_meta=False, metas=['./colcon.meta'], base_paths=['.'], packages_ignore=None, packages_ignore_regex=None, paths=None, packages_up_to=None, packages_up_to_regex=None, packages_above=None, packages_above_and_dependencies=None, packages_above_depth=None, packages_select_by_dep=None, packages_skip_by_dep=None, packages_skip_up_to=None, packages_select_build_failed=False, packages_skip_build_finished=False, packages_select_test_failures=False, packages_skip_test_passed=False, packages_select=None, packages_skip=None, packages_select_regex=None, packages_skip_regex=None, packages_start=None, packages_end=None, allow_overriding=[], cmake_args=None, cmake_target=None, cmake_target_skip_unavailable=False, cmake_clean_cache=False, cmake_clean_first=False, cmake_force_configure=False, ament_cmake_args=None, catkin_cmake_args=None, catkin_skip_building_tests=False, mixin_files=None, mixin=None, verb_parser=<colcon_mixin.mixin.mixin_argument.MixinArgumentDecorator object at 0xffff8f3483e0>, verb_extension=<colcon_core.verb.build.BuildVerb object at 0xffff8f2c76e0>, main=<bound method BuildVerb.main of <colcon_core.verb.build.BuildVerb object at 0xffff8f2c76e0>>, mixin_verb=('build',))
[0.064s] Level 1:colcon.colcon_core.package_discovery:discover_packages(colcon_meta) check parameters
[0.064s] Level 1:colcon.colcon_core.package_discovery:discover_packages(recursive) check parameters
[0.064s] Level 1:colcon.colcon_core.package_discovery:discover_packages(ignore) check parameters
[0.064s] Level 1:colcon.colcon_core.package_discovery:discover_packages(path) check parameters
[0.064s] Level 1:colcon.colcon_core.package_discovery:discover_packages(colcon_meta) discover
[0.064s] Level 1:colcon.colcon_core.package_discovery:discover_packages(recursive) discover
[0.064s] INFO:colcon.colcon_core.package_discovery:Crawling recursively for packages in '/media/david-linux-arm/linux/ros2_ws'
[0.064s] Level 1:colcon.colcon_core.package_identification:_identify(.) by extensions ['ignore', 'ignore_ament_install']
[0.064s] Level 1:colcon.colcon_core.package_identification:_identify(.) by extension 'ignore'
[0.064s] Level 1:colcon.colcon_core.package_identification:_identify(.) by extension 'ignore_ament_install'
[0.064s] Level 1:colcon.colcon_core.package_identification:_identify(.) by extensions ['colcon_pkg']
[0.064s] Level 1:colcon.colcon_core.package_identification:_identify(.) by extension 'colcon_pkg'
[0.064s] Level 1:colcon.colcon_core.package_identification:_identify(.) by extensions ['colcon_meta']
[0.064s] Level 1:colcon.colcon_core.package_identification:_identify(.) by extension 'colcon_meta'
[0.064s] Level 1:colcon.colcon_core.package_identification:_identify(.) by extensions ['ros']
[0.064s] Level 1:colcon.colcon_core.package_identification:_identify(.) by extension 'ros'
[0.077s] Level 1:colcon.colcon_core.package_identification:_identify(.) by extensions ['cmake', 'python']
[0.077s] Level 1:colcon.colcon_core.package_identification:_identify(.) by extension 'cmake'
[0.077s] Level 1:colcon.colcon_core.package_identification:_identify(.) by extension 'python'
[0.077s] Level 1:colcon.colcon_core.package_identification:_identify(.) by extensions ['python_setup_py']
[0.077s] Level 1:colcon.colcon_core.package_identification:_identify(.) by extension 'python_setup_py'
[0.077s] Level 1:colcon.colcon_core.package_identification:_identify(EasyBot) by extensions ['ignore', 'ignore_ament_install']
[0.077s] Level 1:colcon.colcon_core.package_identification:_identify(EasyBot) by extension 'ignore'
[0.077s] Level 1:colcon.colcon_core.package_identification:_identify(EasyBot) by extension 'ignore_ament_install'
[0.077s] Level 1:colcon.colcon_core.package_identification:_identify(EasyBot) by extensions ['colcon_pkg']
[0.077s] Level 1:colcon.colcon_core.package_identification:_identify(EasyBot) by extension 'colcon_pkg'
[0.077s] Level 1:colcon.colcon_core.package_identification:_identify(EasyBot) by extensions ['colcon_meta']
[0.077s] Level 1:colcon.colcon_core.package_identification:_identify(EasyBot) by extension 'colcon_meta'
[0.077s] Level 1:colcon.colcon_core.package_identification:_identify(EasyBot) by extensions ['ros']
[0.077s] Level 1:colcon.colcon_core.package_identification:_identify(EasyBot) by extension 'ros'
[0.077s] Level 1:colcon.colcon_core.package_identification:_identify(EasyBot) by extensions ['cmake', 'python']
[0.077s] Level 1:colcon.colcon_core.package_identification:_identify(EasyBot) by extension 'cmake'
[0.077s] Level 1:colcon.colcon_core.package_identification:_identify(EasyBot) by extension 'python'
[0.077s] Level 1:colcon.colcon_core.package_identification:_identify(EasyBot) by extensions ['python_setup_py']
[0.077s] Level 1:colcon.colcon_core.package_identification:_identify(EasyBot) by extension 'python_setup_py'
[0.077s] Level 1:colcon.colcon_core.package_identification:_identify(EasyBot/EasyRobot) by extensions ['ignore', 'ignore_ament_install']
[0.077s] Level 1:colcon.colcon_core.package_identification:_identify(EasyBot/EasyRobot) by extension 'ignore'
[0.077s] Level 1:colcon.colcon_core.package_identification:_identify(EasyBot/EasyRobot) by extension 'ignore_ament_install'
[0.077s] Level 1:colcon.colcon_core.package_identification:_identify(EasyBot/EasyRobot) by extensions ['colcon_pkg']
[0.077s] Level 1:colcon.colcon_core.package_identification:_identify(EasyBot/EasyRobot) by extension 'colcon_pkg'
[0.077s] Level 1:colcon.colcon_core.package_identification:_identify(EasyBot/EasyRobot) by extensions ['colcon_meta']
[0.077s] Level 1:colcon.colcon_core.package_identification:_identify(EasyBot/EasyRobot) by extension 'colcon_meta'
[0.077s] Level 1:colcon.colcon_core.package_identification:_identify(EasyBot/EasyRobot) by extensions ['ros']
[0.077s] Level 1:colcon.colcon_core.package_identification:_identify(EasyBot/EasyRobot) by extension 'ros'
[0.077s] Level 1:colcon.colcon_core.package_identification:_identify(EasyBot/EasyRobot) by extensions ['cmake', 'python']
[0.077s] Level 1:colcon.colcon_core.package_identification:_identify(EasyBot/EasyRobot) by extension 'cmake'
[0.077s] Level 1:colcon.colcon_core.package_identification:_identify(EasyBot/EasyRobot) by extension 'python'
[0.077s] Level 1:colcon.colcon_core.package_identification:_identify(EasyBot/EasyRobot) by extensions ['python_setup_py']
[0.077s] Level 1:colcon.colcon_core.package_identification:_identify(EasyBot/EasyRobot) by extension 'python_setup_py'
[0.077s] Level 1:colcon.colcon_core.package_identification:_identify(EasyBot/EasyRobot/easyrobot) by extensions ['ignore', 'ignore_ament_install']
[0.077s] Level 1:colcon.colcon_core.package_identification:_identify(EasyBot/EasyRobot/easyrobot) by extension 'ignore'
[0.077s] Level 1:colcon.colcon_core.package_identification:_identify(EasyBot/EasyRobot/easyrobot) by extension 'ignore_ament_install'
[0.077s] Level 1:colcon.colcon_core.package_identification:_identify(EasyBot/EasyRobot/easyrobot) by extensions ['colcon_pkg']
[0.077s] Level 1:colcon.colcon_core.package_identification:_identify(EasyBot/EasyRobot/easyrobot) by extension 'colcon_pkg'
[0.077s] Level 1:colcon.colcon_core.package_identification:_identify(EasyBot/EasyRobot/easyrobot) by extensions ['colcon_meta']
[0.077s] Level 1:colcon.colcon_core.package_identification:_identify(EasyBot/EasyRobot/easyrobot) by extension 'colcon_meta'
[0.077s] Level 1:colcon.colcon_core.package_identification:_identify(EasyBot/EasyRobot/easyrobot) by extensions ['ros']
[0.077s] Level 1:colcon.colcon_core.package_identification:_identify(EasyBot/EasyRobot/easyrobot) by extension 'ros'
[0.078s] DEBUG:colcon.colcon_core.package_identification:Package 'EasyBot/EasyRobot/easyrobot' with type 'ros.ament_cmake' and name 'easyrobot'
[0.079s] Level 1:colcon.colcon_core.package_identification:_identify(EasyBot/EasyRobot/easyrobot_bringup) by extensions ['ignore', 'ignore_ament_install']
[0.079s] Level 1:colcon.colcon_core.package_identification:_identify(EasyBot/EasyRobot/easyrobot_bringup) by extension 'ignore'
[0.079s] Level 1:colcon.colcon_core.package_identification:_identify(EasyBot/EasyRobot/easyrobot_bringup) by extension 'ignore_ament_install'
[0.079s] Level 1:colcon.colcon_core.package_identification:_identify(EasyBot/EasyRobot/easyrobot_bringup) by extensions ['colcon_pkg']
[0.079s] Level 1:colcon.colcon_core.package_identification:_identify(EasyBot/EasyRobot/easyrobot_bringup) by extension 'colcon_pkg'
[0.079s] Level 1:colcon.colcon_core.package_identification:_identify(EasyBot/EasyRobot/easyrobot_bringup) by extensions ['colcon_meta']
[0.079s] Level 1:colcon.colcon_core.package_identification:_identify(EasyBot/EasyRobot/easyrobot_bringup) by extension 'colcon_meta'
[0.079s] Level 1:colcon.colcon_core.package_identification:_identify(EasyBot/EasyRobot/easyrobot_bringup) by extensions ['ros']
[0.079s] Level 1:colcon.colcon_core.package_identification:_identify(EasyBot/EasyRobot/easyrobot_bringup) by extension 'ros'
[0.079s] DEBUG:colcon.colcon_core.package_identification:Package 'EasyBot/EasyRobot/easyrobot_bringup' with type 'ros.ament_cmake' and name 'easyrobot_bringup'
[0.079s] Level 1:colcon.colcon_core.package_identification:_identify(EasyBot/EasyRobot/moveit_easyrobot) by extensions ['ignore', 'ignore_ament_install']
[0.079s] Level 1:colcon.colcon_core.package_identification:_identify(EasyBot/EasyRobot/moveit_easyrobot) by extension 'ignore'
[0.079s] Level 1:colcon.colcon_core.package_identification:_identify(EasyBot/EasyRobot/moveit_easyrobot) by extension 'ignore_ament_install'
[0.079s] Level 1:colcon.colcon_core.package_identification:_identify(EasyBot/EasyRobot/moveit_easyrobot) by extensions ['colcon_pkg']
[0.079s] Level 1:colcon.colcon_core.package_identification:_identify(EasyBot/EasyRobot/moveit_easyrobot) by extension 'colcon_pkg'
[0.079s] Level 1:colcon.colcon_core.package_identification:_identify(EasyBot/EasyRobot/moveit_easyrobot) by extensions ['colcon_meta']
[0.079s] Level 1:colcon.colcon_core.package_identification:_identify(EasyBot/EasyRobot/moveit_easyrobot) by extension 'colcon_meta'
[0.079s] Level 1:colcon.colcon_core.package_identification:_identify(EasyBot/EasyRobot/moveit_easyrobot) by extensions ['ros']
[0.079s] Level 1:colcon.colcon_core.package_identification:_identify(EasyBot/EasyRobot/moveit_easyrobot) by extension 'ros'
[0.079s] DEBUG:colcon.colcon_core.package_identification:Package 'EasyBot/EasyRobot/moveit_easyrobot' with type 'ros.ament_cmake' and name 'moveit_easyrobot'
[0.079s] Level 1:colcon.colcon_core.package_identification:_identify(build) by extensions ['ignore', 'ignore_ament_install']
[0.079s] Level 1:colcon.colcon_core.package_identification:_identify(build) by extension 'ignore'
[0.079s] Level 1:colcon.colcon_core.package_identification:_identify(build) ignored
[0.080s] Level 1:colcon.colcon_core.package_identification:_identify(install) by extensions ['ignore', 'ignore_ament_install']
[0.080s] Level 1:colcon.colcon_core.package_identification:_identify(install) by extension 'ignore'
[0.080s] Level 1:colcon.colcon_core.package_identification:_identify(install) ignored
[0.080s] Level 1:colcon.colcon_core.package_identification:_identify(log) by extensions ['ignore', 'ignore_ament_install']
[0.080s] Level 1:colcon.colcon_core.package_identification:_identify(log) by extension 'ignore'
[0.080s] Level 1:colcon.colcon_core.package_identification:_identify(log) ignored
[0.080s] Level 1:colcon.colcon_core.package_identification:_identify(src) by extensions ['ignore', 'ignore_ament_install']
[0.080s] Level 1:colcon.colcon_core.package_identification:_identify(src) by extension 'ignore'
[0.080s] Level 1:colcon.colcon_core.package_identification:_identify(src) by extension 'ignore_ament_install'
[0.080s] Level 1:colcon.colcon_core.package_identification:_identify(src) by extensions ['colcon_pkg']
[0.080s] Level 1:colcon.colcon_core.package_identification:_identify(src) by extension 'colcon_pkg'
[0.080s] Level 1:colcon.colcon_core.package_identification:_identify(src) by extensions ['colcon_meta']
[0.080s] Level 1:colcon.colcon_core.package_identification:_identify(src) by extension 'colcon_meta'
[0.080s] Level 1:colcon.colcon_core.package_identification:_identify(src) by extensions ['ros']
[0.080s] Level 1:colcon.colcon_core.package_identification:_identify(src) by extension 'ros'
[0.080s] Level 1:colcon.colcon_core.package_identification:_identify(src) by extensions ['cmake', 'python']
[0.080s] Level 1:colcon.colcon_core.package_identification:_identify(src) by extension 'cmake'
[0.080s] Level 1:colcon.colcon_core.package_identification:_identify(src) by extension 'python'
[0.080s] Level 1:colcon.colcon_core.package_identification:_identify(src) by extensions ['python_setup_py']
[0.080s] Level 1:colcon.colcon_core.package_identification:_identify(src) by extension 'python_setup_py'
[0.080s] Level 1:colcon.colcon_core.package_discovery:discover_packages(recursive) using defaults
[0.080s] Level 1:colcon.colcon_core.package_discovery:discover_packages(ignore) discover
[0.080s] Level 1:colcon.colcon_core.package_discovery:discover_packages(ignore) using defaults
[0.080s] Level 1:colcon.colcon_core.package_discovery:discover_packages(path) discover
[0.080s] Level 1:colcon.colcon_core.package_discovery:discover_packages(path) using defaults
[0.088s] Level 1:colcon.colcon_core.package_discovery:discover_packages(prefix_path) check parameters
[0.088s] Level 1:colcon.colcon_core.package_discovery:discover_packages(prefix_path) discover
[0.090s] DEBUG:colcon.colcon_installed_package_information.package_discovery:Found 315 installed packages in /opt/ros/jazzy
[0.090s] Level 1:colcon.colcon_core.package_discovery:discover_packages(prefix_path) using defaults
[0.110s] Level 5:colcon.colcon_core.verb:set package 'easyrobot' build argument 'cmake_args' from command line to 'None'
[0.111s] Level 5:colcon.colcon_core.verb:set package 'easyrobot' build argument 'cmake_target' from command line to 'None'
[0.111s] Level 5:colcon.colcon_core.verb:set package 'easyrobot' build argument 'cmake_target_skip_unavailable' from command line to 'False'
[0.111s] Level 5:colcon.colcon_core.verb:set package 'easyrobot' build argument 'cmake_clean_cache' from command line to 'False'
[0.111s] Level 5:colcon.colcon_core.verb:set package 'easyrobot' build argument 'cmake_clean_first' from command line to 'False'
[0.111s] Level 5:colcon.colcon_core.verb:set package 'easyrobot' build argument 'cmake_force_configure' from command line to 'False'
[0.111s] Level 5:colcon.colcon_core.verb:set package 'easyrobot' build argument 'ament_cmake_args' from command line to 'None'
[0.111s] Level 5:colcon.colcon_core.verb:set package 'easyrobot' build argument 'catkin_cmake_args' from command line to 'None'
[0.111s] Level 5:colcon.colcon_core.verb:set package 'easyrobot' build argument 'catkin_skip_building_tests' from command line to 'False'
[0.111s] DEBUG:colcon.colcon_core.verb:Building package 'easyrobot' with the following arguments: {'ament_cmake_args': None, 'build_base': '/media/david-linux-arm/linux/ros2_ws/build/easyrobot', 'catkin_cmake_args': None, 'catkin_skip_building_tests': False, 'cmake_args': None, 'cmake_clean_cache': False, 'cmake_clean_first': False, 'cmake_force_configure': False, 'cmake_target': None, 'cmake_target_skip_unavailable': False, 'install_base': '/media/david-linux-arm/linux/ros2_ws/install/easyrobot', 'merge_install': False, 'path': '/media/david-linux-arm/linux/ros2_ws/EasyBot/EasyRobot/easyrobot', 'symlink_install': False, 'test_result_base': None}
[0.111s] Level 5:colcon.colcon_core.verb:set package 'easyrobot_bringup' build argument 'cmake_args' from command line to 'None'
[0.111s] Level 5:colcon.colcon_core.verb:set package 'easyrobot_bringup' build argument 'cmake_target' from command line to 'None'
[0.111s] Level 5:colcon.colcon_core.verb:set package 'easyrobot_bringup' build argument 'cmake_target_skip_unavailable' from command line to 'False'
[0.111s] Level 5:colcon.colcon_core.verb:set package 'easyrobot_bringup' build argument 'cmake_clean_cache' from command line to 'False'
[0.111s] Level 5:colcon.colcon_core.verb:set package 'easyrobot_bringup' build argument 'cmake_clean_first' from command line to 'False'
[0.111s] Level 5:colcon.colcon_core.verb:set package 'easyrobot_bringup' build argument 'cmake_force_configure' from command line to 'False'
[0.111s] Level 5:colcon.colcon_core.verb:set package 'easyrobot_bringup' build argument 'ament_cmake_args' from command line to 'None'
[0.111s] Level 5:colcon.colcon_core.verb:set package 'easyrobot_bringup' build argument 'catkin_cmake_args' from command line to 'None'
[0.111s] Level 5:colcon.colcon_core.verb:set package 'easyrobot_bringup' build argument 'catkin_skip_building_tests' from command line to 'False'
[0.111s] DEBUG:colcon.colcon_core.verb:Building package 'easyrobot_bringup' with the following arguments: {'ament_cmake_args': None, 'build_base': '/media/david-linux-arm/linux/ros2_ws/build/easyrobot_bringup', 'catkin_cmake_args': None, 'catkin_skip_building_tests': False, 'cmake_args': None, 'cmake_clean_cache': False, 'cmake_clean_first': False, 'cmake_force_configure': False, 'cmake_target': None, 'cmake_target_skip_unavailable': False, 'install_base': '/media/david-linux-arm/linux/ros2_ws/install/easyrobot_bringup', 'merge_install': False, 'path': '/media/david-linux-arm/linux/ros2_ws/EasyBot/EasyRobot/easyrobot_bringup', 'symlink_install': False, 'test_result_base': None}
[0.111s] Level 5:colcon.colcon_core.verb:set package 'moveit_easyrobot' build argument 'cmake_args' from command line to 'None'
[0.111s] Level 5:colcon.colcon_core.verb:set package 'moveit_easyrobot' build argument 'cmake_target' from command line to 'None'
[0.111s] Level 5:colcon.colcon_core.verb:set package 'moveit_easyrobot' build argument 'cmake_target_skip_unavailable' from command line to 'False'
[0.111s] Level 5:colcon.colcon_core.verb:set package 'moveit_easyrobot' build argument 'cmake_clean_cache' from command line to 'False'
[0.111s] Level 5:colcon.colcon_core.verb:set package 'moveit_easyrobot' build argument 'cmake_clean_first' from command line to 'False'
[0.111s] Level 5:colcon.colcon_core.verb:set package 'moveit_easyrobot' build argument 'cmake_force_configure' from command line to 'False'
[0.111s] Level 5:colcon.colcon_core.verb:set package 'moveit_easyrobot' build argument 'ament_cmake_args' from command line to 'None'
[0.111s] Level 5:colcon.colcon_core.verb:set package 'moveit_easyrobot' build argument 'catkin_cmake_args' from command line to 'None'
[0.111s] Level 5:colcon.colcon_core.verb:set package 'moveit_easyrobot' build argument 'catkin_skip_building_tests' from command line to 'False'
[0.111s] DEBUG:colcon.colcon_core.verb:Building package 'moveit_easyrobot' with the following arguments: {'ament_cmake_args': None, 'build_base': '/media/david-linux-arm/linux/ros2_ws/build/moveit_easyrobot', 'catkin_cmake_args': None, 'catkin_skip_building_tests': False, 'cmake_args': None, 'cmake_clean_cache': False, 'cmake_clean_first': False, 'cmake_force_configure': False, 'cmake_target': None, 'cmake_target_skip_unavailable': False, 'install_base': '/media/david-linux-arm/linux/ros2_ws/install/moveit_easyrobot', 'merge_install': False, 'path': '/media/david-linux-arm/linux/ros2_ws/EasyBot/EasyRobot/moveit_easyrobot', 'symlink_install': False, 'test_result_base': None}
[0.111s] INFO:colcon.colcon_core.executor:Executing jobs using 'parallel' executor
[0.112s] DEBUG:colcon.colcon_parallel_executor.executor.parallel:run_until_complete
[0.112s] INFO:colcon.colcon_ros.task.ament_cmake.build:Building ROS package in '/media/david-linux-arm/linux/ros2_ws/EasyBot/EasyRobot/easyrobot' with build type 'ament_cmake'
[0.112s] INFO:colcon.colcon_cmake.task.cmake.build:Building CMake package in '/media/david-linux-arm/linux/ros2_ws/EasyBot/EasyRobot/easyrobot'
[0.114s] INFO:colcon.colcon_core.plugin_system:Skipping extension 'colcon_core.shell.bat': Not used on non-Windows systems
[0.114s] INFO:colcon.colcon_core.shell:Skip shell extension 'powershell' for command environment: Not usable outside of PowerShell
[0.114s] DEBUG:colcon.colcon_core.shell:Skip shell extension 'dsv' for command environment
[0.117s] INFO:colcon.colcon_ros.task.ament_cmake.build:Building ROS package in '/media/david-linux-arm/linux/ros2_ws/EasyBot/EasyRobot/easyrobot_bringup' with build type 'ament_cmake'
[0.117s] INFO:colcon.colcon_cmake.task.cmake.build:Building CMake package in '/media/david-linux-arm/linux/ros2_ws/EasyBot/EasyRobot/easyrobot_bringup'
[0.117s] INFO:colcon.colcon_core.shell:Skip shell extension 'powershell' for command environment: Not usable outside of PowerShell
[0.117s] DEBUG:colcon.colcon_core.shell:Skip shell extension 'dsv' for command environment
[0.121s] DEBUG:colcon.colcon_core.event_handler.log_command:Invoking command in '/media/david-linux-arm/linux/ros2_ws/build/easyrobot': CMAKE_PREFIX_PATH=${CMAKE_PREFIX_PATH}:/opt/ros/jazzy DEBUGINFOD_URLS=https://debuginfod.ubuntu.com /usr/bin/cmake /media/david-linux-arm/linux/ros2_ws/EasyBot/EasyRobot/easyrobot -DCMAKE_INSTALL_PREFIX=/media/david-linux-arm/linux/ros2_ws/install/easyrobot
[0.122s] DEBUG:colcon.colcon_core.event_handler.log_command:Invoking command in '/media/david-linux-arm/linux/ros2_ws/build/easyrobot_bringup': CMAKE_PREFIX_PATH=${CMAKE_PREFIX_PATH}:/opt/ros/jazzy DEBUGINFOD_URLS=https://debuginfod.ubuntu.com /usr/bin/cmake /media/david-linux-arm/linux/ros2_ws/EasyBot/EasyRobot/easyrobot_bringup -DCMAKE_INSTALL_PREFIX=/media/david-linux-arm/linux/ros2_ws/install/easyrobot_bringup
[0.515s] DEBUG:colcon.colcon_core.event_handler.log_command:Invoked command in '/media/david-linux-arm/linux/ros2_ws/build/easyrobot' returned '0': CMAKE_PREFIX_PATH=${CMAKE_PREFIX_PATH}:/opt/ros/jazzy DEBUGINFOD_URLS=https://debuginfod.ubuntu.com /usr/bin/cmake /media/david-linux-arm/linux/ros2_ws/EasyBot/EasyRobot/easyrobot -DCMAKE_INSTALL_PREFIX=/media/david-linux-arm/linux/ros2_ws/install/easyrobot
[0.515s] DEBUG:colcon.colcon_core.event_handler.log_command:Invoking command in '/media/david-linux-arm/linux/ros2_ws/build/easyrobot': CMAKE_PREFIX_PATH=${CMAKE_PREFIX_PATH}:/opt/ros/jazzy DEBUGINFOD_URLS=https://debuginfod.ubuntu.com /usr/bin/cmake --build /media/david-linux-arm/linux/ros2_ws/build/easyrobot -- -j8 -l8
[0.536s] DEBUG:colcon.colcon_core.event_handler.log_command:Invoked command in '/media/david-linux-arm/linux/ros2_ws/build/easyrobot' returned '0': CMAKE_PREFIX_PATH=${CMAKE_PREFIX_PATH}:/opt/ros/jazzy DEBUGINFOD_URLS=https://debuginfod.ubuntu.com /usr/bin/cmake --build /media/david-linux-arm/linux/ros2_ws/build/easyrobot -- -j8 -l8
[0.541s] DEBUG:colcon.colcon_core.event_handler.log_command:Invoking command in '/media/david-linux-arm/linux/ros2_ws/build/easyrobot': CMAKE_PREFIX_PATH=${CMAKE_PREFIX_PATH}:/opt/ros/jazzy DEBUGINFOD_URLS=https://debuginfod.ubuntu.com /usr/bin/cmake --install /media/david-linux-arm/linux/ros2_ws/build/easyrobot
[0.548s] Level 1:colcon.colcon_core.environment:create_environment_scripts_only(easyrobot)
[0.548s] DEBUG:colcon.colcon_core.event_handler.log_command:Invoked command in '/media/david-linux-arm/linux/ros2_ws/build/easyrobot' returned '0': CMAKE_PREFIX_PATH=${CMAKE_PREFIX_PATH}:/opt/ros/jazzy DEBUGINFOD_URLS=https://debuginfod.ubuntu.com /usr/bin/cmake --install /media/david-linux-arm/linux/ros2_ws/build/easyrobot
[0.550s] Level 1:colcon.colcon_core.environment:checking '/media/david-linux-arm/linux/ros2_ws/install/easyrobot' for CMake module files
[0.550s] Level 1:colcon.colcon_core.environment:checking '/media/david-linux-arm/linux/ros2_ws/install/easyrobot' for CMake config files
[0.551s] Level 1:colcon.colcon_core.shell:create_environment_hook('easyrobot', 'cmake_prefix_path')
[0.551s] INFO:colcon.colcon_core.shell:Creating environment hook '/media/david-linux-arm/linux/ros2_ws/install/easyrobot/share/easyrobot/hook/cmake_prefix_path.ps1'
[0.551s] INFO:colcon.colcon_core.shell:Creating environment descriptor '/media/david-linux-arm/linux/ros2_ws/install/easyrobot/share/easyrobot/hook/cmake_prefix_path.dsv'
[0.551s] INFO:colcon.colcon_core.shell:Creating environment hook '/media/david-linux-arm/linux/ros2_ws/install/easyrobot/share/easyrobot/hook/cmake_prefix_path.sh'
[0.551s] Level 1:colcon.colcon_core.environment:checking '/media/david-linux-arm/linux/ros2_ws/install/easyrobot/bin'
[0.552s] Level 1:colcon.colcon_core.environment:checking '/media/david-linux-arm/linux/ros2_ws/install/easyrobot/lib/pkgconfig/easyrobot.pc'
[0.552s] Level 1:colcon.colcon_core.environment:checking '/media/david-linux-arm/linux/ros2_ws/install/easyrobot/lib/python3.12/site-packages'
[0.552s] Level 1:colcon.colcon_core.environment:checking '/media/david-linux-arm/linux/ros2_ws/install/easyrobot/bin'
[0.552s] INFO:colcon.colcon_core.shell:Creating package script '/media/david-linux-arm/linux/ros2_ws/install/easyrobot/share/easyrobot/package.ps1'
[0.552s] INFO:colcon.colcon_core.shell:Creating package descriptor '/media/david-linux-arm/linux/ros2_ws/install/easyrobot/share/easyrobot/package.dsv'
[0.552s] INFO:colcon.colcon_core.shell:Creating package script '/media/david-linux-arm/linux/ros2_ws/install/easyrobot/share/easyrobot/package.sh'
[0.553s] INFO:colcon.colcon_core.shell:Creating package script '/media/david-linux-arm/linux/ros2_ws/install/easyrobot/share/easyrobot/package.bash'
[0.553s] INFO:colcon.colcon_core.shell:Creating package script '/media/david-linux-arm/linux/ros2_ws/install/easyrobot/share/easyrobot/package.zsh'
[0.553s] Level 1:colcon.colcon_core.environment:create_file_with_runtime_dependencies(/media/david-linux-arm/linux/ros2_ws/install/easyrobot/share/colcon-core/packages/easyrobot)
[0.553s] Level 1:colcon.colcon_core.environment:create_environment_scripts_only(easyrobot)
[0.553s] Level 1:colcon.colcon_core.environment:checking '/media/david-linux-arm/linux/ros2_ws/install/easyrobot' for CMake module files
[0.554s] Level 1:colcon.colcon_core.environment:checking '/media/david-linux-arm/linux/ros2_ws/install/easyrobot' for CMake config files
[0.554s] Level 1:colcon.colcon_core.shell:create_environment_hook('easyrobot', 'cmake_prefix_path')
[0.554s] INFO:colcon.colcon_core.shell:Creating environment hook '/media/david-linux-arm/linux/ros2_ws/install/easyrobot/share/easyrobot/hook/cmake_prefix_path.ps1'
[0.554s] INFO:colcon.colcon_core.shell:Creating environment descriptor '/media/david-linux-arm/linux/ros2_ws/install/easyrobot/share/easyrobot/hook/cmake_prefix_path.dsv'
[0.554s] INFO:colcon.colcon_core.shell:Creating environment hook '/media/david-linux-arm/linux/ros2_ws/install/easyrobot/share/easyrobot/hook/cmake_prefix_path.sh'
[0.554s] Level 1:colcon.colcon_core.environment:checking '/media/david-linux-arm/linux/ros2_ws/install/easyrobot/bin'
[0.554s] Level 1:colcon.colcon_core.environment:checking '/media/david-linux-arm/linux/ros2_ws/install/easyrobot/lib/pkgconfig/easyrobot.pc'
[0.554s] Level 1:colcon.colcon_core.environment:checking '/media/david-linux-arm/linux/ros2_ws/install/easyrobot/lib/python3.12/site-packages'
[0.554s] Level 1:colcon.colcon_core.environment:checking '/media/david-linux-arm/linux/ros2_ws/install/easyrobot/bin'
[0.554s] INFO:colcon.colcon_core.shell:Creating package script '/media/david-linux-arm/linux/ros2_ws/install/easyrobot/share/easyrobot/package.ps1'
[0.555s] INFO:colcon.colcon_core.shell:Creating package descriptor '/media/david-linux-arm/linux/ros2_ws/install/easyrobot/share/easyrobot/package.dsv'
[0.555s] INFO:colcon.colcon_core.shell:Creating package script '/media/david-linux-arm/linux/ros2_ws/install/easyrobot/share/easyrobot/package.sh'
[0.555s] INFO:colcon.colcon_core.shell:Creating package script '/media/david-linux-arm/linux/ros2_ws/install/easyrobot/share/easyrobot/package.bash'
[0.555s] INFO:colcon.colcon_core.shell:Creating package script '/media/david-linux-arm/linux/ros2_ws/install/easyrobot/share/easyrobot/package.zsh'
[0.555s] Level 1:colcon.colcon_core.environment:create_file_with_runtime_dependencies(/media/david-linux-arm/linux/ros2_ws/install/easyrobot/share/colcon-core/packages/easyrobot)
[0.555s] INFO:colcon.colcon_ros.task.ament_cmake.build:Building ROS package in '/media/david-linux-arm/linux/ros2_ws/EasyBot/EasyRobot/moveit_easyrobot' with build type 'ament_cmake'
[0.555s] INFO:colcon.colcon_cmake.task.cmake.build:Building CMake package in '/media/david-linux-arm/linux/ros2_ws/EasyBot/EasyRobot/moveit_easyrobot'
[0.555s] INFO:colcon.colcon_core.shell:Skip shell extension 'powershell' for command environment: Not usable outside of PowerShell
[0.555s] DEBUG:colcon.colcon_core.shell:Skip shell extension 'dsv' for command environment
[0.563s] DEBUG:colcon.colcon_core.event_handler.log_command:Invoking command in '/media/david-linux-arm/linux/ros2_ws/build/moveit_easyrobot': AMENT_PREFIX_PATH=/media/david-linux-arm/linux/ros2_ws/install/easyrobot:${AMENT_PREFIX_PATH} CMAKE_PREFIX_PATH=/media/david-linux-arm/linux/ros2_ws/install/easyrobot:/opt/ros/jazzy/opt/gz_sim_vendor:/opt/ros/jazzy/opt/gz_sensors_vendor:/opt/ros/jazzy/opt/gz_physics_vendor:/opt/ros/jazzy/opt/sdformat_vendor:/opt/ros/jazzy/opt/gz_gui_vendor:/opt/ros/jazzy/opt/gz_transport_vendor:/opt/ros/jazzy/opt/gz_rendering_vendor:/opt/ros/jazzy/opt/gz_plugin_vendor:/opt/ros/jazzy/opt/gz_fuel_tools_vendor:/opt/ros/jazzy/opt/gz_msgs_vendor:/opt/ros/jazzy/opt/gz_common_vendor:/opt/ros/jazzy/opt/gz_math_vendor:/opt/ros/jazzy/opt/gz_utils_vendor:/opt/ros/jazzy/opt/gz_tools_vendor:/opt/ros/jazzy/opt/gz_ogre_next_vendor:/opt/ros/jazzy/opt/gz_dartsim_vendor:/opt/ros/jazzy/opt/gz_cmake_vendor:/opt/ros/jazzy DEBUGINFOD_URLS=https://debuginfod.ubuntu.com /usr/bin/cmake /media/david-linux-arm/linux/ros2_ws/EasyBot/EasyRobot/moveit_easyrobot -DCMAKE_INSTALL_PREFIX=/media/david-linux-arm/linux/ros2_ws/install/moveit_easyrobot
[0.748s] DEBUG:colcon.colcon_core.event_handler.log_command:Invoked command in '/media/david-linux-arm/linux/ros2_ws/build/easyrobot_bringup' returned '0': CMAKE_PREFIX_PATH=${CMAKE_PREFIX_PATH}:/opt/ros/jazzy DEBUGINFOD_URLS=https://debuginfod.ubuntu.com /usr/bin/cmake /media/david-linux-arm/linux/ros2_ws/EasyBot/EasyRobot/easyrobot_bringup -DCMAKE_INSTALL_PREFIX=/media/david-linux-arm/linux/ros2_ws/install/easyrobot_bringup
[0.748s] DEBUG:colcon.colcon_core.event_handler.log_command:Invoking command in '/media/david-linux-arm/linux/ros2_ws/build/easyrobot_bringup': CMAKE_PREFIX_PATH=${CMAKE_PREFIX_PATH}:/opt/ros/jazzy DEBUGINFOD_URLS=https://debuginfod.ubuntu.com /usr/bin/cmake --build /media/david-linux-arm/linux/ros2_ws/build/easyrobot_bringup -- -j8 -l8
[0.793s] DEBUG:colcon.colcon_core.event_handler.log_command:Invoked command in '/media/david-linux-arm/linux/ros2_ws/build/easyrobot_bringup' returned '0': CMAKE_PREFIX_PATH=${CMAKE_PREFIX_PATH}:/opt/ros/jazzy DEBUGINFOD_URLS=https://debuginfod.ubuntu.com /usr/bin/cmake --build /media/david-linux-arm/linux/ros2_ws/build/easyrobot_bringup -- -j8 -l8
[0.794s] DEBUG:colcon.colcon_core.event_handler.log_command:Invoking command in '/media/david-linux-arm/linux/ros2_ws/build/easyrobot_bringup': CMAKE_PREFIX_PATH=${CMAKE_PREFIX_PATH}:/opt/ros/jazzy DEBUGINFOD_URLS=https://debuginfod.ubuntu.com /usr/bin/cmake --install /media/david-linux-arm/linux/ros2_ws/build/easyrobot_bringup
[0.807s] Level 1:colcon.colcon_core.environment:create_environment_scripts_only(easyrobot_bringup)
[0.807s] Level 1:colcon.colcon_core.environment:checking '/media/david-linux-arm/linux/ros2_ws/install/easyrobot_bringup' for CMake module files
[0.807s] DEBUG:colcon.colcon_core.event_handler.log_command:Invoked command in '/media/david-linux-arm/linux/ros2_ws/build/easyrobot_bringup' returned '0': CMAKE_PREFIX_PATH=${CMAKE_PREFIX_PATH}:/opt/ros/jazzy DEBUGINFOD_URLS=https://debuginfod.ubuntu.com /usr/bin/cmake --install /media/david-linux-arm/linux/ros2_ws/build/easyrobot_bringup
[0.807s] Level 1:colcon.colcon_core.environment:checking '/media/david-linux-arm/linux/ros2_ws/install/easyrobot_bringup' for CMake config files
[0.807s] Level 1:colcon.colcon_core.shell:create_environment_hook('easyrobot_bringup', 'cmake_prefix_path')
[0.807s] INFO:colcon.colcon_core.shell:Creating environment hook '/media/david-linux-arm/linux/ros2_ws/install/easyrobot_bringup/share/easyrobot_bringup/hook/cmake_prefix_path.ps1'
[0.808s] INFO:colcon.colcon_core.shell:Creating environment descriptor '/media/david-linux-arm/linux/ros2_ws/install/easyrobot_bringup/share/easyrobot_bringup/hook/cmake_prefix_path.dsv'
[0.808s] INFO:colcon.colcon_core.shell:Creating environment hook '/media/david-linux-arm/linux/ros2_ws/install/easyrobot_bringup/share/easyrobot_bringup/hook/cmake_prefix_path.sh'
[0.808s] Level 1:colcon.colcon_core.environment:checking '/media/david-linux-arm/linux/ros2_ws/install/easyrobot_bringup/bin'
[0.808s] Level 1:colcon.colcon_core.environment:checking '/media/david-linux-arm/linux/ros2_ws/install/easyrobot_bringup/lib/pkgconfig/easyrobot_bringup.pc'
[0.808s] Level 1:colcon.colcon_core.environment:checking '/media/david-linux-arm/linux/ros2_ws/install/easyrobot_bringup/lib/python3.12/site-packages'
[0.808s] Level 1:colcon.colcon_core.environment:checking '/media/david-linux-arm/linux/ros2_ws/install/easyrobot_bringup/bin'
[0.808s] INFO:colcon.colcon_core.shell:Creating package script '/media/david-linux-arm/linux/ros2_ws/install/easyrobot_bringup/share/easyrobot_bringup/package.ps1'
[0.808s] INFO:colcon.colcon_core.shell:Creating package descriptor '/media/david-linux-arm/linux/ros2_ws/install/easyrobot_bringup/share/easyrobot_bringup/package.dsv'
[0.808s] INFO:colcon.colcon_core.shell:Creating package script '/media/david-linux-arm/linux/ros2_ws/install/easyrobot_bringup/share/easyrobot_bringup/package.sh'
[0.809s] INFO:colcon.colcon_core.shell:Creating package script '/media/david-linux-arm/linux/ros2_ws/install/easyrobot_bringup/share/easyrobot_bringup/package.bash'
[0.809s] INFO:colcon.colcon_core.shell:Creating package script '/media/david-linux-arm/linux/ros2_ws/install/easyrobot_bringup/share/easyrobot_bringup/package.zsh'
[0.809s] Level 1:colcon.colcon_core.environment:create_file_with_runtime_dependencies(/media/david-linux-arm/linux/ros2_ws/install/easyrobot_bringup/share/colcon-core/packages/easyrobot_bringup)
[0.809s] Level 1:colcon.colcon_core.environment:create_environment_scripts_only(easyrobot_bringup)
[0.809s] Level 1:colcon.colcon_core.environment:checking '/media/david-linux-arm/linux/ros2_ws/install/easyrobot_bringup' for CMake module files
[0.809s] Level 1:colcon.colcon_core.environment:checking '/media/david-linux-arm/linux/ros2_ws/install/easyrobot_bringup' for CMake config files
[0.809s] Level 1:colcon.colcon_core.shell:create_environment_hook('easyrobot_bringup', 'cmake_prefix_path')
[0.809s] INFO:colcon.colcon_core.shell:Creating environment hook '/media/david-linux-arm/linux/ros2_ws/install/easyrobot_bringup/share/easyrobot_bringup/hook/cmake_prefix_path.ps1'
[0.810s] INFO:colcon.colcon_core.shell:Creating environment descriptor '/media/david-linux-arm/linux/ros2_ws/install/easyrobot_bringup/share/easyrobot_bringup/hook/cmake_prefix_path.dsv'
[0.810s] INFO:colcon.colcon_core.shell:Creating environment hook '/media/david-linux-arm/linux/ros2_ws/install/easyrobot_bringup/share/easyrobot_bringup/hook/cmake_prefix_path.sh'
[0.810s] Level 1:colcon.colcon_core.environment:checking '/media/david-linux-arm/linux/ros2_ws/install/easyrobot_bringup/bin'
[0.810s] Level 1:colcon.colcon_core.environment:checking '/media/david-linux-arm/linux/ros2_ws/install/easyrobot_bringup/lib/pkgconfig/easyrobot_bringup.pc'
[0.810s] Level 1:colcon.colcon_core.environment:checking '/media/david-linux-arm/linux/ros2_ws/install/easyrobot_bringup/lib/python3.12/site-packages'
[0.810s] Level 1:colcon.colcon_core.environment:checking '/media/david-linux-arm/linux/ros2_ws/install/easyrobot_bringup/bin'
[0.810s] INFO:colcon.colcon_core.shell:Creating package script '/media/david-linux-arm/linux/ros2_ws/install/easyrobot_bringup/share/easyrobot_bringup/package.ps1'
[0.810s] INFO:colcon.colcon_core.shell:Creating package descriptor '/media/david-linux-arm/linux/ros2_ws/install/easyrobot_bringup/share/easyrobot_bringup/package.dsv'
[0.810s] INFO:colcon.colcon_core.shell:Creating package script '/media/david-linux-arm/linux/ros2_ws/install/easyrobot_bringup/share/easyrobot_bringup/package.sh'
[0.811s] INFO:colcon.colcon_core.shell:Creating package script '/media/david-linux-arm/linux/ros2_ws/install/easyrobot_bringup/share/easyrobot_bringup/package.bash'
[0.811s] INFO:colcon.colcon_core.shell:Creating package script '/media/david-linux-arm/linux/ros2_ws/install/easyrobot_bringup/share/easyrobot_bringup/package.zsh'
[0.811s] Level 1:colcon.colcon_core.environment:create_file_with_runtime_dependencies(/media/david-linux-arm/linux/ros2_ws/install/easyrobot_bringup/share/colcon-core/packages/easyrobot_bringup)
[1.223s] DEBUG:colcon.colcon_core.event_handler.log_command:Invoked command in '/media/david-linux-arm/linux/ros2_ws/build/moveit_easyrobot' returned '0': AMENT_PREFIX_PATH=/media/david-linux-arm/linux/ros2_ws/install/easyrobot:${AMENT_PREFIX_PATH} CMAKE_PREFIX_PATH=/media/david-linux-arm/linux/ros2_ws/install/easyrobot:/opt/ros/jazzy/opt/gz_sim_vendor:/opt/ros/jazzy/opt/gz_sensors_vendor:/opt/ros/jazzy/opt/gz_physics_vendor:/opt/ros/jazzy/opt/sdformat_vendor:/opt/ros/jazzy/opt/gz_gui_vendor:/opt/ros/jazzy/opt/gz_transport_vendor:/opt/ros/jazzy/opt/gz_rendering_vendor:/opt/ros/jazzy/opt/gz_plugin_vendor:/opt/ros/jazzy/opt/gz_fuel_tools_vendor:/opt/ros/jazzy/opt/gz_msgs_vendor:/opt/ros/jazzy/opt/gz_common_vendor:/opt/ros/jazzy/opt/gz_math_vendor:/opt/ros/jazzy/opt/gz_utils_vendor:/opt/ros/jazzy/opt/gz_tools_vendor:/opt/ros/jazzy/opt/gz_ogre_next_vendor:/opt/ros/jazzy/opt/gz_dartsim_vendor:/opt/ros/jazzy/opt/gz_cmake_vendor:/opt/ros/jazzy DEBUGINFOD_URLS=https://debuginfod.ubuntu.com /usr/bin/cmake /media/david-linux-arm/linux/ros2_ws/EasyBot/EasyRobot/moveit_easyrobot -DCMAKE_INSTALL_PREFIX=/media/david-linux-arm/linux/ros2_ws/install/moveit_easyrobot
[1.223s] DEBUG:colcon.colcon_core.event_handler.log_command:Invoking command in '/media/david-linux-arm/linux/ros2_ws/build/moveit_easyrobot': AMENT_PREFIX_PATH=/media/david-linux-arm/linux/ros2_ws/install/easyrobot:${AMENT_PREFIX_PATH} CMAKE_PREFIX_PATH=/media/david-linux-arm/linux/ros2_ws/install/easyrobot:/opt/ros/jazzy/opt/gz_sim_vendor:/opt/ros/jazzy/opt/gz_sensors_vendor:/opt/ros/jazzy/opt/gz_physics_vendor:/opt/ros/jazzy/opt/sdformat_vendor:/opt/ros/jazzy/opt/gz_gui_vendor:/opt/ros/jazzy/opt/gz_transport_vendor:/opt/ros/jazzy/opt/gz_rendering_vendor:/opt/ros/jazzy/opt/gz_plugin_vendor:/opt/ros/jazzy/opt/gz_fuel_tools_vendor:/opt/ros/jazzy/opt/gz_msgs_vendor:/opt/ros/jazzy/opt/gz_common_vendor:/opt/ros/jazzy/opt/gz_math_vendor:/opt/ros/jazzy/opt/gz_utils_vendor:/opt/ros/jazzy/opt/gz_tools_vendor:/opt/ros/jazzy/opt/gz_ogre_next_vendor:/opt/ros/jazzy/opt/gz_dartsim_vendor:/opt/ros/jazzy/opt/gz_cmake_vendor:/opt/ros/jazzy DEBUGINFOD_URLS=https://debuginfod.ubuntu.com /usr/bin/cmake --build /media/david-linux-arm/linux/ros2_ws/build/moveit_easyrobot -- -j8 -l8
[1.272s] DEBUG:colcon.colcon_core.event_handler.log_command:Invoked command in '/media/david-linux-arm/linux/ros2_ws/build/moveit_easyrobot' returned '0': AMENT_PREFIX_PATH=/media/david-linux-arm/linux/ros2_ws/install/easyrobot:${AMENT_PREFIX_PATH} CMAKE_PREFIX_PATH=/media/david-linux-arm/linux/ros2_ws/install/easyrobot:/opt/ros/jazzy/opt/gz_sim_vendor:/opt/ros/jazzy/opt/gz_sensors_vendor:/opt/ros/jazzy/opt/gz_physics_vendor:/opt/ros/jazzy/opt/sdformat_vendor:/opt/ros/jazzy/opt/gz_gui_vendor:/opt/ros/jazzy/opt/gz_transport_vendor:/opt/ros/jazzy/opt/gz_rendering_vendor:/opt/ros/jazzy/opt/gz_plugin_vendor:/opt/ros/jazzy/opt/gz_fuel_tools_vendor:/opt/ros/jazzy/opt/gz_msgs_vendor:/opt/ros/jazzy/opt/gz_common_vendor:/opt/ros/jazzy/opt/gz_math_vendor:/opt/ros/jazzy/opt/gz_utils_vendor:/opt/ros/jazzy/opt/gz_tools_vendor:/opt/ros/jazzy/opt/gz_ogre_next_vendor:/opt/ros/jazzy/opt/gz_dartsim_vendor:/opt/ros/jazzy/opt/gz_cmake_vendor:/opt/ros/jazzy DEBUGINFOD_URLS=https://debuginfod.ubuntu.com /usr/bin/cmake --build /media/david-linux-arm/linux/ros2_ws/build/moveit_easyrobot -- -j8 -l8
[1.273s] DEBUG:colcon.colcon_core.event_handler.log_command:Invoking command in '/media/david-linux-arm/linux/ros2_ws/build/moveit_easyrobot': AMENT_PREFIX_PATH=/media/david-linux-arm/linux/ros2_ws/install/easyrobot:${AMENT_PREFIX_PATH} CMAKE_PREFIX_PATH=/media/david-linux-arm/linux/ros2_ws/install/easyrobot:/opt/ros/jazzy/opt/gz_sim_vendor:/opt/ros/jazzy/opt/gz_sensors_vendor:/opt/ros/jazzy/opt/gz_physics_vendor:/opt/ros/jazzy/opt/sdformat_vendor:/opt/ros/jazzy/opt/gz_gui_vendor:/opt/ros/jazzy/opt/gz_transport_vendor:/opt/ros/jazzy/opt/gz_rendering_vendor:/opt/ros/jazzy/opt/gz_plugin_vendor:/opt/ros/jazzy/opt/gz_fuel_tools_vendor:/opt/ros/jazzy/opt/gz_msgs_vendor:/opt/ros/jazzy/opt/gz_common_vendor:/opt/ros/jazzy/opt/gz_math_vendor:/opt/ros/jazzy/opt/gz_utils_vendor:/opt/ros/jazzy/opt/gz_tools_vendor:/opt/ros/jazzy/opt/gz_ogre_next_vendor:/opt/ros/jazzy/opt/gz_dartsim_vendor:/opt/ros/jazzy/opt/gz_cmake_vendor:/opt/ros/jazzy DEBUGINFOD_URLS=https://debuginfod.ubuntu.com /usr/bin/cmake --install /media/david-linux-arm/linux/ros2_ws/build/moveit_easyrobot
[1.289s] Level 1:colcon.colcon_core.environment:create_environment_scripts_only(moveit_easyrobot)
[1.289s] DEBUG:colcon.colcon_core.event_handler.log_command:Invoked command in '/media/david-linux-arm/linux/ros2_ws/build/moveit_easyrobot' returned '0': AMENT_PREFIX_PATH=/media/david-linux-arm/linux/ros2_ws/install/easyrobot:${AMENT_PREFIX_PATH} CMAKE_PREFIX_PATH=/media/david-linux-arm/linux/ros2_ws/install/easyrobot:/opt/ros/jazzy/opt/gz_sim_vendor:/opt/ros/jazzy/opt/gz_sensors_vendor:/opt/ros/jazzy/opt/gz_physics_vendor:/opt/ros/jazzy/opt/sdformat_vendor:/opt/ros/jazzy/opt/gz_gui_vendor:/opt/ros/jazzy/opt/gz_transport_vendor:/opt/ros/jazzy/opt/gz_rendering_vendor:/opt/ros/jazzy/opt/gz_plugin_vendor:/opt/ros/jazzy/opt/gz_fuel_tools_vendor:/opt/ros/jazzy/opt/gz_msgs_vendor:/opt/ros/jazzy/opt/gz_common_vendor:/opt/ros/jazzy/opt/gz_math_vendor:/opt/ros/jazzy/opt/gz_utils_vendor:/opt/ros/jazzy/opt/gz_tools_vendor:/opt/ros/jazzy/opt/gz_ogre_next_vendor:/opt/ros/jazzy/opt/gz_dartsim_vendor:/opt/ros/jazzy/opt/gz_cmake_vendor:/opt/ros/jazzy DEBUGINFOD_URLS=https://debuginfod.ubuntu.com /usr/bin/cmake --install /media/david-linux-arm/linux/ros2_ws/build/moveit_easyrobot
[1.289s] Level 1:colcon.colcon_core.environment:checking '/media/david-linux-arm/linux/ros2_ws/install/moveit_easyrobot' for CMake module files
[1.290s] Level 1:colcon.colcon_core.environment:checking '/media/david-linux-arm/linux/ros2_ws/install/moveit_easyrobot' for CMake config files
[1.290s] Level 1:colcon.colcon_core.shell:create_environment_hook('moveit_easyrobot', 'cmake_prefix_path')
[1.290s] INFO:colcon.colcon_core.shell:Creating environment hook '/media/david-linux-arm/linux/ros2_ws/install/moveit_easyrobot/share/moveit_easyrobot/hook/cmake_prefix_path.ps1'
[1.290s] INFO:colcon.colcon_core.shell:Creating environment descriptor '/media/david-linux-arm/linux/ros2_ws/install/moveit_easyrobot/share/moveit_easyrobot/hook/cmake_prefix_path.dsv'
[1.291s] INFO:colcon.colcon_core.shell:Creating environment hook '/media/david-linux-arm/linux/ros2_ws/install/moveit_easyrobot/share/moveit_easyrobot/hook/cmake_prefix_path.sh'
[1.291s] Level 1:colcon.colcon_core.environment:checking '/media/david-linux-arm/linux/ros2_ws/install/moveit_easyrobot/bin'
[1.291s] Level 1:colcon.colcon_core.environment:checking '/media/david-linux-arm/linux/ros2_ws/install/moveit_easyrobot/lib/pkgconfig/moveit_easyrobot.pc'
[1.291s] Level 1:colcon.colcon_core.environment:checking '/media/david-linux-arm/linux/ros2_ws/install/moveit_easyrobot/lib/python3.12/site-packages'
[1.291s] Level 1:colcon.colcon_core.environment:checking '/media/david-linux-arm/linux/ros2_ws/install/moveit_easyrobot/bin'
[1.292s] INFO:colcon.colcon_core.shell:Creating package script '/media/david-linux-arm/linux/ros2_ws/install/moveit_easyrobot/share/moveit_easyrobot/package.ps1'
[1.292s] INFO:colcon.colcon_core.shell:Creating package descriptor '/media/david-linux-arm/linux/ros2_ws/install/moveit_easyrobot/share/moveit_easyrobot/package.dsv'
[1.292s] INFO:colcon.colcon_core.shell:Creating package script '/media/david-linux-arm/linux/ros2_ws/install/moveit_easyrobot/share/moveit_easyrobot/package.sh'
[1.292s] INFO:colcon.colcon_core.shell:Creating package script '/media/david-linux-arm/linux/ros2_ws/install/moveit_easyrobot/share/moveit_easyrobot/package.bash'
[1.293s] INFO:colcon.colcon_core.shell:Creating package script '/media/david-linux-arm/linux/ros2_ws/install/moveit_easyrobot/share/moveit_easyrobot/package.zsh'
[1.293s] Level 1:colcon.colcon_core.environment:create_file_with_runtime_dependencies(/media/david-linux-arm/linux/ros2_ws/install/moveit_easyrobot/share/colcon-core/packages/moveit_easyrobot)
[1.293s] Level 1:colcon.colcon_core.environment:create_environment_scripts_only(moveit_easyrobot)
[1.293s] Level 1:colcon.colcon_core.environment:checking '/media/david-linux-arm/linux/ros2_ws/install/moveit_easyrobot' for CMake module files
[1.293s] Level 1:colcon.colcon_core.environment:checking '/media/david-linux-arm/linux/ros2_ws/install/moveit_easyrobot' for CMake config files
[1.293s] Level 1:colcon.colcon_core.shell:create_environment_hook('moveit_easyrobot', 'cmake_prefix_path')
[1.293s] INFO:colcon.colcon_core.shell:Creating environment hook '/media/david-linux-arm/linux/ros2_ws/install/moveit_easyrobot/share/moveit_easyrobot/hook/cmake_prefix_path.ps1'
[1.294s] INFO:colcon.colcon_core.shell:Creating environment descriptor '/media/david-linux-arm/linux/ros2_ws/install/moveit_easyrobot/share/moveit_easyrobot/hook/cmake_prefix_path.dsv'
[1.294s] INFO:colcon.colcon_core.shell:Creating environment hook '/media/david-linux-arm/linux/ros2_ws/install/moveit_easyrobot/share/moveit_easyrobot/hook/cmake_prefix_path.sh'
[1.294s] Level 1:colcon.colcon_core.environment:checking '/media/david-linux-arm/linux/ros2_ws/install/moveit_easyrobot/bin'
[1.294s] Level 1:colcon.colcon_core.environment:checking '/media/david-linux-arm/linux/ros2_ws/install/moveit_easyrobot/lib/pkgconfig/moveit_easyrobot.pc'
[1.294s] Level 1:colcon.colcon_core.environment:checking '/media/david-linux-arm/linux/ros2_ws/install/moveit_easyrobot/lib/python3.12/site-packages'
[1.294s] Level 1:colcon.colcon_core.environment:checking '/media/david-linux-arm/linux/ros2_ws/install/moveit_easyrobot/bin'
[1.294s] INFO:colcon.colcon_core.shell:Creating package script '/media/david-linux-arm/linux/ros2_ws/install/moveit_easyrobot/share/moveit_easyrobot/package.ps1'
[1.294s] INFO:colcon.colcon_core.shell:Creating package descriptor '/media/david-linux-arm/linux/ros2_ws/install/moveit_easyrobot/share/moveit_easyrobot/package.dsv'
[1.295s] INFO:colcon.colcon_core.shell:Creating package script '/media/david-linux-arm/linux/ros2_ws/install/moveit_easyrobot/share/moveit_easyrobot/package.sh'
[1.295s] INFO:colcon.colcon_core.shell:Creating package script '/media/david-linux-arm/linux/ros2_ws/install/moveit_easyrobot/share/moveit_easyrobot/package.bash'
[1.295s] INFO:colcon.colcon_core.shell:Creating package script '/media/david-linux-arm/linux/ros2_ws/install/moveit_easyrobot/share/moveit_easyrobot/package.zsh'
[1.295s] Level 1:colcon.colcon_core.environment:create_file_with_runtime_dependencies(/media/david-linux-arm/linux/ros2_ws/install/moveit_easyrobot/share/colcon-core/packages/moveit_easyrobot)
[1.295s] DEBUG:colcon.colcon_parallel_executor.executor.parallel:closing loop
[1.295s] DEBUG:colcon.colcon_parallel_executor.executor.parallel:loop closed
[1.295s] DEBUG:colcon.colcon_parallel_executor.executor.parallel:run_until_complete finished with '0'
[1.295s] DEBUG:colcon.colcon_core.event_reactor:joining thread
[1.298s] INFO:colcon.colcon_core.plugin_system:Skipping extension 'colcon_notification.desktop_notification.terminal_notifier': Not used on non-Darwin systems
[1.298s] INFO:colcon.colcon_core.plugin_system:Skipping extension 'colcon_notification.desktop_notification.win32': Not used on non-Windows systems
[1.298s] INFO:colcon.colcon_notification.desktop_notification:Sending desktop notification using 'notify2'
[1.305s] DEBUG:colcon.colcon_core.event_reactor:joined thread
[1.306s] INFO:colcon.colcon_core.shell:Creating prefix script '/media/david-linux-arm/linux/ros2_ws/install/local_setup.ps1'
[1.306s] INFO:colcon.colcon_core.shell:Creating prefix util module '/media/david-linux-arm/linux/ros2_ws/install/_local_setup_util_ps1.py'
[1.307s] INFO:colcon.colcon_core.shell:Creating prefix chain script '/media/david-linux-arm/linux/ros2_ws/install/setup.ps1'
[1.307s] INFO:colcon.colcon_core.shell:Creating prefix script '/media/david-linux-arm/linux/ros2_ws/install/local_setup.sh'
[1.307s] INFO:colcon.colcon_core.shell:Creating prefix util module '/media/david-linux-arm/linux/ros2_ws/install/_local_setup_util_sh.py'
[1.308s] INFO:colcon.colcon_core.shell:Creating prefix chain script '/media/david-linux-arm/linux/ros2_ws/install/setup.sh'
[1.308s] INFO:colcon.colcon_core.shell:Creating prefix script '/media/david-linux-arm/linux/ros2_ws/install/local_setup.bash'
[1.308s] INFO:colcon.colcon_core.shell:Creating prefix chain script '/media/david-linux-arm/linux/ros2_ws/install/setup.bash'
[1.309s] INFO:colcon.colcon_core.shell:Creating prefix script '/media/david-linux-arm/linux/ros2_ws/install/local_setup.zsh'
[1.309s] INFO:colcon.colcon_core.shell:Creating prefix chain script '/media/david-linux-arm/linux/ros2_ws/install/setup.zsh'
